mode: set
github.com/extmatperez/meli_bootcamp_go_w2-3/internal/buyer/repository.go:27.43,31.2 1 1
github.com/extmatperez/meli_bootcamp_go_w2-3/internal/buyer/repository.go:33.94,38.16 5 1
github.com/extmatperez/meli_bootcamp_go_w2-3/internal/buyer/repository.go:38.16,40.3 1 1
github.com/extmatperez/meli_bootcamp_go_w2-3/internal/buyer/repository.go:42.2,42.15 1 1
github.com/extmatperez/meli_bootcamp_go_w2-3/internal/buyer/repository.go:45.89,48.16 3 1
github.com/extmatperez/meli_bootcamp_go_w2-3/internal/buyer/repository.go:48.16,50.3 1 0
github.com/extmatperez/meli_bootcamp_go_w2-3/internal/buyer/repository.go:52.2,54.18 2 1
github.com/extmatperez/meli_bootcamp_go_w2-3/internal/buyer/repository.go:54.18,58.3 3 1
github.com/extmatperez/meli_bootcamp_go_w2-3/internal/buyer/repository.go:60.2,60.20 1 1
github.com/extmatperez/meli_bootcamp_go_w2-3/internal/buyer/repository.go:63.70,67.16 4 1
github.com/extmatperez/meli_bootcamp_go_w2-3/internal/buyer/repository.go:67.16,69.3 1 0
github.com/extmatperez/meli_bootcamp_go_w2-3/internal/buyer/repository.go:71.2,71.18 1 1
github.com/extmatperez/meli_bootcamp_go_w2-3/internal/buyer/repository.go:74.74,77.16 3 1
github.com/extmatperez/meli_bootcamp_go_w2-3/internal/buyer/repository.go:77.16,79.3 1 0
github.com/extmatperez/meli_bootcamp_go_w2-3/internal/buyer/repository.go:81.2,83.18 2 1
github.com/extmatperez/meli_bootcamp_go_w2-3/internal/buyer/repository.go:83.18,87.3 3 1
github.com/extmatperez/meli_bootcamp_go_w2-3/internal/buyer/repository.go:89.2,89.20 1 1
github.com/extmatperez/meli_bootcamp_go_w2-3/internal/buyer/repository.go:92.77,97.16 5 1
github.com/extmatperez/meli_bootcamp_go_w2-3/internal/buyer/repository.go:97.16,99.3 1 1
github.com/extmatperez/meli_bootcamp_go_w2-3/internal/buyer/repository.go:101.2,101.15 1 1
github.com/extmatperez/meli_bootcamp_go_w2-3/internal/buyer/repository.go:104.81,109.2 4 1
github.com/extmatperez/meli_bootcamp_go_w2-3/internal/buyer/repository.go:111.77,114.16 3 1
github.com/extmatperez/meli_bootcamp_go_w2-3/internal/buyer/repository.go:114.16,116.3 1 0
github.com/extmatperez/meli_bootcamp_go_w2-3/internal/buyer/repository.go:118.2,119.16 2 1
github.com/extmatperez/meli_bootcamp_go_w2-3/internal/buyer/repository.go:119.16,121.3 1 0
github.com/extmatperez/meli_bootcamp_go_w2-3/internal/buyer/repository.go:123.2,124.16 2 1
github.com/extmatperez/meli_bootcamp_go_w2-3/internal/buyer/repository.go:124.16,126.3 1 0
github.com/extmatperez/meli_bootcamp_go_w2-3/internal/buyer/repository.go:128.2,128.21 1 1
github.com/extmatperez/meli_bootcamp_go_w2-3/internal/buyer/repository.go:131.72,134.16 3 1
github.com/extmatperez/meli_bootcamp_go_w2-3/internal/buyer/repository.go:134.16,136.3 1 0
github.com/extmatperez/meli_bootcamp_go_w2-3/internal/buyer/repository.go:138.2,139.16 2 1
github.com/extmatperez/meli_bootcamp_go_w2-3/internal/buyer/repository.go:139.16,141.3 1 0
github.com/extmatperez/meli_bootcamp_go_w2-3/internal/buyer/repository.go:143.2,144.16 2 1
github.com/extmatperez/meli_bootcamp_go_w2-3/internal/buyer/repository.go:144.16,146.3 1 0
github.com/extmatperez/meli_bootcamp_go_w2-3/internal/buyer/repository.go:148.2,148.12 1 1
github.com/extmatperez/meli_bootcamp_go_w2-3/internal/buyer/repository.go:151.64,154.16 3 1
github.com/extmatperez/meli_bootcamp_go_w2-3/internal/buyer/repository.go:154.16,156.3 1 0
github.com/extmatperez/meli_bootcamp_go_w2-3/internal/buyer/repository.go:158.2,159.16 2 1
github.com/extmatperez/meli_bootcamp_go_w2-3/internal/buyer/repository.go:159.16,161.3 1 0
github.com/extmatperez/meli_bootcamp_go_w2-3/internal/buyer/repository.go:163.2,164.16 2 1
github.com/extmatperez/meli_bootcamp_go_w2-3/internal/buyer/repository.go:164.16,166.3 1 0
github.com/extmatperez/meli_bootcamp_go_w2-3/internal/buyer/repository.go:168.2,168.16 1 1
github.com/extmatperez/meli_bootcamp_go_w2-3/internal/buyer/repository.go:168.16,170.3 1 1
github.com/extmatperez/meli_bootcamp_go_w2-3/internal/buyer/repository.go:172.2,172.12 1 1
github.com/extmatperez/meli_bootcamp_go_w2-3/internal/buyer/service.go:33.39,37.2 1 1
github.com/extmatperez/meli_bootcamp_go_w2-3/internal/buyer/service.go:39.96,41.16 2 1
github.com/extmatperez/meli_bootcamp_go_w2-3/internal/buyer/service.go:41.16,43.3 1 1
github.com/extmatperez/meli_bootcamp_go_w2-3/internal/buyer/service.go:44.2,44.25 1 1
github.com/extmatperez/meli_bootcamp_go_w2-3/internal/buyer/service.go:47.91,49.16 2 1
github.com/extmatperez/meli_bootcamp_go_w2-3/internal/buyer/service.go:49.16,51.3 1 1
github.com/extmatperez/meli_bootcamp_go_w2-3/internal/buyer/service.go:52.2,52.26 1 1
github.com/extmatperez/meli_bootcamp_go_w2-3/internal/buyer/service.go:55.68,58.18 2 1
github.com/extmatperez/meli_bootcamp_go_w2-3/internal/buyer/service.go:58.18,60.3 1 1
github.com/extmatperez/meli_bootcamp_go_w2-3/internal/buyer/service.go:62.2,62.12 1 1
github.com/extmatperez/meli_bootcamp_go_w2-3/internal/buyer/service.go:65.76,67.16 2 1
github.com/extmatperez/meli_bootcamp_go_w2-3/internal/buyer/service.go:67.16,69.3 1 1
github.com/extmatperez/meli_bootcamp_go_w2-3/internal/buyer/service.go:70.2,70.20 1 1
github.com/extmatperez/meli_bootcamp_go_w2-3/internal/buyer/service.go:73.79,75.16 2 1
github.com/extmatperez/meli_bootcamp_go_w2-3/internal/buyer/service.go:75.16,77.3 1 1
github.com/extmatperez/meli_bootcamp_go_w2-3/internal/buyer/service.go:78.2,78.19 1 1
github.com/extmatperez/meli_bootcamp_go_w2-3/internal/buyer/service.go:81.90,83.15 2 1
github.com/extmatperez/meli_bootcamp_go_w2-3/internal/buyer/service.go:83.15,85.3 1 1
github.com/extmatperez/meli_bootcamp_go_w2-3/internal/buyer/service.go:86.2,88.15 3 1
github.com/extmatperez/meli_bootcamp_go_w2-3/internal/buyer/service.go:91.98,93.16 2 1
github.com/extmatperez/meli_bootcamp_go_w2-3/internal/buyer/service.go:93.16,95.3 1 1
github.com/extmatperez/meli_bootcamp_go_w2-3/internal/buyer/service.go:96.2,96.23 1 1
github.com/extmatperez/meli_bootcamp_go_w2-3/internal/buyer/service.go:96.23,98.3 1 1
github.com/extmatperez/meli_bootcamp_go_w2-3/internal/buyer/service.go:99.2,99.22 1 1
github.com/extmatperez/meli_bootcamp_go_w2-3/internal/buyer/service.go:99.22,101.3 1 1
github.com/extmatperez/meli_bootcamp_go_w2-3/internal/buyer/service.go:102.2,103.16 2 1
github.com/extmatperez/meli_bootcamp_go_w2-3/internal/buyer/service.go:103.16,105.3 1 1
github.com/extmatperez/meli_bootcamp_go_w2-3/internal/buyer/service.go:107.2,107.19 1 1
github.com/extmatperez/meli_bootcamp_go_w2-3/internal/buyer/service.go:111.66,114.2 2 1
github.com/extmatperez/meli_bootcamp_go_w2-3/internal/domain/product_batch.go:28.41,30.16 2 0
github.com/extmatperez/meli_bootcamp_go_w2-3/internal/domain/product_batch.go:30.16,32.3 1 0
github.com/extmatperez/meli_bootcamp_go_w2-3/internal/domain/product_batch.go:33.2,34.16 2 0
github.com/extmatperez/meli_bootcamp_go_w2-3/internal/domain/product_batch.go:34.16,36.3 1 0
github.com/extmatperez/meli_bootcamp_go_w2-3/internal/domain/product_batch.go:37.2,37.12 1 0
github.com/extmatperez/meli_bootcamp_go_w2-3/internal/purchase_orders/repository.go:20.43,24.2 1 1
github.com/extmatperez/meli_bootcamp_go_w2-3/internal/purchase_orders/repository.go:26.80,30.2 3 0
github.com/extmatperez/meli_bootcamp_go_w2-3/internal/purchase_orders/repository.go:32.79,35.16 3 1
github.com/extmatperez/meli_bootcamp_go_w2-3/internal/purchase_orders/repository.go:35.16,37.3 1 0
github.com/extmatperez/meli_bootcamp_go_w2-3/internal/purchase_orders/repository.go:38.2,41.16 3 1
github.com/extmatperez/meli_bootcamp_go_w2-3/internal/purchase_orders/repository.go:41.16,43.3 1 0
github.com/extmatperez/meli_bootcamp_go_w2-3/internal/purchase_orders/repository.go:45.2,46.16 2 1
github.com/extmatperez/meli_bootcamp_go_w2-3/internal/purchase_orders/repository.go:46.16,48.3 1 0
github.com/extmatperez/meli_bootcamp_go_w2-3/internal/purchase_orders/repository.go:50.2,52.12 2 1
github.com/extmatperez/meli_bootcamp_go_w2-3/internal/purchase_orders/service.go:26.39,30.2 1 0
github.com/extmatperez/meli_bootcamp_go_w2-3/internal/purchase_orders/service.go:32.117,34.17 2 0
github.com/extmatperez/meli_bootcamp_go_w2-3/internal/purchase_orders/service.go:34.17,36.3 1 0
github.com/extmatperez/meli_bootcamp_go_w2-3/internal/purchase_orders/service.go:36.8,39.3 2 0
github.com/extmatperez/meli_bootcamp_go_w2-3/tests/buyer/buyer_mock.go:18.80,21.2 2 0
github.com/extmatperez/meli_bootcamp_go_w2-3/tests/buyer/buyer_mock.go:23.83,26.2 2 0
github.com/extmatperez/meli_bootcamp_go_w2-3/tests/buyer/buyer_mock.go:28.102,31.2 2 0
github.com/extmatperez/meli_bootcamp_go_w2-3/tests/buyer/buyer_mock.go:33.70,36.2 2 0
github.com/extmatperez/meli_bootcamp_go_w2-3/tests/buyer/buyer_mock.go:38.94,41.2 2 0
github.com/extmatperez/meli_bootcamp_go_w2-3/tests/buyer/buyer_mock.go:43.77,46.2 2 0
github.com/extmatperez/meli_bootcamp_go_w2-3/tests/buyer/buyer_mock.go:48.100,51.2 2 0
github.com/extmatperez/meli_bootcamp_go_w2-3/tests/buyer/buyer_mock.go:53.95,56.2 2 0
github.com/extmatperez/meli_bootcamp_go_w2-3/tests/buyer/buyer_mock.go:58.83,61.2 2 1
github.com/extmatperez/meli_bootcamp_go_w2-3/tests/buyer/buyer_mock.go:63.98,66.2 2 1
github.com/extmatperez/meli_bootcamp_go_w2-3/tests/buyer/buyer_mock.go:68.86,71.2 2 1
github.com/extmatperez/meli_bootcamp_go_w2-3/tests/buyer/buyer_mock.go:73.103,76.2 2 1
github.com/extmatperez/meli_bootcamp_go_w2-3/tests/buyer/buyer_mock.go:78.81,81.2 2 1
github.com/extmatperez/meli_bootcamp_go_w2-3/tests/buyer/buyer_mock.go:83.73,86.2 2 1
github.com/extmatperez/meli_bootcamp_go_w2-3/tests/buyer/buyer_mock.go:88.88,91.2 2 1
github.com/extmatperez/meli_bootcamp_go_w2-3/tests/buyer/buyer_mock.go:93.79,96.2 2 1
github.com/extmatperez/meli_bootcamp_go_w2-3/tests/buyer/buyer_mock.go:98.86,101.2 2 1
github.com/extmatperez/meli_bootcamp_go_w2-3/internal/carry/repository.go:24.43,28.2 1 1
github.com/extmatperez/meli_bootcamp_go_w2-3/internal/carry/repository.go:43.79,45.16 2 1
github.com/extmatperez/meli_bootcamp_go_w2-3/internal/carry/repository.go:45.16,47.3 1 1
github.com/extmatperez/meli_bootcamp_go_w2-3/internal/carry/repository.go:49.2,50.16 2 1
github.com/extmatperez/meli_bootcamp_go_w2-3/internal/carry/repository.go:50.16,52.3 1 0
github.com/extmatperez/meli_bootcamp_go_w2-3/internal/carry/repository.go:54.2,55.16 2 1
github.com/extmatperez/meli_bootcamp_go_w2-3/internal/carry/repository.go:55.16,57.3 1 0
github.com/extmatperez/meli_bootcamp_go_w2-3/internal/carry/repository.go:59.2,59.21 1 1
github.com/extmatperez/meli_bootcamp_go_w2-3/internal/carry/repository.go:62.77,67.16 4 1
github.com/extmatperez/meli_bootcamp_go_w2-3/internal/carry/repository.go:67.16,68.50 1 1
github.com/extmatperez/meli_bootcamp_go_w2-3/internal/carry/repository.go:68.50,70.4 1 1
github.com/extmatperez/meli_bootcamp_go_w2-3/internal/carry/repository.go:71.3,71.29 1 1
github.com/extmatperez/meli_bootcamp_go_w2-3/internal/carry/repository.go:74.2,74.15 1 1
github.com/extmatperez/meli_bootcamp_go_w2-3/internal/carry/repository.go:77.77,82.2 3 1
github.com/extmatperez/meli_bootcamp_go_w2-3/internal/carry/repository.go:84.100,86.16 2 1
github.com/extmatperez/meli_bootcamp_go_w2-3/internal/carry/repository.go:86.16,88.3 1 1
github.com/extmatperez/meli_bootcamp_go_w2-3/internal/carry/repository.go:89.2,93.18 3 1
github.com/extmatperez/meli_bootcamp_go_w2-3/internal/carry/repository.go:93.18,98.17 5 1
github.com/extmatperez/meli_bootcamp_go_w2-3/internal/carry/repository.go:98.17,100.4 1 0
github.com/extmatperez/meli_bootcamp_go_w2-3/internal/carry/repository.go:102.3,107.42 2 1
github.com/extmatperez/meli_bootcamp_go_w2-3/internal/carry/repository.go:109.2,109.20 1 1
github.com/extmatperez/meli_bootcamp_go_w2-3/internal/carry/repository.go:112.125,117.16 4 1
github.com/extmatperez/meli_bootcamp_go_w2-3/internal/carry/repository.go:117.16,118.50 1 1
github.com/extmatperez/meli_bootcamp_go_w2-3/internal/carry/repository.go:118.50,120.4 1 1
github.com/extmatperez/meli_bootcamp_go_w2-3/internal/carry/repository.go:121.3,121.46 1 1
github.com/extmatperez/meli_bootcamp_go_w2-3/internal/carry/repository.go:124.2,124.15 1 1
github.com/extmatperez/meli_bootcamp_go_w2-3/internal/carry/service.go:32.62,37.2 1 1
github.com/extmatperez/meli_bootcamp_go_w2-3/internal/carry/service.go:39.90,40.47 1 1
github.com/extmatperez/meli_bootcamp_go_w2-3/internal/carry/service.go:40.47,42.3 1 1
github.com/extmatperez/meli_bootcamp_go_w2-3/internal/carry/service.go:44.2,44.57 1 1
github.com/extmatperez/meli_bootcamp_go_w2-3/internal/carry/service.go:44.57,46.3 1 1
github.com/extmatperez/meli_bootcamp_go_w2-3/internal/carry/service.go:48.2,49.16 2 1
github.com/extmatperez/meli_bootcamp_go_w2-3/internal/carry/service.go:49.16,51.3 1 1
github.com/extmatperez/meli_bootcamp_go_w2-3/internal/carry/service.go:52.2,53.15 2 1
github.com/extmatperez/meli_bootcamp_go_w2-3/internal/carry/service.go:56.99,58.13 2 1
github.com/extmatperez/meli_bootcamp_go_w2-3/internal/carry/service.go:58.13,59.48 1 1
github.com/extmatperez/meli_bootcamp_go_w2-3/internal/carry/service.go:59.48,61.4 1 1
github.com/extmatperez/meli_bootcamp_go_w2-3/internal/carry/service.go:63.3,64.17 2 1
github.com/extmatperez/meli_bootcamp_go_w2-3/internal/carry/service.go:64.17,66.4 1 1
github.com/extmatperez/meli_bootcamp_go_w2-3/internal/carry/service.go:67.3,67.48 1 1
github.com/extmatperez/meli_bootcamp_go_w2-3/internal/carry/service.go:68.8,70.17 2 1
github.com/extmatperez/meli_bootcamp_go_w2-3/internal/carry/service.go:70.17,72.4 1 1
github.com/extmatperez/meli_bootcamp_go_w2-3/internal/carry/service.go:73.3,73.48 1 1
github.com/extmatperez/meli_bootcamp_go_w2-3/internal/carry/service.go:75.2,75.24 1 1
github.com/extmatperez/meli_bootcamp_go_w2-3/internal/carry/service.go:78.79,81.2 2 1
github.com/extmatperez/meli_bootcamp_go_w2-3/internal/domain/product_batch.go:28.41,30.16 2 0
github.com/extmatperez/meli_bootcamp_go_w2-3/internal/domain/product_batch.go:30.16,32.3 1 0
github.com/extmatperez/meli_bootcamp_go_w2-3/internal/domain/product_batch.go:33.2,34.16 2 0
github.com/extmatperez/meli_bootcamp_go_w2-3/internal/domain/product_batch.go:34.16,36.3 1 0
github.com/extmatperez/meli_bootcamp_go_w2-3/internal/domain/product_batch.go:37.2,37.12 1 0
github.com/extmatperez/meli_bootcamp_go_w2-3/internal/locality/repository.go:30.43,34.2 1 1
github.com/extmatperez/meli_bootcamp_go_w2-3/internal/locality/repository.go:36.85,38.16 2 1
github.com/extmatperez/meli_bootcamp_go_w2-3/internal/locality/repository.go:38.16,40.3 1 0
github.com/extmatperez/meli_bootcamp_go_w2-3/internal/locality/repository.go:42.2,43.16 2 1
github.com/extmatperez/meli_bootcamp_go_w2-3/internal/locality/repository.go:43.16,45.3 1 0
github.com/extmatperez/meli_bootcamp_go_w2-3/internal/locality/repository.go:47.2,48.16 2 1
github.com/extmatperez/meli_bootcamp_go_w2-3/internal/locality/repository.go:48.16,50.3 1 0
github.com/extmatperez/meli_bootcamp_go_w2-3/internal/locality/repository.go:52.2,52.21 1 1
github.com/extmatperez/meli_bootcamp_go_w2-3/internal/locality/repository.go:55.91,57.16 2 0
github.com/extmatperez/meli_bootcamp_go_w2-3/internal/locality/repository.go:57.16,59.3 1 0
github.com/extmatperez/meli_bootcamp_go_w2-3/internal/locality/repository.go:61.2,62.18 2 0
github.com/extmatperez/meli_bootcamp_go_w2-3/internal/locality/repository.go:62.18,66.3 3 0
github.com/extmatperez/meli_bootcamp_go_w2-3/internal/locality/repository.go:67.2,67.20 1 0
github.com/extmatperez/meli_bootcamp_go_w2-3/internal/locality/repository.go:70.107,74.16 4 0
github.com/extmatperez/meli_bootcamp_go_w2-3/internal/locality/repository.go:74.16,75.50 1 0
github.com/extmatperez/meli_bootcamp_go_w2-3/internal/locality/repository.go:75.50,77.4 1 0
github.com/extmatperez/meli_bootcamp_go_w2-3/internal/locality/repository.go:78.3,78.38 1 0
github.com/extmatperez/meli_bootcamp_go_w2-3/internal/locality/repository.go:80.2,80.15 1 0
github.com/extmatperez/meli_bootcamp_go_w2-3/internal/locality/repository.go:84.87,89.16 4 0
github.com/extmatperez/meli_bootcamp_go_w2-3/internal/locality/repository.go:89.16,90.27 1 0
github.com/extmatperez/meli_bootcamp_go_w2-3/internal/locality/repository.go:90.27,92.4 1 0
github.com/extmatperez/meli_bootcamp_go_w2-3/internal/locality/repository.go:93.3,93.16 1 0
github.com/extmatperez/meli_bootcamp_go_w2-3/internal/locality/repository.go:95.2,95.16 1 0
github.com/extmatperez/meli_bootcamp_go_w2-3/internal/locality/repository.go:98.67,103.2 3 0
github.com/extmatperez/meli_bootcamp_go_w2-3/internal/locality/service.go:28.39,32.2 1 0
github.com/extmatperez/meli_bootcamp_go_w2-3/internal/locality/service.go:34.107,36.16 2 0
github.com/extmatperez/meli_bootcamp_go_w2-3/internal/locality/service.go:36.16,38.3 1 0
github.com/extmatperez/meli_bootcamp_go_w2-3/internal/locality/service.go:40.2,46.16 3 0
github.com/extmatperez/meli_bootcamp_go_w2-3/internal/locality/service.go:46.16,48.3 1 0
github.com/extmatperez/meli_bootcamp_go_w2-3/internal/locality/service.go:49.2,50.27 2 0
github.com/extmatperez/meli_bootcamp_go_w2-3/internal/locality/service.go:53.111,56.13 2 0
github.com/extmatperez/meli_bootcamp_go_w2-3/internal/locality/service.go:56.13,57.40 1 0
github.com/extmatperez/meli_bootcamp_go_w2-3/internal/locality/service.go:57.40,59.4 1 0
github.com/extmatperez/meli_bootcamp_go_w2-3/internal/locality/service.go:61.3,62.17 2 0
github.com/extmatperez/meli_bootcamp_go_w2-3/internal/locality/service.go:62.17,64.4 1 0
github.com/extmatperez/meli_bootcamp_go_w2-3/internal/locality/service.go:65.3,65.39 1 0
github.com/extmatperez/meli_bootcamp_go_w2-3/internal/locality/service.go:66.8,68.17 2 0
github.com/extmatperez/meli_bootcamp_go_w2-3/internal/locality/service.go:68.17,70.4 1 0
github.com/extmatperez/meli_bootcamp_go_w2-3/internal/locality/service.go:72.3,72.40 1 0
github.com/extmatperez/meli_bootcamp_go_w2-3/internal/locality/service.go:74.2,74.20 1 0
github.com/extmatperez/meli_bootcamp_go_w2-3/internal/locality/service.go:77.79,80.21 2 0
github.com/extmatperez/meli_bootcamp_go_w2-3/internal/locality/service.go:80.21,82.3 1 0
github.com/extmatperez/meli_bootcamp_go_w2-3/internal/locality/service.go:83.2,83.12 1 0
github.com/extmatperez/meli_bootcamp_go_w2-3/tests/carry/carry_mock.go:18.103,21.2 2 0
github.com/extmatperez/meli_bootcamp_go_w2-3/tests/carry/carry_mock.go:23.109,26.2 2 1
github.com/extmatperez/meli_bootcamp_go_w2-3/tests/carry/carry_mock.go:28.134,31.2 2 1
github.com/extmatperez/meli_bootcamp_go_w2-3/tests/carry/carry_mock.go:33.94,36.2 2 0
github.com/extmatperez/meli_bootcamp_go_w2-3/tests/carry/carry_mock.go:38.88,41.2 2 1
github.com/extmatperez/meli_bootcamp_go_w2-3/tests/carry/carry_mock.go:43.83,46.2 2 0
github.com/extmatperez/meli_bootcamp_go_w2-3/tests/carry/carry_mock.go:48.86,51.2 2 1
github.com/extmatperez/meli_bootcamp_go_w2-3/tests/carry/carry_mock.go:53.86,56.2 2 1
github.com/extmatperez/meli_bootcamp_go_w2-3/tests/locality/locality_mock.go:18.77,21.2 2 0
github.com/extmatperez/meli_bootcamp_go_w2-3/tests/locality/locality_mock.go:23.79,26.2 2 1
github.com/extmatperez/meli_bootcamp_go_w2-3/tests/locality/locality_mock.go:28.116,31.2 2 0
github.com/extmatperez/meli_bootcamp_go_w2-3/tests/locality/locality_mock.go:33.112,36.2 2 0
github.com/extmatperez/meli_bootcamp_go_w2-3/tests/locality/locality_mock.go:38.103,41.2 2 0
github.com/extmatperez/meli_bootcamp_go_w2-3/tests/locality/locality_mock.go:43.98,46.2 2 0
github.com/extmatperez/meli_bootcamp_go_w2-3/tests/locality/locality_mock.go:47.103,50.2 2 0
github.com/extmatperez/meli_bootcamp_go_w2-3/tests/locality/locality_mock.go:52.111,55.2 2 0
github.com/extmatperez/meli_bootcamp_go_w2-3/internal/domain/product_batch.go:28.41,30.16 2 0
github.com/extmatperez/meli_bootcamp_go_w2-3/internal/domain/product_batch.go:30.16,32.3 1 0
github.com/extmatperez/meli_bootcamp_go_w2-3/internal/domain/product_batch.go:33.2,34.16 2 0
github.com/extmatperez/meli_bootcamp_go_w2-3/internal/domain/product_batch.go:34.16,36.3 1 0
github.com/extmatperez/meli_bootcamp_go_w2-3/internal/domain/product_batch.go:37.2,37.12 1 0
github.com/extmatperez/meli_bootcamp_go_w2-3/internal/employee/repository.go:24.43,28.2 1 1
github.com/extmatperez/meli_bootcamp_go_w2-3/internal/employee/repository.go:30.77,33.16 3 1
github.com/extmatperez/meli_bootcamp_go_w2-3/internal/employee/repository.go:33.16,35.3 1 1
github.com/extmatperez/meli_bootcamp_go_w2-3/internal/employee/repository.go:37.2,39.18 2 1
github.com/extmatperez/meli_bootcamp_go_w2-3/internal/employee/repository.go:39.18,43.3 3 1
github.com/extmatperez/meli_bootcamp_go_w2-3/internal/employee/repository.go:45.2,45.23 1 1
github.com/extmatperez/meli_bootcamp_go_w2-3/internal/employee/repository.go:48.80,53.16 5 1
github.com/extmatperez/meli_bootcamp_go_w2-3/internal/employee/repository.go:53.16,54.50 1 1
github.com/extmatperez/meli_bootcamp_go_w2-3/internal/employee/repository.go:54.50,56.4 1 1
github.com/extmatperez/meli_bootcamp_go_w2-3/internal/employee/repository.go:57.3,57.32 1 1
github.com/extmatperez/meli_bootcamp_go_w2-3/internal/employee/repository.go:60.2,60.15 1 1
github.com/extmatperez/meli_bootcamp_go_w2-3/internal/employee/repository.go:63.76,68.2 4 1
github.com/extmatperez/meli_bootcamp_go_w2-3/internal/employee/repository.go:70.80,73.16 3 1
github.com/extmatperez/meli_bootcamp_go_w2-3/internal/employee/repository.go:73.16,75.3 1 1
github.com/extmatperez/meli_bootcamp_go_w2-3/internal/employee/repository.go:77.2,78.16 2 1
github.com/extmatperez/meli_bootcamp_go_w2-3/internal/employee/repository.go:78.16,80.3 1 0
github.com/extmatperez/meli_bootcamp_go_w2-3/internal/employee/repository.go:82.2,83.16 2 1
github.com/extmatperez/meli_bootcamp_go_w2-3/internal/employee/repository.go:83.16,85.3 1 0
github.com/extmatperez/meli_bootcamp_go_w2-3/internal/employee/repository.go:87.2,87.21 1 1
github.com/extmatperez/meli_bootcamp_go_w2-3/internal/employee/repository.go:90.75,93.16 3 1
github.com/extmatperez/meli_bootcamp_go_w2-3/internal/employee/repository.go:93.16,95.3 1 1
github.com/extmatperez/meli_bootcamp_go_w2-3/internal/employee/repository.go:97.2,98.16 2 1
github.com/extmatperez/meli_bootcamp_go_w2-3/internal/employee/repository.go:98.16,100.3 1 0
github.com/extmatperez/meli_bootcamp_go_w2-3/internal/employee/repository.go:102.2,103.16 2 1
github.com/extmatperez/meli_bootcamp_go_w2-3/internal/employee/repository.go:103.16,105.3 1 0
github.com/extmatperez/meli_bootcamp_go_w2-3/internal/employee/repository.go:106.2,106.23 1 1
github.com/extmatperez/meli_bootcamp_go_w2-3/internal/employee/repository.go:106.23,108.3 1 1
github.com/extmatperez/meli_bootcamp_go_w2-3/internal/employee/repository.go:110.2,110.12 1 1
github.com/extmatperez/meli_bootcamp_go_w2-3/internal/employee/repository.go:113.64,116.16 3 1
github.com/extmatperez/meli_bootcamp_go_w2-3/internal/employee/repository.go:116.16,118.3 1 1
github.com/extmatperez/meli_bootcamp_go_w2-3/internal/employee/repository.go:120.2,121.16 2 1
github.com/extmatperez/meli_bootcamp_go_w2-3/internal/employee/repository.go:121.16,123.3 1 0
github.com/extmatperez/meli_bootcamp_go_w2-3/internal/employee/repository.go:125.2,126.16 2 1
github.com/extmatperez/meli_bootcamp_go_w2-3/internal/employee/repository.go:126.16,128.3 1 0
github.com/extmatperez/meli_bootcamp_go_w2-3/internal/employee/repository.go:130.2,130.16 1 1
github.com/extmatperez/meli_bootcamp_go_w2-3/internal/employee/repository.go:130.16,132.3 1 1
github.com/extmatperez/meli_bootcamp_go_w2-3/internal/employee/repository.go:134.2,134.12 1 1
github.com/extmatperez/meli_bootcamp_go_w2-3/internal/employee/service.go:31.39,35.2 1 1
github.com/extmatperez/meli_bootcamp_go_w2-3/internal/employee/service.go:37.69,40.2 2 1
github.com/extmatperez/meli_bootcamp_go_w2-3/internal/employee/service.go:42.85,45.2 2 1
github.com/extmatperez/meli_bootcamp_go_w2-3/internal/employee/service.go:47.82,50.2 2 1
github.com/extmatperez/meli_bootcamp_go_w2-3/internal/employee/service.go:52.97,54.20 2 1
github.com/extmatperez/meli_bootcamp_go_w2-3/internal/employee/service.go:54.20,56.3 1 1
github.com/extmatperez/meli_bootcamp_go_w2-3/internal/employee/service.go:57.2,59.16 2 1
github.com/extmatperez/meli_bootcamp_go_w2-3/internal/employee/service.go:59.16,61.3 1 1
github.com/extmatperez/meli_bootcamp_go_w2-3/internal/employee/service.go:62.2,63.15 2 1
github.com/extmatperez/meli_bootcamp_go_w2-3/internal/employee/service.go:66.107,68.16 2 1
github.com/extmatperez/meli_bootcamp_go_w2-3/internal/employee/service.go:68.16,70.3 1 1
github.com/extmatperez/meli_bootcamp_go_w2-3/internal/employee/service.go:71.2,71.23 1 1
github.com/extmatperez/meli_bootcamp_go_w2-3/internal/employee/service.go:71.23,73.3 1 1
github.com/extmatperez/meli_bootcamp_go_w2-3/internal/employee/service.go:74.2,74.22 1 1
github.com/extmatperez/meli_bootcamp_go_w2-3/internal/employee/service.go:74.22,76.3 1 1
github.com/extmatperez/meli_bootcamp_go_w2-3/internal/employee/service.go:77.2,77.26 1 1
github.com/extmatperez/meli_bootcamp_go_w2-3/internal/employee/service.go:77.26,79.62 2 1
github.com/extmatperez/meli_bootcamp_go_w2-3/internal/employee/service.go:79.62,81.4 1 1
github.com/extmatperez/meli_bootcamp_go_w2-3/internal/employee/service.go:82.3,82.47 1 1
github.com/extmatperez/meli_bootcamp_go_w2-3/internal/employee/service.go:84.2,84.24 1 1
github.com/extmatperez/meli_bootcamp_go_w2-3/internal/employee/service.go:84.24,86.3 1 1
github.com/extmatperez/meli_bootcamp_go_w2-3/internal/employee/service.go:87.2,88.16 2 1
github.com/extmatperez/meli_bootcamp_go_w2-3/internal/employee/service.go:88.16,90.3 1 1
github.com/extmatperez/meli_bootcamp_go_w2-3/internal/employee/service.go:91.2,91.28 1 1
github.com/extmatperez/meli_bootcamp_go_w2-3/tests/employee/employee_mock.go:18.86,21.2 2 0
github.com/extmatperez/meli_bootcamp_go_w2-3/tests/employee/employee_mock.go:23.89,26.2 2 1
github.com/extmatperez/meli_bootcamp_go_w2-3/tests/employee/employee_mock.go:28.101,31.2 2 0
github.com/extmatperez/meli_bootcamp_go_w2-3/tests/employee/employee_mock.go:33.92,36.2 2 1
github.com/extmatperez/meli_bootcamp_go_w2-3/tests/employee/employee_mock.go:38.73,41.2 2 0
github.com/extmatperez/meli_bootcamp_go_w2-3/tests/employee/employee_mock.go:43.76,46.2 2 1
github.com/extmatperez/meli_bootcamp_go_w2-3/tests/employee/employee_mock.go:48.89,51.2 2 0
github.com/extmatperez/meli_bootcamp_go_w2-3/tests/employee/employee_mock.go:53.92,56.2 2 1
github.com/extmatperez/meli_bootcamp_go_w2-3/tests/employee/employee_mock.go:58.111,61.2 2 0
github.com/extmatperez/meli_bootcamp_go_w2-3/tests/employee/employee_mock.go:63.87,66.2 2 1
github.com/extmatperez/meli_bootcamp_go_w2-3/tests/employee/employee_mock.go:68.89,71.2 2 1
github.com/extmatperez/meli_bootcamp_go_w2-3/cmd/server/handler/buyer.go:18.49,22.2 1 1
github.com/extmatperez/meli_bootcamp_go_w2-3/cmd/server/handler/buyer.go:31.49,32.30 1 1
github.com/extmatperez/meli_bootcamp_go_w2-3/cmd/server/handler/buyer.go:32.30,34.19 2 1
github.com/extmatperez/meli_bootcamp_go_w2-3/cmd/server/handler/buyer.go:34.19,37.4 2 1
github.com/extmatperez/meli_bootcamp_go_w2-3/cmd/server/handler/buyer.go:38.3,39.20 2 1
github.com/extmatperez/meli_bootcamp_go_w2-3/cmd/server/handler/buyer.go:39.20,41.21 2 1
github.com/extmatperez/meli_bootcamp_go_w2-3/cmd/server/handler/buyer.go:41.21,44.5 2 1
github.com/extmatperez/meli_bootcamp_go_w2-3/cmd/server/handler/buyer.go:45.4,46.10 2 1
github.com/extmatperez/meli_bootcamp_go_w2-3/cmd/server/handler/buyer.go:48.3,48.42 1 1
github.com/extmatperez/meli_bootcamp_go_w2-3/cmd/server/handler/buyer.go:63.60,64.30 1 1
github.com/extmatperez/meli_bootcamp_go_w2-3/cmd/server/handler/buyer.go:64.30,66.19 2 1
github.com/extmatperez/meli_bootcamp_go_w2-3/cmd/server/handler/buyer.go:66.19,69.4 2 1
github.com/extmatperez/meli_bootcamp_go_w2-3/cmd/server/handler/buyer.go:70.3,71.20 2 1
github.com/extmatperez/meli_bootcamp_go_w2-3/cmd/server/handler/buyer.go:71.20,73.21 2 1
github.com/extmatperez/meli_bootcamp_go_w2-3/cmd/server/handler/buyer.go:73.21,76.5 2 1
github.com/extmatperez/meli_bootcamp_go_w2-3/cmd/server/handler/buyer.go:77.4,78.10 2 1
github.com/extmatperez/meli_bootcamp_go_w2-3/cmd/server/handler/buyer.go:80.3,80.45 1 1
github.com/extmatperez/meli_bootcamp_go_w2-3/cmd/server/handler/buyer.go:93.61,94.30 1 1
github.com/extmatperez/meli_bootcamp_go_w2-3/cmd/server/handler/buyer.go:94.30,96.17 2 1
github.com/extmatperez/meli_bootcamp_go_w2-3/cmd/server/handler/buyer.go:96.17,99.4 2 1
github.com/extmatperez/meli_bootcamp_go_w2-3/cmd/server/handler/buyer.go:100.3,100.29 1 1
github.com/extmatperez/meli_bootcamp_go_w2-3/cmd/server/handler/buyer.go:100.29,103.4 2 1
github.com/extmatperez/meli_bootcamp_go_w2-3/cmd/server/handler/buyer.go:104.3,104.46 1 1
github.com/extmatperez/meli_bootcamp_go_w2-3/cmd/server/handler/buyer.go:114.52,115.30 1 1
github.com/extmatperez/meli_bootcamp_go_w2-3/cmd/server/handler/buyer.go:115.30,117.17 2 1
github.com/extmatperez/meli_bootcamp_go_w2-3/cmd/server/handler/buyer.go:117.17,120.4 2 1
github.com/extmatperez/meli_bootcamp_go_w2-3/cmd/server/handler/buyer.go:121.3,121.22 1 1
github.com/extmatperez/meli_bootcamp_go_w2-3/cmd/server/handler/buyer.go:121.22,124.4 2 1
github.com/extmatperez/meli_bootcamp_go_w2-3/cmd/server/handler/buyer.go:125.3,125.39 1 1
github.com/extmatperez/meli_bootcamp_go_w2-3/cmd/server/handler/buyer.go:136.52,137.30 1 1
github.com/extmatperez/meli_bootcamp_go_w2-3/cmd/server/handler/buyer.go:137.30,140.17 3 1
github.com/extmatperez/meli_bootcamp_go_w2-3/cmd/server/handler/buyer.go:140.17,143.4 2 1
github.com/extmatperez/meli_bootcamp_go_w2-3/cmd/server/handler/buyer.go:144.3,144.95 1 1
github.com/extmatperez/meli_bootcamp_go_w2-3/cmd/server/handler/buyer.go:144.95,147.4 2 1
github.com/extmatperez/meli_bootcamp_go_w2-3/cmd/server/handler/buyer.go:148.3,154.17 2 1
github.com/extmatperez/meli_bootcamp_go_w2-3/cmd/server/handler/buyer.go:154.17,157.4 2 1
github.com/extmatperez/meli_bootcamp_go_w2-3/cmd/server/handler/buyer.go:158.3,158.46 1 1
github.com/extmatperez/meli_bootcamp_go_w2-3/cmd/server/handler/buyer.go:170.52,171.30 1 1
github.com/extmatperez/meli_bootcamp_go_w2-3/cmd/server/handler/buyer.go:171.30,173.50 2 1
github.com/extmatperez/meli_bootcamp_go_w2-3/cmd/server/handler/buyer.go:173.50,176.4 2 1
github.com/extmatperez/meli_bootcamp_go_w2-3/cmd/server/handler/buyer.go:177.3,178.17 2 1
github.com/extmatperez/meli_bootcamp_go_w2-3/cmd/server/handler/buyer.go:178.17,181.4 2 1
github.com/extmatperez/meli_bootcamp_go_w2-3/cmd/server/handler/buyer.go:182.3,183.17 2 1
github.com/extmatperez/meli_bootcamp_go_w2-3/cmd/server/handler/buyer.go:183.17,186.4 2 1
github.com/extmatperez/meli_bootcamp_go_w2-3/cmd/server/handler/buyer.go:187.3,187.46 1 1
github.com/extmatperez/meli_bootcamp_go_w2-3/cmd/server/handler/buyer.go:198.52,199.30 1 1
github.com/extmatperez/meli_bootcamp_go_w2-3/cmd/server/handler/buyer.go:199.30,201.19 2 1
github.com/extmatperez/meli_bootcamp_go_w2-3/cmd/server/handler/buyer.go:201.19,204.4 2 1
github.com/extmatperez/meli_bootcamp_go_w2-3/cmd/server/handler/buyer.go:205.3,206.17 2 1
github.com/extmatperez/meli_bootcamp_go_w2-3/cmd/server/handler/buyer.go:206.17,208.21 2 1
github.com/extmatperez/meli_bootcamp_go_w2-3/cmd/server/handler/buyer.go:208.21,211.5 2 1
github.com/extmatperez/meli_bootcamp_go_w2-3/cmd/server/handler/buyer.go:212.4,213.10 2 1
github.com/extmatperez/meli_bootcamp_go_w2-3/cmd/server/handler/buyer.go:215.3,215.43 1 1
github.com/extmatperez/meli_bootcamp_go_w2-3/cmd/server/handler/carry.go:18.49,22.2 1 1
github.com/extmatperez/meli_bootcamp_go_w2-3/cmd/server/handler/carry.go:33.49,34.30 1 1
github.com/extmatperez/meli_bootcamp_go_w2-3/cmd/server/handler/carry.go:34.30,36.17 2 1
github.com/extmatperez/meli_bootcamp_go_w2-3/cmd/server/handler/carry.go:36.17,39.4 2 1
github.com/extmatperez/meli_bootcamp_go_w2-3/cmd/server/handler/carry.go:41.3,42.17 2 1
github.com/extmatperez/meli_bootcamp_go_w2-3/cmd/server/handler/carry.go:42.17,43.41 1 1
github.com/extmatperez/meli_bootcamp_go_w2-3/cmd/server/handler/carry.go:43.41,46.5 2 1
github.com/extmatperez/meli_bootcamp_go_w2-3/cmd/server/handler/carry.go:47.4,48.10 2 1
github.com/extmatperez/meli_bootcamp_go_w2-3/cmd/server/handler/carry.go:50.3,50.42 1 1
github.com/extmatperez/meli_bootcamp_go_w2-3/cmd/server/handler/carry.go:62.50,63.30 1 1
github.com/extmatperez/meli_bootcamp_go_w2-3/cmd/server/handler/carry.go:63.30,69.26 4 1
github.com/extmatperez/meli_bootcamp_go_w2-3/cmd/server/handler/carry.go:69.26,71.18 2 1
github.com/extmatperez/meli_bootcamp_go_w2-3/cmd/server/handler/carry.go:71.18,74.5 2 1
github.com/extmatperez/meli_bootcamp_go_w2-3/cmd/server/handler/carry.go:77.3,78.17 2 1
github.com/extmatperez/meli_bootcamp_go_w2-3/cmd/server/handler/carry.go:78.17,79.15 1 1
github.com/extmatperez/meli_bootcamp_go_w2-3/cmd/server/handler/carry.go:80.37,82.11 2 1
github.com/extmatperez/meli_bootcamp_go_w2-3/cmd/server/handler/carry.go:83.12,85.11 2 1
github.com/extmatperez/meli_bootcamp_go_w2-3/cmd/server/handler/carry.go:89.3,89.23 1 1
github.com/extmatperez/meli_bootcamp_go_w2-3/cmd/server/handler/carry.go:89.23,92.4 2 1
github.com/extmatperez/meli_bootcamp_go_w2-3/cmd/server/handler/carry.go:94.3,94.40 1 1
github.com/extmatperez/meli_bootcamp_go_w2-3/cmd/server/handler/carry.go:107.52,108.30 1 1
github.com/extmatperez/meli_bootcamp_go_w2-3/cmd/server/handler/carry.go:108.30,111.17 3 1
github.com/extmatperez/meli_bootcamp_go_w2-3/cmd/server/handler/carry.go:111.17,114.4 2 1
github.com/extmatperez/meli_bootcamp_go_w2-3/cmd/server/handler/carry.go:116.3,116.10 1 1
github.com/extmatperez/meli_bootcamp_go_w2-3/cmd/server/handler/carry.go:117.29,119.10 2 1
github.com/extmatperez/meli_bootcamp_go_w2-3/cmd/server/handler/carry.go:120.37,122.10 2 1
github.com/extmatperez/meli_bootcamp_go_w2-3/cmd/server/handler/carry.go:123.33,125.10 2 1
github.com/extmatperez/meli_bootcamp_go_w2-3/cmd/server/handler/carry.go:126.35,128.10 2 1
github.com/extmatperez/meli_bootcamp_go_w2-3/cmd/server/handler/carry.go:129.35,131.10 2 1
github.com/extmatperez/meli_bootcamp_go_w2-3/cmd/server/handler/carry.go:134.3,135.17 2 1
github.com/extmatperez/meli_bootcamp_go_w2-3/cmd/server/handler/carry.go:135.17,136.15 1 1
github.com/extmatperez/meli_bootcamp_go_w2-3/cmd/server/handler/carry.go:137.31,139.11 2 1
github.com/extmatperez/meli_bootcamp_go_w2-3/cmd/server/handler/carry.go:140.37,141.51 1 1
github.com/extmatperez/meli_bootcamp_go_w2-3/cmd/server/handler/carry.go:142.12,144.11 2 1
github.com/extmatperez/meli_bootcamp_go_w2-3/cmd/server/handler/carry.go:148.3,148.50 1 1
github.com/extmatperez/meli_bootcamp_go_w2-3/cmd/server/handler/employee.go:18.48,22.2 1 1
github.com/extmatperez/meli_bootcamp_go_w2-3/cmd/server/handler/employee.go:33.42,34.30 1 1
github.com/extmatperez/meli_bootcamp_go_w2-3/cmd/server/handler/employee.go:34.30,36.17 2 1
github.com/extmatperez/meli_bootcamp_go_w2-3/cmd/server/handler/employee.go:36.17,39.4 2 1
github.com/extmatperez/meli_bootcamp_go_w2-3/cmd/server/handler/employee.go:40.3,41.17 2 1
github.com/extmatperez/meli_bootcamp_go_w2-3/cmd/server/handler/employee.go:41.17,42.44 1 1
github.com/extmatperez/meli_bootcamp_go_w2-3/cmd/server/handler/employee.go:42.44,45.5 2 1
github.com/extmatperez/meli_bootcamp_go_w2-3/cmd/server/handler/employee.go:47.4,48.10 2 1
github.com/extmatperez/meli_bootcamp_go_w2-3/cmd/server/handler/employee.go:50.3,50.45 1 1
github.com/extmatperez/meli_bootcamp_go_w2-3/cmd/server/handler/employee.go:62.45,63.30 1 1
github.com/extmatperez/meli_bootcamp_go_w2-3/cmd/server/handler/employee.go:63.30,65.17 2 1
github.com/extmatperez/meli_bootcamp_go_w2-3/cmd/server/handler/employee.go:65.17,68.4 2 1
github.com/extmatperez/meli_bootcamp_go_w2-3/cmd/server/handler/employee.go:69.3,69.43 1 1
github.com/extmatperez/meli_bootcamp_go_w2-3/cmd/server/handler/employee.go:82.45,83.30 1 1
github.com/extmatperez/meli_bootcamp_go_w2-3/cmd/server/handler/employee.go:83.30,86.17 3 1
github.com/extmatperez/meli_bootcamp_go_w2-3/cmd/server/handler/employee.go:86.17,89.4 2 1
github.com/extmatperez/meli_bootcamp_go_w2-3/cmd/server/handler/employee.go:90.3,90.138 1 1
github.com/extmatperez/meli_bootcamp_go_w2-3/cmd/server/handler/employee.go:90.138,93.4 2 1
github.com/extmatperez/meli_bootcamp_go_w2-3/cmd/server/handler/employee.go:94.3,95.17 2 1
github.com/extmatperez/meli_bootcamp_go_w2-3/cmd/server/handler/employee.go:95.17,96.15 1 1
github.com/extmatperez/meli_bootcamp_go_w2-3/cmd/server/handler/employee.go:97.35,99.11 2 1
github.com/extmatperez/meli_bootcamp_go_w2-3/cmd/server/handler/employee.go:100.12,102.11 2 0
github.com/extmatperez/meli_bootcamp_go_w2-3/cmd/server/handler/employee.go:105.3,105.53 1 1
github.com/extmatperez/meli_bootcamp_go_w2-3/cmd/server/handler/employee.go:119.45,120.30 1 1
github.com/extmatperez/meli_bootcamp_go_w2-3/cmd/server/handler/employee.go:120.30,122.19 2 1
github.com/extmatperez/meli_bootcamp_go_w2-3/cmd/server/handler/employee.go:122.19,125.4 2 1
github.com/extmatperez/meli_bootcamp_go_w2-3/cmd/server/handler/employee.go:126.3,127.50 2 1
github.com/extmatperez/meli_bootcamp_go_w2-3/cmd/server/handler/employee.go:127.50,130.4 2 1
github.com/extmatperez/meli_bootcamp_go_w2-3/cmd/server/handler/employee.go:131.3,132.17 2 1
github.com/extmatperez/meli_bootcamp_go_w2-3/cmd/server/handler/employee.go:132.17,133.15 1 1
github.com/extmatperez/meli_bootcamp_go_w2-3/cmd/server/handler/employee.go:134.30,136.11 2 1
github.com/extmatperez/meli_bootcamp_go_w2-3/cmd/server/handler/employee.go:137.12,139.11 2 1
github.com/extmatperez/meli_bootcamp_go_w2-3/cmd/server/handler/employee.go:142.3,142.40 1 1
github.com/extmatperez/meli_bootcamp_go_w2-3/cmd/server/handler/employee.go:155.45,156.30 1 1
github.com/extmatperez/meli_bootcamp_go_w2-3/cmd/server/handler/employee.go:156.30,159.17 2 1
github.com/extmatperez/meli_bootcamp_go_w2-3/cmd/server/handler/employee.go:159.17,162.4 2 1
github.com/extmatperez/meli_bootcamp_go_w2-3/cmd/server/handler/employee.go:164.3,166.17 2 1
github.com/extmatperez/meli_bootcamp_go_w2-3/cmd/server/handler/employee.go:166.17,167.44 1 1
github.com/extmatperez/meli_bootcamp_go_w2-3/cmd/server/handler/employee.go:167.44,170.5 2 1
github.com/extmatperez/meli_bootcamp_go_w2-3/cmd/server/handler/employee.go:172.4,173.10 2 1
github.com/extmatperez/meli_bootcamp_go_w2-3/cmd/server/handler/employee.go:176.3,176.44 1 1
github.com/extmatperez/meli_bootcamp_go_w2-3/cmd/server/handler/inbound_orders.go:21.73,25.2 1 1
github.com/extmatperez/meli_bootcamp_go_w2-3/cmd/server/handler/inbound_orders.go:36.57,37.30 1 1
github.com/extmatperez/meli_bootcamp_go_w2-3/cmd/server/handler/inbound_orders.go:37.30,39.17 2 1
github.com/extmatperez/meli_bootcamp_go_w2-3/cmd/server/handler/inbound_orders.go:39.17,42.4 2 1
github.com/extmatperez/meli_bootcamp_go_w2-3/cmd/server/handler/inbound_orders.go:44.3,45.17 2 1
github.com/extmatperez/meli_bootcamp_go_w2-3/cmd/server/handler/inbound_orders.go:45.17,46.49 1 1
github.com/extmatperez/meli_bootcamp_go_w2-3/cmd/server/handler/inbound_orders.go:46.49,49.5 2 0
github.com/extmatperez/meli_bootcamp_go_w2-3/cmd/server/handler/inbound_orders.go:50.4,51.10 2 1
github.com/extmatperez/meli_bootcamp_go_w2-3/cmd/server/handler/inbound_orders.go:53.3,53.49 1 1
github.com/extmatperez/meli_bootcamp_go_w2-3/cmd/server/handler/inbound_orders.go:66.60,67.30 1 1
github.com/extmatperez/meli_bootcamp_go_w2-3/cmd/server/handler/inbound_orders.go:67.30,70.17 3 1
github.com/extmatperez/meli_bootcamp_go_w2-3/cmd/server/handler/inbound_orders.go:70.17,73.4 2 1
github.com/extmatperez/meli_bootcamp_go_w2-3/cmd/server/handler/inbound_orders.go:74.3,75.17 2 1
github.com/extmatperez/meli_bootcamp_go_w2-3/cmd/server/handler/inbound_orders.go:75.17,78.4 2 1
github.com/extmatperez/meli_bootcamp_go_w2-3/cmd/server/handler/inbound_orders.go:79.3,79.10 1 1
github.com/extmatperez/meli_bootcamp_go_w2-3/cmd/server/handler/inbound_orders.go:80.45,82.10 2 1
github.com/extmatperez/meli_bootcamp_go_w2-3/cmd/server/handler/inbound_orders.go:83.43,85.10 2 1
github.com/extmatperez/meli_bootcamp_go_w2-3/cmd/server/handler/inbound_orders.go:86.47,88.10 2 1
github.com/extmatperez/meli_bootcamp_go_w2-3/cmd/server/handler/inbound_orders.go:89.44,91.10 2 1
github.com/extmatperez/meli_bootcamp_go_w2-3/cmd/server/handler/inbound_orders.go:94.3,95.17 2 1
github.com/extmatperez/meli_bootcamp_go_w2-3/cmd/server/handler/inbound_orders.go:95.17,96.15 1 1
github.com/extmatperez/meli_bootcamp_go_w2-3/cmd/server/handler/inbound_orders.go:97.39,99.11 2 1
github.com/extmatperez/meli_bootcamp_go_w2-3/cmd/server/handler/inbound_orders.go:101.4,101.61 1 1
github.com/extmatperez/meli_bootcamp_go_w2-3/cmd/server/handler/inbound_orders.go:104.3,104.58 1 1
github.com/extmatperez/meli_bootcamp_go_w2-3/cmd/server/handler/locality.go:18.58,22.2 1 1
github.com/extmatperez/meli_bootcamp_go_w2-3/cmd/server/handler/locality.go:33.55,34.30 1 1
github.com/extmatperez/meli_bootcamp_go_w2-3/cmd/server/handler/locality.go:34.30,37.17 3 1
github.com/extmatperez/meli_bootcamp_go_w2-3/cmd/server/handler/locality.go:37.17,40.4 2 1
github.com/extmatperez/meli_bootcamp_go_w2-3/cmd/server/handler/locality.go:42.3,42.10 1 1
github.com/extmatperez/meli_bootcamp_go_w2-3/cmd/server/handler/locality.go:43.34,45.10 2 1
github.com/extmatperez/meli_bootcamp_go_w2-3/cmd/server/handler/locality.go:46.34,48.10 2 1
github.com/extmatperez/meli_bootcamp_go_w2-3/cmd/server/handler/locality.go:51.3,52.17 2 1
github.com/extmatperez/meli_bootcamp_go_w2-3/cmd/server/handler/locality.go:52.17,53.52 1 1
github.com/extmatperez/meli_bootcamp_go_w2-3/cmd/server/handler/locality.go:53.52,56.5 2 1
github.com/extmatperez/meli_bootcamp_go_w2-3/cmd/server/handler/locality.go:57.4,57.61 1 1
github.com/extmatperez/meli_bootcamp_go_w2-3/cmd/server/handler/locality.go:59.3,59.52 1 1
github.com/extmatperez/meli_bootcamp_go_w2-3/cmd/server/handler/locality.go:72.72,73.30 1 1
github.com/extmatperez/meli_bootcamp_go_w2-3/cmd/server/handler/locality.go:73.30,79.26 4 1
github.com/extmatperez/meli_bootcamp_go_w2-3/cmd/server/handler/locality.go:79.26,81.18 2 1
github.com/extmatperez/meli_bootcamp_go_w2-3/cmd/server/handler/locality.go:81.18,84.5 2 1
github.com/extmatperez/meli_bootcamp_go_w2-3/cmd/server/handler/locality.go:87.3,88.17 2 1
github.com/extmatperez/meli_bootcamp_go_w2-3/cmd/server/handler/locality.go:88.17,89.44 1 1
github.com/extmatperez/meli_bootcamp_go_w2-3/cmd/server/handler/locality.go:89.44,92.5 2 1
github.com/extmatperez/meli_bootcamp_go_w2-3/cmd/server/handler/locality.go:93.4,93.61 1 1
github.com/extmatperez/meli_bootcamp_go_w2-3/cmd/server/handler/locality.go:95.3,95.23 1 1
github.com/extmatperez/meli_bootcamp_go_w2-3/cmd/server/handler/locality.go:95.23,97.4 1 1
github.com/extmatperez/meli_bootcamp_go_w2-3/cmd/server/handler/locality.go:98.3,98.40 1 1
github.com/extmatperez/meli_bootcamp_go_w2-3/cmd/server/handler/product.go:18.55,22.2 1 1
github.com/extmatperez/meli_bootcamp_go_w2-3/cmd/server/handler/product.go:31.54,32.30 1 1
github.com/extmatperez/meli_bootcamp_go_w2-3/cmd/server/handler/product.go:32.30,34.17 2 1
github.com/extmatperez/meli_bootcamp_go_w2-3/cmd/server/handler/product.go:34.17,38.4 2 1
github.com/extmatperez/meli_bootcamp_go_w2-3/cmd/server/handler/product.go:39.3,39.42 1 1
github.com/extmatperez/meli_bootcamp_go_w2-3/cmd/server/handler/product.go:51.51,52.30 1 1
github.com/extmatperez/meli_bootcamp_go_w2-3/cmd/server/handler/product.go:52.30,54.17 2 1
github.com/extmatperez/meli_bootcamp_go_w2-3/cmd/server/handler/product.go:54.17,57.4 2 1
github.com/extmatperez/meli_bootcamp_go_w2-3/cmd/server/handler/product.go:59.3,60.17 2 1
github.com/extmatperez/meli_bootcamp_go_w2-3/cmd/server/handler/product.go:60.17,61.43 1 1
github.com/extmatperez/meli_bootcamp_go_w2-3/cmd/server/handler/product.go:61.43,65.5 2 1
github.com/extmatperez/meli_bootcamp_go_w2-3/cmd/server/handler/product.go:67.4,68.10 2 1
github.com/extmatperez/meli_bootcamp_go_w2-3/cmd/server/handler/product.go:70.3,70.44 1 1
github.com/extmatperez/meli_bootcamp_go_w2-3/cmd/server/handler/product.go:82.54,83.30 1 1
github.com/extmatperez/meli_bootcamp_go_w2-3/cmd/server/handler/product.go:83.30,87.17 3 1
github.com/extmatperez/meli_bootcamp_go_w2-3/cmd/server/handler/product.go:87.17,90.4 2 1
github.com/extmatperez/meli_bootcamp_go_w2-3/cmd/server/handler/product.go:92.3,92.294 1 1
github.com/extmatperez/meli_bootcamp_go_w2-3/cmd/server/handler/product.go:92.294,95.4 2 1
github.com/extmatperez/meli_bootcamp_go_w2-3/cmd/server/handler/product.go:97.3,112.17 3 1
github.com/extmatperez/meli_bootcamp_go_w2-3/cmd/server/handler/product.go:112.17,113.55 1 1
github.com/extmatperez/meli_bootcamp_go_w2-3/cmd/server/handler/product.go:113.55,116.5 2 1
github.com/extmatperez/meli_bootcamp_go_w2-3/cmd/server/handler/product.go:117.4,118.10 2 1
github.com/extmatperez/meli_bootcamp_go_w2-3/cmd/server/handler/product.go:120.3,121.50 2 1
github.com/extmatperez/meli_bootcamp_go_w2-3/cmd/server/handler/product.go:134.54,135.30 1 1
github.com/extmatperez/meli_bootcamp_go_w2-3/cmd/server/handler/product.go:135.30,138.19 2 1
github.com/extmatperez/meli_bootcamp_go_w2-3/cmd/server/handler/product.go:138.19,141.4 2 1
github.com/extmatperez/meli_bootcamp_go_w2-3/cmd/server/handler/product.go:143.3,145.17 3 1
github.com/extmatperez/meli_bootcamp_go_w2-3/cmd/server/handler/product.go:145.17,149.4 2 1
github.com/extmatperez/meli_bootcamp_go_w2-3/cmd/server/handler/product.go:151.3,151.294 1 1
github.com/extmatperez/meli_bootcamp_go_w2-3/cmd/server/handler/product.go:151.294,155.4 2 1
github.com/extmatperez/meli_bootcamp_go_w2-3/cmd/server/handler/product.go:157.3,174.17 3 1
github.com/extmatperez/meli_bootcamp_go_w2-3/cmd/server/handler/product.go:174.17,175.43 1 1
github.com/extmatperez/meli_bootcamp_go_w2-3/cmd/server/handler/product.go:175.43,178.5 2 1
github.com/extmatperez/meli_bootcamp_go_w2-3/cmd/server/handler/product.go:179.4,180.10 2 1
github.com/extmatperez/meli_bootcamp_go_w2-3/cmd/server/handler/product.go:182.3,182.45 1 1
github.com/extmatperez/meli_bootcamp_go_w2-3/cmd/server/handler/product.go:195.54,196.30 1 1
github.com/extmatperez/meli_bootcamp_go_w2-3/cmd/server/handler/product.go:196.30,199.17 2 1
github.com/extmatperez/meli_bootcamp_go_w2-3/cmd/server/handler/product.go:199.17,202.4 2 1
github.com/extmatperez/meli_bootcamp_go_w2-3/cmd/server/handler/product.go:203.3,205.17 2 1
github.com/extmatperez/meli_bootcamp_go_w2-3/cmd/server/handler/product.go:205.17,208.23 2 1
github.com/extmatperez/meli_bootcamp_go_w2-3/cmd/server/handler/product.go:208.23,211.5 2 1
github.com/extmatperez/meli_bootcamp_go_w2-3/cmd/server/handler/product.go:212.4,213.10 2 1
github.com/extmatperez/meli_bootcamp_go_w2-3/cmd/server/handler/product.go:216.3,216.44 1 1
github.com/extmatperez/meli_bootcamp_go_w2-3/cmd/server/handler/product_batch.go:20.110,26.2 1 1
github.com/extmatperez/meli_bootcamp_go_w2-3/cmd/server/handler/product_batch.go:37.59,38.30 1 1
github.com/extmatperez/meli_bootcamp_go_w2-3/cmd/server/handler/product_batch.go:38.30,40.57 2 1
github.com/extmatperez/meli_bootcamp_go_w2-3/cmd/server/handler/product_batch.go:40.57,43.4 2 1
github.com/extmatperez/meli_bootcamp_go_w2-3/cmd/server/handler/product_batch.go:45.3,45.49 1 1
github.com/extmatperez/meli_bootcamp_go_w2-3/cmd/server/handler/product_batch.go:45.49,48.4 2 1
github.com/extmatperez/meli_bootcamp_go_w2-3/cmd/server/handler/product_batch.go:50.3,51.17 2 1
github.com/extmatperez/meli_bootcamp_go_w2-3/cmd/server/handler/product_batch.go:51.17,54.4 2 1
github.com/extmatperez/meli_bootcamp_go_w2-3/cmd/server/handler/product_batch.go:56.3,57.17 2 1
github.com/extmatperez/meli_bootcamp_go_w2-3/cmd/server/handler/product_batch.go:57.17,60.4 2 1
github.com/extmatperez/meli_bootcamp_go_w2-3/cmd/server/handler/product_batch.go:61.3,62.17 2 1
github.com/extmatperez/meli_bootcamp_go_w2-3/cmd/server/handler/product_batch.go:62.17,65.4 2 1
github.com/extmatperez/meli_bootcamp_go_w2-3/cmd/server/handler/product_batch.go:66.3,67.51 2 1
github.com/extmatperez/meli_bootcamp_go_w2-3/cmd/server/handler/product_record.go:21.93,26.2 1 1
github.com/extmatperez/meli_bootcamp_go_w2-3/cmd/server/handler/product_record.go:36.60,37.30 1 1
github.com/extmatperez/meli_bootcamp_go_w2-3/cmd/server/handler/product_record.go:37.30,42.17 3 1
github.com/extmatperez/meli_bootcamp_go_w2-3/cmd/server/handler/product_record.go:42.17,45.4 2 1
github.com/extmatperez/meli_bootcamp_go_w2-3/cmd/server/handler/product_record.go:47.3,52.17 4 1
github.com/extmatperez/meli_bootcamp_go_w2-3/cmd/server/handler/product_record.go:52.17,55.4 2 1
github.com/extmatperez/meli_bootcamp_go_w2-3/cmd/server/handler/product_record.go:58.3,58.36 1 1
github.com/extmatperez/meli_bootcamp_go_w2-3/cmd/server/handler/product_record.go:58.36,62.4 2 1
github.com/extmatperez/meli_bootcamp_go_w2-3/cmd/server/handler/product_record.go:64.3,65.17 2 1
github.com/extmatperez/meli_bootcamp_go_w2-3/cmd/server/handler/product_record.go:65.17,68.4 2 1
github.com/extmatperez/meli_bootcamp_go_w2-3/cmd/server/handler/product_record.go:70.3,79.17 3 1
github.com/extmatperez/meli_bootcamp_go_w2-3/cmd/server/handler/product_record.go:79.17,82.4 2 1
github.com/extmatperez/meli_bootcamp_go_w2-3/cmd/server/handler/product_record.go:83.3,84.56 2 1
github.com/extmatperez/meli_bootcamp_go_w2-3/cmd/server/handler/product_record.go:95.80,96.30 1 1
github.com/extmatperez/meli_bootcamp_go_w2-3/cmd/server/handler/product_record.go:96.30,98.17 2 1
github.com/extmatperez/meli_bootcamp_go_w2-3/cmd/server/handler/product_record.go:98.17,102.4 2 1
github.com/extmatperez/meli_bootcamp_go_w2-3/cmd/server/handler/product_record.go:103.3,103.54 1 1
github.com/extmatperez/meli_bootcamp_go_w2-3/cmd/server/handler/product_record.go:115.79,116.30 1 1
github.com/extmatperez/meli_bootcamp_go_w2-3/cmd/server/handler/product_record.go:116.30,118.17 2 1
github.com/extmatperez/meli_bootcamp_go_w2-3/cmd/server/handler/product_record.go:118.17,121.4 2 1
github.com/extmatperez/meli_bootcamp_go_w2-3/cmd/server/handler/product_record.go:123.3,124.17 2 1
github.com/extmatperez/meli_bootcamp_go_w2-3/cmd/server/handler/product_record.go:124.17,125.49 1 1
github.com/extmatperez/meli_bootcamp_go_w2-3/cmd/server/handler/product_record.go:125.49,129.5 2 1
github.com/extmatperez/meli_bootcamp_go_w2-3/cmd/server/handler/product_record.go:131.4,133.10 2 1
github.com/extmatperez/meli_bootcamp_go_w2-3/cmd/server/handler/product_record.go:135.3,135.47 1 1
github.com/extmatperez/meli_bootcamp_go_w2-3/cmd/server/handler/purchase_orders.go:18.94,23.2 1 1
github.com/extmatperez/meli_bootcamp_go_w2-3/cmd/server/handler/purchase_orders.go:37.68,38.30 1 1
github.com/extmatperez/meli_bootcamp_go_w2-3/cmd/server/handler/purchase_orders.go:38.30,41.17 3 1
github.com/extmatperez/meli_bootcamp_go_w2-3/cmd/server/handler/purchase_orders.go:41.17,44.4 2 1
github.com/extmatperez/meli_bootcamp_go_w2-3/cmd/server/handler/purchase_orders.go:45.3,46.17 2 1
github.com/extmatperez/meli_bootcamp_go_w2-3/cmd/server/handler/purchase_orders.go:46.17,49.4 2 1
github.com/extmatperez/meli_bootcamp_go_w2-3/cmd/server/handler/purchase_orders.go:50.3,50.170 1 1
github.com/extmatperez/meli_bootcamp_go_w2-3/cmd/server/handler/purchase_orders.go:50.170,53.4 2 1
github.com/extmatperez/meli_bootcamp_go_w2-3/cmd/server/handler/purchase_orders.go:54.3,63.17 2 1
github.com/extmatperez/meli_bootcamp_go_w2-3/cmd/server/handler/purchase_orders.go:63.17,66.4 2 1
github.com/extmatperez/meli_bootcamp_go_w2-3/cmd/server/handler/purchase_orders.go:68.3,68.44 1 1
github.com/extmatperez/meli_bootcamp_go_w2-3/cmd/server/handler/section.go:18.55,22.2 1 1
github.com/extmatperez/meli_bootcamp_go_w2-3/cmd/server/handler/section.go:32.54,33.30 1 1
github.com/extmatperez/meli_bootcamp_go_w2-3/cmd/server/handler/section.go:33.30,35.17 2 1
github.com/extmatperez/meli_bootcamp_go_w2-3/cmd/server/handler/section.go:35.17,38.4 2 1
github.com/extmatperez/meli_bootcamp_go_w2-3/cmd/server/handler/section.go:39.3,39.42 1 1
github.com/extmatperez/meli_bootcamp_go_w2-3/cmd/server/handler/section.go:52.51,53.30 1 1
github.com/extmatperez/meli_bootcamp_go_w2-3/cmd/server/handler/section.go:53.30,55.17 2 1
github.com/extmatperez/meli_bootcamp_go_w2-3/cmd/server/handler/section.go:55.17,58.4 2 1
github.com/extmatperez/meli_bootcamp_go_w2-3/cmd/server/handler/section.go:59.3,60.17 2 1
github.com/extmatperez/meli_bootcamp_go_w2-3/cmd/server/handler/section.go:60.17,61.42 1 1
github.com/extmatperez/meli_bootcamp_go_w2-3/cmd/server/handler/section.go:61.42,64.5 2 1
github.com/extmatperez/meli_bootcamp_go_w2-3/cmd/server/handler/section.go:66.4,67.10 2 1
github.com/extmatperez/meli_bootcamp_go_w2-3/cmd/server/handler/section.go:69.3,69.41 1 1
github.com/extmatperez/meli_bootcamp_go_w2-3/cmd/server/handler/section.go:82.54,83.30 1 1
github.com/extmatperez/meli_bootcamp_go_w2-3/cmd/server/handler/section.go:83.30,86.17 3 1
github.com/extmatperez/meli_bootcamp_go_w2-3/cmd/server/handler/section.go:86.17,89.4 2 1
github.com/extmatperez/meli_bootcamp_go_w2-3/cmd/server/handler/section.go:91.3,91.10 1 1
github.com/extmatperez/meli_bootcamp_go_w2-3/cmd/server/handler/section.go:92.40,94.10 2 1
github.com/extmatperez/meli_bootcamp_go_w2-3/cmd/server/handler/section.go:95.45,97.10 2 1
github.com/extmatperez/meli_bootcamp_go_w2-3/cmd/server/handler/section.go:98.45,100.10 2 1
github.com/extmatperez/meli_bootcamp_go_w2-3/cmd/server/handler/section.go:101.42,103.10 2 1
github.com/extmatperez/meli_bootcamp_go_w2-3/cmd/server/handler/section.go:104.42,106.10 2 1
github.com/extmatperez/meli_bootcamp_go_w2-3/cmd/server/handler/section.go:107.42,109.10 2 1
github.com/extmatperez/meli_bootcamp_go_w2-3/cmd/server/handler/section.go:110.38,112.10 2 1
github.com/extmatperez/meli_bootcamp_go_w2-3/cmd/server/handler/section.go:113.40,115.10 2 1
github.com/extmatperez/meli_bootcamp_go_w2-3/cmd/server/handler/section.go:118.3,119.17 2 1
github.com/extmatperez/meli_bootcamp_go_w2-3/cmd/server/handler/section.go:119.17,120.47 1 1
github.com/extmatperez/meli_bootcamp_go_w2-3/cmd/server/handler/section.go:120.47,123.5 2 1
github.com/extmatperez/meli_bootcamp_go_w2-3/cmd/server/handler/section.go:124.4,125.10 2 1
github.com/extmatperez/meli_bootcamp_go_w2-3/cmd/server/handler/section.go:127.3,128.51 2 1
github.com/extmatperez/meli_bootcamp_go_w2-3/cmd/server/handler/section.go:142.54,143.30 1 1
github.com/extmatperez/meli_bootcamp_go_w2-3/cmd/server/handler/section.go:143.30,145.17 2 1
github.com/extmatperez/meli_bootcamp_go_w2-3/cmd/server/handler/section.go:145.17,148.4 2 1
github.com/extmatperez/meli_bootcamp_go_w2-3/cmd/server/handler/section.go:150.3,152.17 3 1
github.com/extmatperez/meli_bootcamp_go_w2-3/cmd/server/handler/section.go:152.17,155.4 2 1
github.com/extmatperez/meli_bootcamp_go_w2-3/cmd/server/handler/section.go:156.3,167.10 2 1
github.com/extmatperez/meli_bootcamp_go_w2-3/cmd/server/handler/section.go:168.40,170.10 2 1
github.com/extmatperez/meli_bootcamp_go_w2-3/cmd/server/handler/section.go:171.45,173.10 2 1
github.com/extmatperez/meli_bootcamp_go_w2-3/cmd/server/handler/section.go:174.45,176.10 2 1
github.com/extmatperez/meli_bootcamp_go_w2-3/cmd/server/handler/section.go:177.42,179.10 2 1
github.com/extmatperez/meli_bootcamp_go_w2-3/cmd/server/handler/section.go:180.42,182.10 2 1
github.com/extmatperez/meli_bootcamp_go_w2-3/cmd/server/handler/section.go:183.42,185.10 2 1
github.com/extmatperez/meli_bootcamp_go_w2-3/cmd/server/handler/section.go:186.38,188.10 2 1
github.com/extmatperez/meli_bootcamp_go_w2-3/cmd/server/handler/section.go:189.40,191.10 2 1
github.com/extmatperez/meli_bootcamp_go_w2-3/cmd/server/handler/section.go:194.3,195.17 2 1
github.com/extmatperez/meli_bootcamp_go_w2-3/cmd/server/handler/section.go:195.17,196.43 1 1
github.com/extmatperez/meli_bootcamp_go_w2-3/cmd/server/handler/section.go:196.43,199.5 2 1
github.com/extmatperez/meli_bootcamp_go_w2-3/cmd/server/handler/section.go:200.4,201.10 2 1
github.com/extmatperez/meli_bootcamp_go_w2-3/cmd/server/handler/section.go:204.3,204.48 1 1
github.com/extmatperez/meli_bootcamp_go_w2-3/cmd/server/handler/section.go:218.54,219.30 1 1
github.com/extmatperez/meli_bootcamp_go_w2-3/cmd/server/handler/section.go:219.30,221.17 2 1
github.com/extmatperez/meli_bootcamp_go_w2-3/cmd/server/handler/section.go:221.17,224.4 2 1
github.com/extmatperez/meli_bootcamp_go_w2-3/cmd/server/handler/section.go:225.3,226.17 2 1
github.com/extmatperez/meli_bootcamp_go_w2-3/cmd/server/handler/section.go:226.17,227.43 1 1
github.com/extmatperez/meli_bootcamp_go_w2-3/cmd/server/handler/section.go:227.43,230.5 2 1
github.com/extmatperez/meli_bootcamp_go_w2-3/cmd/server/handler/section.go:231.4,232.10 2 1
github.com/extmatperez/meli_bootcamp_go_w2-3/cmd/server/handler/section.go:234.3,234.44 1 1
github.com/extmatperez/meli_bootcamp_go_w2-3/cmd/server/handler/section.go:247.62,248.30 1 1
github.com/extmatperez/meli_bootcamp_go_w2-3/cmd/server/handler/section.go:248.30,253.13 5 1
github.com/extmatperez/meli_bootcamp_go_w2-3/cmd/server/handler/section.go:253.13,256.4 2 1
github.com/extmatperez/meli_bootcamp_go_w2-3/cmd/server/handler/section.go:257.3,257.18 1 1
github.com/extmatperez/meli_bootcamp_go_w2-3/cmd/server/handler/section.go:257.18,259.4 1 1
github.com/extmatperez/meli_bootcamp_go_w2-3/cmd/server/handler/section.go:261.3,261.29 1 1
github.com/extmatperez/meli_bootcamp_go_w2-3/cmd/server/handler/section.go:261.29,264.4 2 1
github.com/extmatperez/meli_bootcamp_go_w2-3/cmd/server/handler/section.go:266.3,266.17 1 1
github.com/extmatperez/meli_bootcamp_go_w2-3/cmd/server/handler/section.go:266.17,269.4 2 1
github.com/extmatperez/meli_bootcamp_go_w2-3/cmd/server/handler/section.go:270.3,270.42 1 1
github.com/extmatperez/meli_bootcamp_go_w2-3/cmd/server/handler/seller.go:20.72,25.2 1 1
github.com/extmatperez/meli_bootcamp_go_w2-3/cmd/server/handler/seller.go:35.53,36.30 1 1
github.com/extmatperez/meli_bootcamp_go_w2-3/cmd/server/handler/seller.go:36.30,38.17 2 1
github.com/extmatperez/meli_bootcamp_go_w2-3/cmd/server/handler/seller.go:38.17,41.4 2 1
github.com/extmatperez/meli_bootcamp_go_w2-3/cmd/server/handler/seller.go:42.3,42.24 1 1
github.com/extmatperez/meli_bootcamp_go_w2-3/cmd/server/handler/seller.go:42.24,44.4 1 1
github.com/extmatperez/meli_bootcamp_go_w2-3/cmd/server/handler/seller.go:45.3,45.41 1 1
github.com/extmatperez/meli_bootcamp_go_w2-3/cmd/server/handler/seller.go:58.50,59.30 1 1
github.com/extmatperez/meli_bootcamp_go_w2-3/cmd/server/handler/seller.go:59.30,61.17 2 1
github.com/extmatperez/meli_bootcamp_go_w2-3/cmd/server/handler/seller.go:61.17,64.4 2 1
github.com/extmatperez/meli_bootcamp_go_w2-3/cmd/server/handler/seller.go:65.3,66.17 2 1
github.com/extmatperez/meli_bootcamp_go_w2-3/cmd/server/handler/seller.go:66.17,67.42 1 1
github.com/extmatperez/meli_bootcamp_go_w2-3/cmd/server/handler/seller.go:67.42,70.5 2 1
github.com/extmatperez/meli_bootcamp_go_w2-3/cmd/server/handler/seller.go:72.4,73.10 2 1
github.com/extmatperez/meli_bootcamp_go_w2-3/cmd/server/handler/seller.go:75.3,75.43 1 1
github.com/extmatperez/meli_bootcamp_go_w2-3/cmd/server/handler/seller.go:88.53,89.30 1 1
github.com/extmatperez/meli_bootcamp_go_w2-3/cmd/server/handler/seller.go:89.30,92.55 2 1
github.com/extmatperez/meli_bootcamp_go_w2-3/cmd/server/handler/seller.go:92.55,95.4 2 1
github.com/extmatperez/meli_bootcamp_go_w2-3/cmd/server/handler/seller.go:97.3,98.17 2 1
github.com/extmatperez/meli_bootcamp_go_w2-3/cmd/server/handler/seller.go:98.17,101.4 2 1
github.com/extmatperez/meli_bootcamp_go_w2-3/cmd/server/handler/seller.go:103.3,103.10 1 1
github.com/extmatperez/meli_bootcamp_go_w2-3/cmd/server/handler/seller.go:104.29,106.10 2 1
github.com/extmatperez/meli_bootcamp_go_w2-3/cmd/server/handler/seller.go:107.38,109.10 2 1
github.com/extmatperez/meli_bootcamp_go_w2-3/cmd/server/handler/seller.go:110.34,112.10 2 1
github.com/extmatperez/meli_bootcamp_go_w2-3/cmd/server/handler/seller.go:113.36,115.10 2 1
github.com/extmatperez/meli_bootcamp_go_w2-3/cmd/server/handler/seller.go:116.36,118.10 2 1
github.com/extmatperez/meli_bootcamp_go_w2-3/cmd/server/handler/seller.go:121.3,122.17 2 1
github.com/extmatperez/meli_bootcamp_go_w2-3/cmd/server/handler/seller.go:122.17,123.49 1 1
github.com/extmatperez/meli_bootcamp_go_w2-3/cmd/server/handler/seller.go:123.49,126.5 2 1
github.com/extmatperez/meli_bootcamp_go_w2-3/cmd/server/handler/seller.go:127.4,127.78 1 1
github.com/extmatperez/meli_bootcamp_go_w2-3/cmd/server/handler/seller.go:129.3,129.50 1 1
github.com/extmatperez/meli_bootcamp_go_w2-3/cmd/server/handler/seller.go:143.53,144.30 1 1
github.com/extmatperez/meli_bootcamp_go_w2-3/cmd/server/handler/seller.go:144.30,146.17 2 1
github.com/extmatperez/meli_bootcamp_go_w2-3/cmd/server/handler/seller.go:146.17,149.4 2 1
github.com/extmatperez/meli_bootcamp_go_w2-3/cmd/server/handler/seller.go:150.3,151.50 2 1
github.com/extmatperez/meli_bootcamp_go_w2-3/cmd/server/handler/seller.go:151.50,154.4 2 1
github.com/extmatperez/meli_bootcamp_go_w2-3/cmd/server/handler/seller.go:155.3,156.17 2 1
github.com/extmatperez/meli_bootcamp_go_w2-3/cmd/server/handler/seller.go:156.17,157.15 1 1
github.com/extmatperez/meli_bootcamp_go_w2-3/cmd/server/handler/seller.go:158.28,160.11 2 1
github.com/extmatperez/meli_bootcamp_go_w2-3/cmd/server/handler/seller.go:161.12,163.11 2 1
github.com/extmatperez/meli_bootcamp_go_w2-3/cmd/server/handler/seller.go:166.3,166.47 1 1
github.com/extmatperez/meli_bootcamp_go_w2-3/cmd/server/handler/seller.go:179.53,180.30 1 1
github.com/extmatperez/meli_bootcamp_go_w2-3/cmd/server/handler/seller.go:180.30,183.17 2 1
github.com/extmatperez/meli_bootcamp_go_w2-3/cmd/server/handler/seller.go:183.17,186.4 2 1
github.com/extmatperez/meli_bootcamp_go_w2-3/cmd/server/handler/seller.go:188.3,190.17 2 1
github.com/extmatperez/meli_bootcamp_go_w2-3/cmd/server/handler/seller.go:190.17,191.42 1 1
github.com/extmatperez/meli_bootcamp_go_w2-3/cmd/server/handler/seller.go:191.42,194.5 2 1
github.com/extmatperez/meli_bootcamp_go_w2-3/cmd/server/handler/seller.go:196.4,197.10 2 1
github.com/extmatperez/meli_bootcamp_go_w2-3/cmd/server/handler/seller.go:200.3,200.44 1 1
github.com/extmatperez/meli_bootcamp_go_w2-3/cmd/server/handler/warehouse.go:18.61,22.2 1 1
github.com/extmatperez/meli_bootcamp_go_w2-3/cmd/server/handler/warehouse.go:33.53,34.30 1 1
github.com/extmatperez/meli_bootcamp_go_w2-3/cmd/server/handler/warehouse.go:34.30,36.17 2 1
github.com/extmatperez/meli_bootcamp_go_w2-3/cmd/server/handler/warehouse.go:36.17,39.4 2 1
github.com/extmatperez/meli_bootcamp_go_w2-3/cmd/server/handler/warehouse.go:41.3,42.17 2 1
github.com/extmatperez/meli_bootcamp_go_w2-3/cmd/server/handler/warehouse.go:42.17,43.45 1 1
github.com/extmatperez/meli_bootcamp_go_w2-3/cmd/server/handler/warehouse.go:43.45,46.5 2 1
github.com/extmatperez/meli_bootcamp_go_w2-3/cmd/server/handler/warehouse.go:48.4,49.10 2 1
github.com/extmatperez/meli_bootcamp_go_w2-3/cmd/server/handler/warehouse.go:51.3,51.46 1 1
github.com/extmatperez/meli_bootcamp_go_w2-3/cmd/server/handler/warehouse.go:63.56,64.30 1 1
github.com/extmatperez/meli_bootcamp_go_w2-3/cmd/server/handler/warehouse.go:64.30,66.17 2 1
github.com/extmatperez/meli_bootcamp_go_w2-3/cmd/server/handler/warehouse.go:66.17,69.4 2 1
github.com/extmatperez/meli_bootcamp_go_w2-3/cmd/server/handler/warehouse.go:71.3,71.27 1 1
github.com/extmatperez/meli_bootcamp_go_w2-3/cmd/server/handler/warehouse.go:71.27,74.4 2 1
github.com/extmatperez/meli_bootcamp_go_w2-3/cmd/server/handler/warehouse.go:76.3,76.44 1 1
github.com/extmatperez/meli_bootcamp_go_w2-3/cmd/server/handler/warehouse.go:89.56,90.30 1 1
github.com/extmatperez/meli_bootcamp_go_w2-3/cmd/server/handler/warehouse.go:90.30,93.17 3 1
github.com/extmatperez/meli_bootcamp_go_w2-3/cmd/server/handler/warehouse.go:93.17,96.4 2 1
github.com/extmatperez/meli_bootcamp_go_w2-3/cmd/server/handler/warehouse.go:98.3,98.10 1 1
github.com/extmatperez/meli_bootcamp_go_w2-3/cmd/server/handler/warehouse.go:99.37,101.10 2 1
github.com/extmatperez/meli_bootcamp_go_w2-3/cmd/server/handler/warehouse.go:102.44,104.10 2 1
github.com/extmatperez/meli_bootcamp_go_w2-3/cmd/server/handler/warehouse.go:105.39,107.10 2 1
github.com/extmatperez/meli_bootcamp_go_w2-3/cmd/server/handler/warehouse.go:108.43,110.10 2 1
github.com/extmatperez/meli_bootcamp_go_w2-3/cmd/server/handler/warehouse.go:113.3,114.17 2 1
github.com/extmatperez/meli_bootcamp_go_w2-3/cmd/server/handler/warehouse.go:114.17,115.15 1 1
github.com/extmatperez/meli_bootcamp_go_w2-3/cmd/server/handler/warehouse.go:116.35,118.11 2 1
github.com/extmatperez/meli_bootcamp_go_w2-3/cmd/server/handler/warehouse.go:119.12,121.11 2 1
github.com/extmatperez/meli_bootcamp_go_w2-3/cmd/server/handler/warehouse.go:125.3,125.54 1 1
github.com/extmatperez/meli_bootcamp_go_w2-3/cmd/server/handler/warehouse.go:138.56,139.30 1 1
github.com/extmatperez/meli_bootcamp_go_w2-3/cmd/server/handler/warehouse.go:139.30,141.17 2 1
github.com/extmatperez/meli_bootcamp_go_w2-3/cmd/server/handler/warehouse.go:141.17,144.4 2 1
github.com/extmatperez/meli_bootcamp_go_w2-3/cmd/server/handler/warehouse.go:146.3,147.17 2 1
github.com/extmatperez/meli_bootcamp_go_w2-3/cmd/server/handler/warehouse.go:147.17,148.15 1 1
github.com/extmatperez/meli_bootcamp_go_w2-3/cmd/server/handler/warehouse.go:149.31,151.11 2 1
github.com/extmatperez/meli_bootcamp_go_w2-3/cmd/server/handler/warehouse.go:152.12,154.11 2 1
github.com/extmatperez/meli_bootcamp_go_w2-3/cmd/server/handler/warehouse.go:158.3,158.44 1 1
github.com/extmatperez/meli_bootcamp_go_w2-3/cmd/server/handler/warehouse.go:172.56,173.30 1 1
github.com/extmatperez/meli_bootcamp_go_w2-3/cmd/server/handler/warehouse.go:173.30,175.19 2 1
github.com/extmatperez/meli_bootcamp_go_w2-3/cmd/server/handler/warehouse.go:175.19,178.4 2 1
github.com/extmatperez/meli_bootcamp_go_w2-3/cmd/server/handler/warehouse.go:180.3,181.50 2 1
github.com/extmatperez/meli_bootcamp_go_w2-3/cmd/server/handler/warehouse.go:181.50,184.4 2 1
github.com/extmatperez/meli_bootcamp_go_w2-3/cmd/server/handler/warehouse.go:186.3,187.17 2 1
github.com/extmatperez/meli_bootcamp_go_w2-3/cmd/server/handler/warehouse.go:187.17,188.15 1 1
github.com/extmatperez/meli_bootcamp_go_w2-3/cmd/server/handler/warehouse.go:189.31,191.11 2 1
github.com/extmatperez/meli_bootcamp_go_w2-3/cmd/server/handler/warehouse.go:192.12,194.11 2 1
github.com/extmatperez/meli_bootcamp_go_w2-3/cmd/server/handler/warehouse.go:198.3,198.40 1 1
github.com/extmatperez/meli_bootcamp_go_w2-3/internal/buyer/repository.go:27.43,31.2 1 0
github.com/extmatperez/meli_bootcamp_go_w2-3/internal/buyer/repository.go:33.94,38.16 5 0
github.com/extmatperez/meli_bootcamp_go_w2-3/internal/buyer/repository.go:38.16,40.3 1 0
github.com/extmatperez/meli_bootcamp_go_w2-3/internal/buyer/repository.go:42.2,42.15 1 0
github.com/extmatperez/meli_bootcamp_go_w2-3/internal/buyer/repository.go:45.89,48.16 3 0
github.com/extmatperez/meli_bootcamp_go_w2-3/internal/buyer/repository.go:48.16,50.3 1 0
github.com/extmatperez/meli_bootcamp_go_w2-3/internal/buyer/repository.go:52.2,54.18 2 0
github.com/extmatperez/meli_bootcamp_go_w2-3/internal/buyer/repository.go:54.18,58.3 3 0
github.com/extmatperez/meli_bootcamp_go_w2-3/internal/buyer/repository.go:60.2,60.20 1 0
github.com/extmatperez/meli_bootcamp_go_w2-3/internal/buyer/repository.go:63.70,67.16 4 0
github.com/extmatperez/meli_bootcamp_go_w2-3/internal/buyer/repository.go:67.16,69.3 1 0
github.com/extmatperez/meli_bootcamp_go_w2-3/internal/buyer/repository.go:71.2,71.18 1 0
github.com/extmatperez/meli_bootcamp_go_w2-3/internal/buyer/repository.go:74.74,77.16 3 0
github.com/extmatperez/meli_bootcamp_go_w2-3/internal/buyer/repository.go:77.16,79.3 1 0
github.com/extmatperez/meli_bootcamp_go_w2-3/internal/buyer/repository.go:81.2,83.18 2 0
github.com/extmatperez/meli_bootcamp_go_w2-3/internal/buyer/repository.go:83.18,87.3 3 0
github.com/extmatperez/meli_bootcamp_go_w2-3/internal/buyer/repository.go:89.2,89.20 1 0
github.com/extmatperez/meli_bootcamp_go_w2-3/internal/buyer/repository.go:92.77,97.16 5 0
github.com/extmatperez/meli_bootcamp_go_w2-3/internal/buyer/repository.go:97.16,99.3 1 0
github.com/extmatperez/meli_bootcamp_go_w2-3/internal/buyer/repository.go:101.2,101.15 1 0
github.com/extmatperez/meli_bootcamp_go_w2-3/internal/buyer/repository.go:104.81,109.2 4 0
github.com/extmatperez/meli_bootcamp_go_w2-3/internal/buyer/repository.go:111.77,114.16 3 0
github.com/extmatperez/meli_bootcamp_go_w2-3/internal/buyer/repository.go:114.16,116.3 1 0
github.com/extmatperez/meli_bootcamp_go_w2-3/internal/buyer/repository.go:118.2,119.16 2 0
github.com/extmatperez/meli_bootcamp_go_w2-3/internal/buyer/repository.go:119.16,121.3 1 0
github.com/extmatperez/meli_bootcamp_go_w2-3/internal/buyer/repository.go:123.2,124.16 2 0
github.com/extmatperez/meli_bootcamp_go_w2-3/internal/buyer/repository.go:124.16,126.3 1 0
github.com/extmatperez/meli_bootcamp_go_w2-3/internal/buyer/repository.go:128.2,128.21 1 0
github.com/extmatperez/meli_bootcamp_go_w2-3/internal/buyer/repository.go:131.72,134.16 3 0
github.com/extmatperez/meli_bootcamp_go_w2-3/internal/buyer/repository.go:134.16,136.3 1 0
github.com/extmatperez/meli_bootcamp_go_w2-3/internal/buyer/repository.go:138.2,139.16 2 0
github.com/extmatperez/meli_bootcamp_go_w2-3/internal/buyer/repository.go:139.16,141.3 1 0
github.com/extmatperez/meli_bootcamp_go_w2-3/internal/buyer/repository.go:143.2,144.16 2 0
github.com/extmatperez/meli_bootcamp_go_w2-3/internal/buyer/repository.go:144.16,146.3 1 0
github.com/extmatperez/meli_bootcamp_go_w2-3/internal/buyer/repository.go:148.2,148.12 1 0
github.com/extmatperez/meli_bootcamp_go_w2-3/internal/buyer/repository.go:151.64,154.16 3 0
github.com/extmatperez/meli_bootcamp_go_w2-3/internal/buyer/repository.go:154.16,156.3 1 0
github.com/extmatperez/meli_bootcamp_go_w2-3/internal/buyer/repository.go:158.2,159.16 2 0
github.com/extmatperez/meli_bootcamp_go_w2-3/internal/buyer/repository.go:159.16,161.3 1 0
github.com/extmatperez/meli_bootcamp_go_w2-3/internal/buyer/repository.go:163.2,164.16 2 0
github.com/extmatperez/meli_bootcamp_go_w2-3/internal/buyer/repository.go:164.16,166.3 1 0
github.com/extmatperez/meli_bootcamp_go_w2-3/internal/buyer/repository.go:168.2,168.16 1 0
github.com/extmatperez/meli_bootcamp_go_w2-3/internal/buyer/repository.go:168.16,170.3 1 0
github.com/extmatperez/meli_bootcamp_go_w2-3/internal/buyer/repository.go:172.2,172.12 1 0
github.com/extmatperez/meli_bootcamp_go_w2-3/internal/buyer/service.go:33.39,37.2 1 0
github.com/extmatperez/meli_bootcamp_go_w2-3/internal/buyer/service.go:39.96,41.16 2 0
github.com/extmatperez/meli_bootcamp_go_w2-3/internal/buyer/service.go:41.16,43.3 1 0
github.com/extmatperez/meli_bootcamp_go_w2-3/internal/buyer/service.go:44.2,44.25 1 0
github.com/extmatperez/meli_bootcamp_go_w2-3/internal/buyer/service.go:47.91,49.16 2 0
github.com/extmatperez/meli_bootcamp_go_w2-3/internal/buyer/service.go:49.16,51.3 1 0
github.com/extmatperez/meli_bootcamp_go_w2-3/internal/buyer/service.go:52.2,52.26 1 0
github.com/extmatperez/meli_bootcamp_go_w2-3/internal/buyer/service.go:55.68,58.18 2 0
github.com/extmatperez/meli_bootcamp_go_w2-3/internal/buyer/service.go:58.18,60.3 1 0
github.com/extmatperez/meli_bootcamp_go_w2-3/internal/buyer/service.go:62.2,62.12 1 0
github.com/extmatperez/meli_bootcamp_go_w2-3/internal/buyer/service.go:65.76,67.16 2 0
github.com/extmatperez/meli_bootcamp_go_w2-3/internal/buyer/service.go:67.16,69.3 1 0
github.com/extmatperez/meli_bootcamp_go_w2-3/internal/buyer/service.go:70.2,70.20 1 0
github.com/extmatperez/meli_bootcamp_go_w2-3/internal/buyer/service.go:73.79,75.16 2 0
github.com/extmatperez/meli_bootcamp_go_w2-3/internal/buyer/service.go:75.16,77.3 1 0
github.com/extmatperez/meli_bootcamp_go_w2-3/internal/buyer/service.go:78.2,78.19 1 0
github.com/extmatperez/meli_bootcamp_go_w2-3/internal/buyer/service.go:81.90,83.15 2 0
github.com/extmatperez/meli_bootcamp_go_w2-3/internal/buyer/service.go:83.15,85.3 1 0
github.com/extmatperez/meli_bootcamp_go_w2-3/internal/buyer/service.go:86.2,88.15 3 0
github.com/extmatperez/meli_bootcamp_go_w2-3/internal/buyer/service.go:91.98,93.16 2 0
github.com/extmatperez/meli_bootcamp_go_w2-3/internal/buyer/service.go:93.16,95.3 1 0
github.com/extmatperez/meli_bootcamp_go_w2-3/internal/buyer/service.go:96.2,96.23 1 0
github.com/extmatperez/meli_bootcamp_go_w2-3/internal/buyer/service.go:96.23,98.3 1 0
github.com/extmatperez/meli_bootcamp_go_w2-3/internal/buyer/service.go:99.2,99.22 1 0
github.com/extmatperez/meli_bootcamp_go_w2-3/internal/buyer/service.go:99.22,101.3 1 0
github.com/extmatperez/meli_bootcamp_go_w2-3/internal/buyer/service.go:102.2,103.16 2 0
github.com/extmatperez/meli_bootcamp_go_w2-3/internal/buyer/service.go:103.16,105.3 1 0
github.com/extmatperez/meli_bootcamp_go_w2-3/internal/buyer/service.go:107.2,107.19 1 0
github.com/extmatperez/meli_bootcamp_go_w2-3/internal/buyer/service.go:111.66,114.2 2 0
github.com/extmatperez/meli_bootcamp_go_w2-3/internal/carry/repository.go:24.43,28.2 1 0
github.com/extmatperez/meli_bootcamp_go_w2-3/internal/carry/repository.go:43.79,45.16 2 0
github.com/extmatperez/meli_bootcamp_go_w2-3/internal/carry/repository.go:45.16,47.3 1 0
github.com/extmatperez/meli_bootcamp_go_w2-3/internal/carry/repository.go:49.2,50.16 2 0
github.com/extmatperez/meli_bootcamp_go_w2-3/internal/carry/repository.go:50.16,52.3 1 0
github.com/extmatperez/meli_bootcamp_go_w2-3/internal/carry/repository.go:54.2,55.16 2 0
github.com/extmatperez/meli_bootcamp_go_w2-3/internal/carry/repository.go:55.16,57.3 1 0
github.com/extmatperez/meli_bootcamp_go_w2-3/internal/carry/repository.go:59.2,59.21 1 0
github.com/extmatperez/meli_bootcamp_go_w2-3/internal/carry/repository.go:62.77,67.16 4 0
github.com/extmatperez/meli_bootcamp_go_w2-3/internal/carry/repository.go:67.16,68.50 1 0
github.com/extmatperez/meli_bootcamp_go_w2-3/internal/carry/repository.go:68.50,70.4 1 0
github.com/extmatperez/meli_bootcamp_go_w2-3/internal/carry/repository.go:71.3,71.29 1 0
github.com/extmatperez/meli_bootcamp_go_w2-3/internal/carry/repository.go:74.2,74.15 1 0
github.com/extmatperez/meli_bootcamp_go_w2-3/internal/carry/repository.go:77.77,82.2 3 0
github.com/extmatperez/meli_bootcamp_go_w2-3/internal/carry/repository.go:84.100,86.16 2 0
github.com/extmatperez/meli_bootcamp_go_w2-3/internal/carry/repository.go:86.16,88.3 1 0
github.com/extmatperez/meli_bootcamp_go_w2-3/internal/carry/repository.go:89.2,93.18 3 0
github.com/extmatperez/meli_bootcamp_go_w2-3/internal/carry/repository.go:93.18,98.17 5 0
github.com/extmatperez/meli_bootcamp_go_w2-3/internal/carry/repository.go:98.17,100.4 1 0
github.com/extmatperez/meli_bootcamp_go_w2-3/internal/carry/repository.go:102.3,107.42 2 0
github.com/extmatperez/meli_bootcamp_go_w2-3/internal/carry/repository.go:109.2,109.20 1 0
github.com/extmatperez/meli_bootcamp_go_w2-3/internal/carry/repository.go:112.125,117.16 4 0
github.com/extmatperez/meli_bootcamp_go_w2-3/internal/carry/repository.go:117.16,118.50 1 0
github.com/extmatperez/meli_bootcamp_go_w2-3/internal/carry/repository.go:118.50,120.4 1 0
github.com/extmatperez/meli_bootcamp_go_w2-3/internal/carry/repository.go:121.3,121.46 1 0
github.com/extmatperez/meli_bootcamp_go_w2-3/internal/carry/repository.go:124.2,124.15 1 0
github.com/extmatperez/meli_bootcamp_go_w2-3/internal/carry/service.go:32.62,37.2 1 0
github.com/extmatperez/meli_bootcamp_go_w2-3/internal/carry/service.go:39.90,40.47 1 0
github.com/extmatperez/meli_bootcamp_go_w2-3/internal/carry/service.go:40.47,42.3 1 0
github.com/extmatperez/meli_bootcamp_go_w2-3/internal/carry/service.go:44.2,44.57 1 0
github.com/extmatperez/meli_bootcamp_go_w2-3/internal/carry/service.go:44.57,46.3 1 0
github.com/extmatperez/meli_bootcamp_go_w2-3/internal/carry/service.go:48.2,49.16 2 0
github.com/extmatperez/meli_bootcamp_go_w2-3/internal/carry/service.go:49.16,51.3 1 0
github.com/extmatperez/meli_bootcamp_go_w2-3/internal/carry/service.go:52.2,53.15 2 0
github.com/extmatperez/meli_bootcamp_go_w2-3/internal/carry/service.go:56.99,58.13 2 0
github.com/extmatperez/meli_bootcamp_go_w2-3/internal/carry/service.go:58.13,59.48 1 0
github.com/extmatperez/meli_bootcamp_go_w2-3/internal/carry/service.go:59.48,61.4 1 0
github.com/extmatperez/meli_bootcamp_go_w2-3/internal/carry/service.go:63.3,64.17 2 0
github.com/extmatperez/meli_bootcamp_go_w2-3/internal/carry/service.go:64.17,66.4 1 0
github.com/extmatperez/meli_bootcamp_go_w2-3/internal/carry/service.go:67.3,67.48 1 0
github.com/extmatperez/meli_bootcamp_go_w2-3/internal/carry/service.go:68.8,70.17 2 0
github.com/extmatperez/meli_bootcamp_go_w2-3/internal/carry/service.go:70.17,72.4 1 0
github.com/extmatperez/meli_bootcamp_go_w2-3/internal/carry/service.go:73.3,73.48 1 0
github.com/extmatperez/meli_bootcamp_go_w2-3/internal/carry/service.go:75.2,75.24 1 0
github.com/extmatperez/meli_bootcamp_go_w2-3/internal/carry/service.go:78.79,81.2 2 0
github.com/extmatperez/meli_bootcamp_go_w2-3/internal/domain/product_batch.go:28.41,30.16 2 1
github.com/extmatperez/meli_bootcamp_go_w2-3/internal/domain/product_batch.go:30.16,32.3 1 0
github.com/extmatperez/meli_bootcamp_go_w2-3/internal/domain/product_batch.go:33.2,34.16 2 1
github.com/extmatperez/meli_bootcamp_go_w2-3/internal/domain/product_batch.go:34.16,36.3 1 1
github.com/extmatperez/meli_bootcamp_go_w2-3/internal/domain/product_batch.go:37.2,37.12 1 1
github.com/extmatperez/meli_bootcamp_go_w2-3/internal/employee/repository.go:24.43,28.2 1 0
github.com/extmatperez/meli_bootcamp_go_w2-3/internal/employee/repository.go:30.77,33.16 3 0
github.com/extmatperez/meli_bootcamp_go_w2-3/internal/employee/repository.go:33.16,35.3 1 0
github.com/extmatperez/meli_bootcamp_go_w2-3/internal/employee/repository.go:37.2,39.18 2 0
github.com/extmatperez/meli_bootcamp_go_w2-3/internal/employee/repository.go:39.18,43.3 3 0
github.com/extmatperez/meli_bootcamp_go_w2-3/internal/employee/repository.go:45.2,45.23 1 0
github.com/extmatperez/meli_bootcamp_go_w2-3/internal/employee/repository.go:48.80,53.16 5 0
github.com/extmatperez/meli_bootcamp_go_w2-3/internal/employee/repository.go:53.16,54.50 1 0
github.com/extmatperez/meli_bootcamp_go_w2-3/internal/employee/repository.go:54.50,56.4 1 0
github.com/extmatperez/meli_bootcamp_go_w2-3/internal/employee/repository.go:57.3,57.32 1 0
github.com/extmatperez/meli_bootcamp_go_w2-3/internal/employee/repository.go:60.2,60.15 1 0
github.com/extmatperez/meli_bootcamp_go_w2-3/internal/employee/repository.go:63.76,68.2 4 0
github.com/extmatperez/meli_bootcamp_go_w2-3/internal/employee/repository.go:70.80,73.16 3 0
github.com/extmatperez/meli_bootcamp_go_w2-3/internal/employee/repository.go:73.16,75.3 1 0
github.com/extmatperez/meli_bootcamp_go_w2-3/internal/employee/repository.go:77.2,78.16 2 0
github.com/extmatperez/meli_bootcamp_go_w2-3/internal/employee/repository.go:78.16,80.3 1 0
github.com/extmatperez/meli_bootcamp_go_w2-3/internal/employee/repository.go:82.2,83.16 2 0
github.com/extmatperez/meli_bootcamp_go_w2-3/internal/employee/repository.go:83.16,85.3 1 0
github.com/extmatperez/meli_bootcamp_go_w2-3/internal/employee/repository.go:87.2,87.21 1 0
github.com/extmatperez/meli_bootcamp_go_w2-3/internal/employee/repository.go:90.75,93.16 3 0
github.com/extmatperez/meli_bootcamp_go_w2-3/internal/employee/repository.go:93.16,95.3 1 0
github.com/extmatperez/meli_bootcamp_go_w2-3/internal/employee/repository.go:97.2,98.16 2 0
github.com/extmatperez/meli_bootcamp_go_w2-3/internal/employee/repository.go:98.16,100.3 1 0
github.com/extmatperez/meli_bootcamp_go_w2-3/internal/employee/repository.go:102.2,103.16 2 0
github.com/extmatperez/meli_bootcamp_go_w2-3/internal/employee/repository.go:103.16,105.3 1 0
github.com/extmatperez/meli_bootcamp_go_w2-3/internal/employee/repository.go:106.2,106.23 1 0
github.com/extmatperez/meli_bootcamp_go_w2-3/internal/employee/repository.go:106.23,108.3 1 0
github.com/extmatperez/meli_bootcamp_go_w2-3/internal/employee/repository.go:110.2,110.12 1 0
github.com/extmatperez/meli_bootcamp_go_w2-3/internal/employee/repository.go:113.64,116.16 3 0
github.com/extmatperez/meli_bootcamp_go_w2-3/internal/employee/repository.go:116.16,118.3 1 0
[...]
github.com/extmatperez/meli_bootcamp_go_w2-3/internal/section/repository.go:103.2,104.16 2 1
github.com/extmatperez/meli_bootcamp_go_w2-3/internal/section/repository.go:104.16,106.3 1 0
github.com/extmatperez/meli_bootcamp_go_w2-3/internal/section/repository.go:108.2,109.16 2 1
github.com/extmatperez/meli_bootcamp_go_w2-3/internal/section/repository.go:109.16,111.3 1 0
github.com/extmatperez/meli_bootcamp_go_w2-3/internal/section/repository.go:112.2,112.23 1 1
github.com/extmatperez/meli_bootcamp_go_w2-3/internal/section/repository.go:112.23,114.3 1 1
github.com/extmatperez/meli_bootcamp_go_w2-3/internal/section/repository.go:116.2,116.12 1 1
github.com/extmatperez/meli_bootcamp_go_w2-3/internal/section/repository.go:119.64,122.16 3 1
github.com/extmatperez/meli_bootcamp_go_w2-3/internal/section/repository.go:122.16,124.3 1 0
github.com/extmatperez/meli_bootcamp_go_w2-3/internal/section/repository.go:126.2,127.16 2 1
github.com/extmatperez/meli_bootcamp_go_w2-3/internal/section/repository.go:127.16,129.3 1 0
github.com/extmatperez/meli_bootcamp_go_w2-3/internal/section/repository.go:131.2,132.16 2 1
github.com/extmatperez/meli_bootcamp_go_w2-3/internal/section/repository.go:132.16,134.3 1 0
github.com/extmatperez/meli_bootcamp_go_w2-3/internal/section/repository.go:136.2,136.16 1 1
github.com/extmatperez/meli_bootcamp_go_w2-3/internal/section/repository.go:136.16,138.3 1 1
github.com/extmatperez/meli_bootcamp_go_w2-3/internal/section/repository.go:140.2,140.12 1 1
github.com/extmatperez/meli_bootcamp_go_w2-3/internal/section/repository.go:143.53,147.2 3 1
github.com/extmatperez/meli_bootcamp_go_w2-3/internal/section/repository.go:149.95,153.16 4 1
github.com/extmatperez/meli_bootcamp_go_w2-3/internal/section/repository.go:153.16,155.3 1 1
github.com/extmatperez/meli_bootcamp_go_w2-3/internal/section/repository.go:156.2,156.30 1 1
github.com/extmatperez/meli_bootcamp_go_w2-3/internal/section/repository.go:159.82,161.16 2 1
github.com/extmatperez/meli_bootcamp_go_w2-3/internal/section/repository.go:161.16,163.3 1 0
github.com/extmatperez/meli_bootcamp_go_w2-3/internal/section/repository.go:164.2,165.18 2 1
github.com/extmatperez/meli_bootcamp_go_w2-3/internal/section/repository.go:165.18,168.17 3 1
github.com/extmatperez/meli_bootcamp_go_w2-3/internal/section/repository.go:168.17,170.4 1 0
github.com/extmatperez/meli_bootcamp_go_w2-3/internal/section/repository.go:171.3,171.66 1 1
github.com/extmatperez/meli_bootcamp_go_w2-3/internal/section/repository.go:173.2,173.31 1 1
github.com/extmatperez/meli_bootcamp_go_w2-3/internal/section/service.go:30.39,34.2 1 1
github.com/extmatperez/meli_bootcamp_go_w2-3/internal/section/service.go:35.80,38.2 2 1
github.com/extmatperez/meli_bootcamp_go_w2-3/internal/section/service.go:39.83,42.2 2 1
github.com/extmatperez/meli_bootcamp_go_w2-3/internal/section/service.go:43.86,45.18 2 1
github.com/extmatperez/meli_bootcamp_go_w2-3/internal/section/service.go:45.18,47.3 1 1
github.com/extmatperez/meli_bootcamp_go_w2-3/internal/section/service.go:48.2,49.23 2 1
github.com/extmatperez/meli_bootcamp_go_w2-3/internal/section/service.go:51.79,54.2 2 1
github.com/extmatperez/meli_bootcamp_go_w2-3/internal/section/service.go:55.81,58.2 2 1
github.com/extmatperez/meli_bootcamp_go_w2-3/internal/section/service.go:60.58,63.20 2 1
github.com/extmatperez/meli_bootcamp_go_w2-3/internal/section/service.go:63.20,65.3 1 1
github.com/extmatperez/meli_bootcamp_go_w2-3/internal/section/service.go:66.2,66.12 1 1
github.com/extmatperez/meli_bootcamp_go_w2-3/internal/section/service.go:69.107,71.2 1 1
github.com/extmatperez/meli_bootcamp_go_w2-3/internal/section/service.go:73.97,75.2 1 1
github.com/extmatperez/meli_bootcamp_go_w2-3/tests/section/section_mock.go:18.84,22.2 2 0
github.com/extmatperez/meli_bootcamp_go_w2-3/tests/section/section_mock.go:24.87,29.2 2 1
github.com/extmatperez/meli_bootcamp_go_w2-3/tests/section/section_mock.go:31.87,34.2 2 0
github.com/extmatperez/meli_bootcamp_go_w2-3/tests/section/section_mock.go:36.90,39.2 2 1
github.com/extmatperez/meli_bootcamp_go_w2-3/tests/section/section_mock.go:41.72,44.2 2 0
github.com/extmatperez/meli_bootcamp_go_w2-3/tests/section/section_mock.go:46.75,49.2 2 1
github.com/extmatperez/meli_bootcamp_go_w2-3/tests/section/section_mock.go:51.87,54.2 2 0
github.com/extmatperez/meli_bootcamp_go_w2-3/tests/section/section_mock.go:56.90,59.2 2 1
github.com/extmatperez/meli_bootcamp_go_w2-3/tests/section/section_mock.go:61.82,64.2 2 0
github.com/extmatperez/meli_bootcamp_go_w2-3/tests/section/section_mock.go:65.85,68.2 2 1
github.com/extmatperez/meli_bootcamp_go_w2-3/tests/section/section_mock.go:70.85,73.2 2 1
github.com/extmatperez/meli_bootcamp_go_w2-3/tests/section/section_mock.go:75.62,78.2 2 0
github.com/extmatperez/meli_bootcamp_go_w2-3/tests/section/section_mock.go:80.64,83.2 2 1
github.com/extmatperez/meli_bootcamp_go_w2-3/tests/section/section_mock.go:85.101,88.2 2 0
github.com/extmatperez/meli_bootcamp_go_w2-3/tests/section/section_mock.go:89.93,92.2 2 1
github.com/extmatperez/meli_bootcamp_go_w2-3/tests/section/section_mock.go:94.111,97.2 2 0
github.com/extmatperez/meli_bootcamp_go_w2-3/tests/section/section_mock.go:98.106,101.2 2 1
github.com/extmatperez/meli_bootcamp_go_w2-3/internal/domain/product_batch.go:28.41,30.16 2 0
github.com/extmatperez/meli_bootcamp_go_w2-3/internal/domain/product_batch.go:30.16,32.3 1 0
github.com/extmatperez/meli_bootcamp_go_w2-3/internal/domain/product_batch.go:33.2,34.16 2 0
github.com/extmatperez/meli_bootcamp_go_w2-3/internal/domain/product_batch.go:34.16,36.3 1 0
github.com/extmatperez/meli_bootcamp_go_w2-3/internal/domain/product_batch.go:37.2,37.12 1 0
github.com/extmatperez/meli_bootcamp_go_w2-3/internal/seller/repository.go:23.43,27.2 1 1
github.com/extmatperez/meli_bootcamp_go_w2-3/internal/seller/repository.go:29.75,32.16 3 1
github.com/extmatperez/meli_bootcamp_go_w2-3/internal/seller/repository.go:32.16,34.3 1 1
github.com/extmatperez/meli_bootcamp_go_w2-3/internal/seller/repository.go:36.2,38.18 2 1
github.com/extmatperez/meli_bootcamp_go_w2-3/internal/seller/repository.go:38.18,42.3 3 1
github.com/extmatperez/meli_bootcamp_go_w2-3/internal/seller/repository.go:44.2,44.21 1 1
github.com/extmatperez/meli_bootcamp_go_w2-3/internal/seller/repository.go:47.78,52.16 5 1
github.com/extmatperez/meli_bootcamp_go_w2-3/internal/seller/repository.go:52.16,53.50 1 1
github.com/extmatperez/meli_bootcamp_go_w2-3/internal/seller/repository.go:53.50,55.4 1 1
github.com/extmatperez/meli_bootcamp_go_w2-3/internal/seller/repository.go:56.3,56.30 1 1
github.com/extmatperez/meli_bootcamp_go_w2-3/internal/seller/repository.go:59.2,59.15 1 1
github.com/extmatperez/meli_bootcamp_go_w2-3/internal/seller/repository.go:62.64,67.2 4 1
github.com/extmatperez/meli_bootcamp_go_w2-3/internal/seller/repository.go:69.78,72.16 3 1
github.com/extmatperez/meli_bootcamp_go_w2-3/internal/seller/repository.go:72.16,74.3 1 1
github.com/extmatperez/meli_bootcamp_go_w2-3/internal/seller/repository.go:76.2,77.16 2 1
github.com/extmatperez/meli_bootcamp_go_w2-3/internal/seller/repository.go:77.16,79.3 1 0
github.com/extmatperez/meli_bootcamp_go_w2-3/internal/seller/repository.go:81.2,82.16 2 1
github.com/extmatperez/meli_bootcamp_go_w2-3/internal/seller/repository.go:82.16,84.3 1 0
github.com/extmatperez/meli_bootcamp_go_w2-3/internal/seller/repository.go:86.2,86.21 1 1
github.com/extmatperez/meli_bootcamp_go_w2-3/internal/seller/repository.go:89.73,92.16 3 1
github.com/extmatperez/meli_bootcamp_go_w2-3/internal/seller/repository.go:92.16,94.3 1 1
github.com/extmatperez/meli_bootcamp_go_w2-3/internal/seller/repository.go:96.2,97.16 2 1
github.com/extmatperez/meli_bootcamp_go_w2-3/internal/seller/repository.go:97.16,99.3 1 0
github.com/extmatperez/meli_bootcamp_go_w2-3/internal/seller/repository.go:101.2,102.16 2 1
github.com/extmatperez/meli_bootcamp_go_w2-3/internal/seller/repository.go:102.16,104.3 1 0
github.com/extmatperez/meli_bootcamp_go_w2-3/internal/seller/repository.go:106.2,106.12 1 1
github.com/extmatperez/meli_bootcamp_go_w2-3/internal/seller/repository.go:109.64,112.16 3 1
github.com/extmatperez/meli_bootcamp_go_w2-3/internal/seller/repository.go:112.16,114.3 1 1
github.com/extmatperez/meli_bootcamp_go_w2-3/internal/seller/repository.go:116.2,117.16 2 1
github.com/extmatperez/meli_bootcamp_go_w2-3/internal/seller/repository.go:117.16,119.3 1 0
github.com/extmatperez/meli_bootcamp_go_w2-3/internal/seller/repository.go:121.2,122.16 2 1
github.com/extmatperez/meli_bootcamp_go_w2-3/internal/seller/repository.go:122.16,124.3 1 0
github.com/extmatperez/meli_bootcamp_go_w2-3/internal/seller/repository.go:126.2,126.16 1 1
github.com/extmatperez/meli_bootcamp_go_w2-3/internal/seller/repository.go:126.16,128.3 1 1
github.com/extmatperez/meli_bootcamp_go_w2-3/internal/seller/repository.go:130.2,130.12 1 1
github.com/extmatperez/meli_bootcamp_go_w2-3/internal/seller/service.go:32.39,36.2 1 1
github.com/extmatperez/meli_bootcamp_go_w2-3/internal/seller/service.go:38.78,40.16 2 1
github.com/extmatperez/meli_bootcamp_go_w2-3/internal/seller/service.go:40.16,42.3 1 1
github.com/extmatperez/meli_bootcamp_go_w2-3/internal/seller/service.go:43.2,43.21 1 1
github.com/extmatperez/meli_bootcamp_go_w2-3/internal/seller/service.go:46.96,47.42 1 1
github.com/extmatperez/meli_bootcamp_go_w2-3/internal/seller/service.go:47.42,49.3 1 1
github.com/extmatperez/meli_bootcamp_go_w2-3/internal/seller/service.go:50.2,51.16 2 1
github.com/extmatperez/meli_bootcamp_go_w2-3/internal/seller/service.go:51.16,53.3 1 1
github.com/extmatperez/meli_bootcamp_go_w2-3/internal/seller/service.go:54.2,55.20 2 1
github.com/extmatperez/meli_bootcamp_go_w2-3/internal/seller/service.go:58.67,61.2 2 1
github.com/extmatperez/meli_bootcamp_go_w2-3/internal/seller/service.go:63.81,66.2 2 1
github.com/extmatperez/meli_bootcamp_go_w2-3/internal/seller/service.go:68.109,70.16 2 1
github.com/extmatperez/meli_bootcamp_go_w2-3/internal/seller/service.go:70.16,72.3 1 1
github.com/extmatperez/meli_bootcamp_go_w2-3/internal/seller/service.go:73.2,73.24 1 1
github.com/extmatperez/meli_bootcamp_go_w2-3/internal/seller/service.go:73.24,74.34 1 1
github.com/extmatperez/meli_bootcamp_go_w2-3/internal/seller/service.go:74.34,76.24 2 1
github.com/extmatperez/meli_bootcamp_go_w2-3/internal/seller/service.go:76.24,78.5 1 1
github.com/extmatperez/meli_bootcamp_go_w2-3/internal/seller/service.go:80.3,80.29 1 1
github.com/extmatperez/meli_bootcamp_go_w2-3/internal/seller/service.go:82.2,82.29 1 1
github.com/extmatperez/meli_bootcamp_go_w2-3/internal/seller/service.go:82.29,84.3 1 1
github.com/extmatperez/meli_bootcamp_go_w2-3/internal/seller/service.go:85.2,85.33 1 1
github.com/extmatperez/meli_bootcamp_go_w2-3/internal/seller/service.go:85.33,87.3 1 1
github.com/extmatperez/meli_bootcamp_go_w2-3/internal/seller/service.go:88.2,88.31 1 1
github.com/extmatperez/meli_bootcamp_go_w2-3/internal/seller/service.go:88.31,90.3 1 1
github.com/extmatperez/meli_bootcamp_go_w2-3/internal/seller/service.go:91.2,91.31 1 1
github.com/extmatperez/meli_bootcamp_go_w2-3/internal/seller/service.go:91.31,93.3 1 1
github.com/extmatperez/meli_bootcamp_go_w2-3/internal/seller/service.go:95.2,96.22 2 1
github.com/extmatperez/meli_bootcamp_go_w2-3/internal/seller/service.go:96.22,98.3 1 1
github.com/extmatperez/meli_bootcamp_go_w2-3/internal/seller/service.go:99.2,99.20 1 1
github.com/extmatperez/meli_bootcamp_go_w2-3/tests/seller/seller_mock.go:22.82,25.2 2 0
github.com/extmatperez/meli_bootcamp_go_w2-3/tests/seller/seller_mock.go:27.85,30.2 2 1
github.com/extmatperez/meli_bootcamp_go_w2-3/tests/seller/seller_mock.go:32.95,35.2 2 0
github.com/extmatperez/meli_bootcamp_go_w2-3/tests/seller/seller_mock.go:37.88,40.2 2 1
github.com/extmatperez/meli_bootcamp_go_w2-3/tests/seller/seller_mock.go:42.71,45.2 2 0
github.com/extmatperez/meli_bootcamp_go_w2-3/tests/seller/seller_mock.go:47.74,50.2 2 1
github.com/extmatperez/meli_bootcamp_go_w2-3/tests/seller/seller_mock.go:52.85,55.2 2 0
github.com/extmatperez/meli_bootcamp_go_w2-3/tests/seller/seller_mock.go:57.88,60.2 2 1
github.com/extmatperez/meli_bootcamp_go_w2-3/tests/seller/seller_mock.go:62.83,65.2 2 1
github.com/extmatperez/meli_bootcamp_go_w2-3/tests/seller/seller_mock.go:67.105,70.2 2 0
github.com/extmatperez/meli_bootcamp_go_w2-3/tests/seller/seller_mock.go:72.74,75.2 2 1
github.com/extmatperez/meli_bootcamp_go_w2-3/tests/seller/seller_mock.go:77.77,80.2 2 0
github.com/extmatperez/meli_bootcamp_go_w2-3/tests/seller/seller_mock.go:82.117,85.2 2 0
github.com/extmatperez/meli_bootcamp_go_w2-3/tests/seller/seller_mock.go:87.106,90.2 2 0
github.com/extmatperez/meli_bootcamp_go_w2-3/internal/domain/product_batch.go:28.41,30.16 2 0
github.com/extmatperez/meli_bootcamp_go_w2-3/internal/domain/product_batch.go:30.16,32.3 1 0
github.com/extmatperez/meli_bootcamp_go_w2-3/internal/domain/product_batch.go:33.2,34.16 2 0
github.com/extmatperez/meli_bootcamp_go_w2-3/internal/domain/product_batch.go:34.16,36.3 1 0
github.com/extmatperez/meli_bootcamp_go_w2-3/internal/domain/product_batch.go:37.2,37.12 1 0
github.com/extmatperez/meli_bootcamp_go_w2-3/internal/warehouse/repository.go:24.43,28.2 1 1
github.com/extmatperez/meli_bootcamp_go_w2-3/internal/warehouse/repository.go:30.78,33.16 3 1
github.com/extmatperez/meli_bootcamp_go_w2-3/internal/warehouse/repository.go:33.16,35.3 1 1
github.com/extmatperez/meli_bootcamp_go_w2-3/internal/warehouse/repository.go:37.2,39.18 2 1
github.com/extmatperez/meli_bootcamp_go_w2-3/internal/warehouse/repository.go:39.18,43.3 3 1
github.com/extmatperez/meli_bootcamp_go_w2-3/internal/warehouse/repository.go:45.2,45.24 1 1
github.com/extmatperez/meli_bootcamp_go_w2-3/internal/warehouse/repository.go:48.81,53.16 5 1
github.com/extmatperez/meli_bootcamp_go_w2-3/internal/warehouse/repository.go:53.16,54.50 1 1
github.com/extmatperez/meli_bootcamp_go_w2-3/internal/warehouse/repository.go:54.50,56.4 1 1
github.com/extmatperez/meli_bootcamp_go_w2-3/internal/warehouse/repository.go:57.3,57.33 1 1
github.com/extmatperez/meli_bootcamp_go_w2-3/internal/warehouse/repository.go:60.2,60.15 1 1
github.com/extmatperez/meli_bootcamp_go_w2-3/internal/warehouse/repository.go:63.77,68.2 4 1
github.com/extmatperez/meli_bootcamp_go_w2-3/internal/warehouse/repository.go:70.81,73.16 3 1
github.com/extmatperez/meli_bootcamp_go_w2-3/internal/warehouse/repository.go:73.16,75.3 1 1
github.com/extmatperez/meli_bootcamp_go_w2-3/internal/warehouse/repository.go:77.2,78.16 2 1
github.com/extmatperez/meli_bootcamp_go_w2-3/internal/warehouse/repository.go:78.16,80.3 1 0
github.com/extmatperez/meli_bootcamp_go_w2-3/internal/warehouse/repository.go:82.2,83.16 2 1
github.com/extmatperez/meli_bootcamp_go_w2-3/internal/warehouse/repository.go:83.16,85.3 1 0
github.com/extmatperez/meli_bootcamp_go_w2-3/internal/warehouse/repository.go:87.2,87.21 1 1
github.com/extmatperez/meli_bootcamp_go_w2-3/internal/warehouse/repository.go:90.76,93.16 3 1
github.com/extmatperez/meli_bootcamp_go_w2-3/internal/warehouse/repository.go:93.16,95.3 1 1
github.com/extmatperez/meli_bootcamp_go_w2-3/internal/warehouse/repository.go:97.2,98.16 2 1
github.com/extmatperez/meli_bootcamp_go_w2-3/internal/warehouse/repository.go:98.16,100.3 1 0
github.com/extmatperez/meli_bootcamp_go_w2-3/internal/warehouse/repository.go:102.2,103.16 2 1
github.com/extmatperez/meli_bootcamp_go_w2-3/internal/warehouse/repository.go:103.16,105.3 1 0
github.com/extmatperez/meli_bootcamp_go_w2-3/internal/warehouse/repository.go:106.2,106.23 1 1
github.com/extmatperez/meli_bootcamp_go_w2-3/internal/warehouse/repository.go:106.23,108.3 1 1
github.com/extmatperez/meli_bootcamp_go_w2-3/internal/warehouse/repository.go:110.2,110.12 1 1
github.com/extmatperez/meli_bootcamp_go_w2-3/internal/warehouse/repository.go:113.64,116.16 3 1
github.com/extmatperez/meli_bootcamp_go_w2-3/internal/warehouse/repository.go:116.16,118.3 1 1
github.com/extmatperez/meli_bootcamp_go_w2-3/internal/warehouse/repository.go:120.2,121.16 2 1
github.com/extmatperez/meli_bootcamp_go_w2-3/internal/warehouse/repository.go:121.16,123.3 1 0
github.com/extmatperez/meli_bootcamp_go_w2-3/internal/warehouse/repository.go:125.2,126.16 2 1
github.com/extmatperez/meli_bootcamp_go_w2-3/internal/warehouse/repository.go:126.16,128.3 1 0
github.com/extmatperez/meli_bootcamp_go_w2-3/internal/warehouse/repository.go:130.2,130.16 1 1
github.com/extmatperez/meli_bootcamp_go_w2-3/internal/warehouse/repository.go:130.16,132.3 1 1
github.com/extmatperez/meli_bootcamp_go_w2-3/internal/warehouse/repository.go:134.2,134.12 1 1
github.com/extmatperez/meli_bootcamp_go_w2-3/internal/warehouse/service.go:31.39,35.2 1 1
github.com/extmatperez/meli_bootcamp_go_w2-3/internal/warehouse/service.go:37.100,38.47 1 1
github.com/extmatperez/meli_bootcamp_go_w2-3/internal/warehouse/service.go:38.47,40.3 1 1
github.com/extmatperez/meli_bootcamp_go_w2-3/internal/warehouse/service.go:41.2,42.16 2 1
github.com/extmatperez/meli_bootcamp_go_w2-3/internal/warehouse/service.go:42.16,44.3 1 1
github.com/extmatperez/meli_bootcamp_go_w2-3/internal/warehouse/service.go:45.2,46.15 2 1
github.com/extmatperez/meli_bootcamp_go_w2-3/internal/warehouse/service.go:49.84,52.2 2 1
github.com/extmatperez/meli_bootcamp_go_w2-3/internal/warehouse/service.go:54.87,57.2 2 1
github.com/extmatperez/meli_bootcamp_go_w2-3/internal/warehouse/service.go:59.70,62.2 2 1
github.com/extmatperez/meli_bootcamp_go_w2-3/internal/warehouse/service.go:64.110,66.16 2 1
github.com/extmatperez/meli_bootcamp_go_w2-3/internal/warehouse/service.go:66.16,68.3 1 1
github.com/extmatperez/meli_bootcamp_go_w2-3/internal/warehouse/service.go:70.2,70.21 1 1
github.com/extmatperez/meli_bootcamp_go_w2-3/internal/warehouse/service.go:70.21,72.3 1 1
github.com/extmatperez/meli_bootcamp_go_w2-3/internal/warehouse/service.go:73.2,73.23 1 1
github.com/extmatperez/meli_bootcamp_go_w2-3/internal/warehouse/service.go:73.23,75.3 1 1
github.com/extmatperez/meli_bootcamp_go_w2-3/internal/warehouse/service.go:76.2,76.27 1 1
github.com/extmatperez/meli_bootcamp_go_w2-3/internal/warehouse/service.go:76.27,78.65 2 1
github.com/extmatperez/meli_bootcamp_go_w2-3/internal/warehouse/service.go:78.65,80.4 1 1
github.com/extmatperez/meli_bootcamp_go_w2-3/internal/warehouse/service.go:81.3,81.50 1 1
github.com/extmatperez/meli_bootcamp_go_w2-3/internal/warehouse/service.go:83.2,83.28 1 1
github.com/extmatperez/meli_bootcamp_go_w2-3/internal/warehouse/service.go:83.28,85.3 1 1
github.com/extmatperez/meli_bootcamp_go_w2-3/internal/warehouse/service.go:86.2,86.31 1 1
github.com/extmatperez/meli_bootcamp_go_w2-3/internal/warehouse/service.go:86.31,88.3 1 1
github.com/extmatperez/meli_bootcamp_go_w2-3/internal/warehouse/service.go:90.2,91.16 2 1
github.com/extmatperez/meli_bootcamp_go_w2-3/internal/warehouse/service.go:91.16,93.3 1 1
github.com/extmatperez/meli_bootcamp_go_w2-3/internal/warehouse/service.go:95.2,95.29 1 1
github.com/extmatperez/meli_bootcamp_go_w2-3/tests/warehouse/warehouse_mock.go:18.88,21.2 2 0
github.com/extmatperez/meli_bootcamp_go_w2-3/tests/warehouse/warehouse_mock.go:23.91,26.2 2 1
github.com/extmatperez/meli_bootcamp_go_w2-3/tests/warehouse/warehouse_mock.go:28.104,31.2 2 0
github.com/extmatperez/meli_bootcamp_go_w2-3/tests/warehouse/warehouse_mock.go:33.94,36.2 2 1
github.com/extmatperez/meli_bootcamp_go_w2-3/tests/warehouse/warehouse_mock.go:38.74,41.2 2 0
github.com/extmatperez/meli_bootcamp_go_w2-3/tests/warehouse/warehouse_mock.go:43.77,46.2 2 1
github.com/extmatperez/meli_bootcamp_go_w2-3/tests/warehouse/warehouse_mock.go:48.91,51.2 2 0
github.com/extmatperez/meli_bootcamp_go_w2-3/tests/warehouse/warehouse_mock.go:53.94,56.2 2 1
github.com/extmatperez/meli_bootcamp_go_w2-3/tests/warehouse/warehouse_mock.go:58.114,61.2 2 0
github.com/extmatperez/meli_bootcamp_go_w2-3/tests/warehouse/warehouse_mock.go:63.89,66.2 2 1
github.com/extmatperez/meli_bootcamp_go_w2-3/tests/warehouse/warehouse_mock.go:68.90,71.2 2 1
