mode: set
github.com/extmatperez/meli_bootcamp_go_w2-3/internal/buyer/repository.go:24.43,28.2 1 0
github.com/extmatperez/meli_bootcamp_go_w2-3/internal/buyer/repository.go:30.74,33.16 3 0
github.com/extmatperez/meli_bootcamp_go_w2-3/internal/buyer/repository.go:33.16,35.3 1 0
github.com/extmatperez/meli_bootcamp_go_w2-3/internal/buyer/repository.go:37.2,39.18 2 0
github.com/extmatperez/meli_bootcamp_go_w2-3/internal/buyer/repository.go:39.18,43.3 3 0
github.com/extmatperez/meli_bootcamp_go_w2-3/internal/buyer/repository.go:45.2,45.20 1 0
github.com/extmatperez/meli_bootcamp_go_w2-3/internal/buyer/repository.go:48.77,53.16 5 0
github.com/extmatperez/meli_bootcamp_go_w2-3/internal/buyer/repository.go:53.16,55.3 1 0
github.com/extmatperez/meli_bootcamp_go_w2-3/internal/buyer/repository.go:57.2,57.15 1 0
github.com/extmatperez/meli_bootcamp_go_w2-3/internal/buyer/repository.go:60.76,65.2 4 0
github.com/extmatperez/meli_bootcamp_go_w2-3/internal/buyer/repository.go:67.77,70.16 3 0
github.com/extmatperez/meli_bootcamp_go_w2-3/internal/buyer/repository.go:70.16,72.3 1 0
github.com/extmatperez/meli_bootcamp_go_w2-3/internal/buyer/repository.go:74.2,75.16 2 0
github.com/extmatperez/meli_bootcamp_go_w2-3/internal/buyer/repository.go:75.16,77.3 1 0
github.com/extmatperez/meli_bootcamp_go_w2-3/internal/buyer/repository.go:79.2,80.16 2 0
github.com/extmatperez/meli_bootcamp_go_w2-3/internal/buyer/repository.go:80.16,82.3 1 0
github.com/extmatperez/meli_bootcamp_go_w2-3/internal/buyer/repository.go:84.2,84.21 1 0
github.com/extmatperez/meli_bootcamp_go_w2-3/internal/buyer/repository.go:87.72,90.16 3 0
github.com/extmatperez/meli_bootcamp_go_w2-3/internal/buyer/repository.go:90.16,92.3 1 0
github.com/extmatperez/meli_bootcamp_go_w2-3/internal/buyer/repository.go:94.2,95.16 2 0
github.com/extmatperez/meli_bootcamp_go_w2-3/internal/buyer/repository.go:95.16,97.3 1 0
github.com/extmatperez/meli_bootcamp_go_w2-3/internal/buyer/repository.go:99.2,100.16 2 0
github.com/extmatperez/meli_bootcamp_go_w2-3/internal/buyer/repository.go:100.16,102.3 1 0
github.com/extmatperez/meli_bootcamp_go_w2-3/internal/buyer/repository.go:104.2,104.12 1 0
github.com/extmatperez/meli_bootcamp_go_w2-3/internal/buyer/repository.go:107.64,110.16 3 0
github.com/extmatperez/meli_bootcamp_go_w2-3/internal/buyer/repository.go:110.16,112.3 1 0
github.com/extmatperez/meli_bootcamp_go_w2-3/internal/buyer/repository.go:114.2,115.16 2 0
github.com/extmatperez/meli_bootcamp_go_w2-3/internal/buyer/repository.go:115.16,117.3 1 0
github.com/extmatperez/meli_bootcamp_go_w2-3/internal/buyer/repository.go:119.2,120.16 2 0
github.com/extmatperez/meli_bootcamp_go_w2-3/internal/buyer/repository.go:120.16,122.3 1 0
github.com/extmatperez/meli_bootcamp_go_w2-3/internal/buyer/repository.go:124.2,124.16 1 0
github.com/extmatperez/meli_bootcamp_go_w2-3/internal/buyer/repository.go:124.16,126.3 1 0
github.com/extmatperez/meli_bootcamp_go_w2-3/internal/buyer/repository.go:128.2,128.12 1 0
github.com/extmatperez/meli_bootcamp_go_w2-3/internal/buyer/service.go:28.39,32.2 1 0
github.com/extmatperez/meli_bootcamp_go_w2-3/internal/buyer/service.go:34.76,36.16 2 0
github.com/extmatperez/meli_bootcamp_go_w2-3/internal/buyer/service.go:36.16,38.3 1 0
github.com/extmatperez/meli_bootcamp_go_w2-3/internal/buyer/service.go:39.2,39.20 1 0
github.com/extmatperez/meli_bootcamp_go_w2-3/internal/buyer/service.go:42.79,44.16 2 0
github.com/extmatperez/meli_bootcamp_go_w2-3/internal/buyer/service.go:44.16,45.50 1 0
github.com/extmatperez/meli_bootcamp_go_w2-3/internal/buyer/service.go:45.50,47.4 1 0
github.com/extmatperez/meli_bootcamp_go_w2-3/internal/buyer/service.go:48.3,48.29 1 0
github.com/extmatperez/meli_bootcamp_go_w2-3/internal/buyer/service.go:50.2,50.19 1 0
github.com/extmatperez/meli_bootcamp_go_w2-3/internal/buyer/service.go:53.79,55.15 2 0
github.com/extmatperez/meli_bootcamp_go_w2-3/internal/buyer/service.go:55.15,57.3 1 0
github.com/extmatperez/meli_bootcamp_go_w2-3/internal/buyer/service.go:58.2,59.22 2 0
github.com/extmatperez/meli_bootcamp_go_w2-3/internal/buyer/service.go:62.74,64.16 2 0
github.com/extmatperez/meli_bootcamp_go_w2-3/internal/buyer/service.go:64.16,66.3 1 0
github.com/extmatperez/meli_bootcamp_go_w2-3/internal/buyer/service.go:67.2,68.12 2 0
github.com/extmatperez/meli_bootcamp_go_w2-3/internal/buyer/service.go:72.66,75.2 2 0
github.com/extmatperez/meli_bootcamp_go_w2-3/cmd/server/handler/buyer.go:18.49,22.2 1 0
github.com/extmatperez/meli_bootcamp_go_w2-3/cmd/server/handler/buyer.go:31.49,32.30 1 0
github.com/extmatperez/meli_bootcamp_go_w2-3/cmd/server/handler/buyer.go:32.30,34.19 2 0
github.com/extmatperez/meli_bootcamp_go_w2-3/cmd/server/handler/buyer.go:34.19,37.4 2 0
github.com/extmatperez/meli_bootcamp_go_w2-3/cmd/server/handler/buyer.go:38.3,39.20 2 0
github.com/extmatperez/meli_bootcamp_go_w2-3/cmd/server/handler/buyer.go:39.20,41.21 2 0
github.com/extmatperez/meli_bootcamp_go_w2-3/cmd/server/handler/buyer.go:41.21,44.5 2 0
github.com/extmatperez/meli_bootcamp_go_w2-3/cmd/server/handler/buyer.go:45.4,46.10 2 0
github.com/extmatperez/meli_bootcamp_go_w2-3/cmd/server/handler/buyer.go:48.3,48.42 1 0
github.com/extmatperez/meli_bootcamp_go_w2-3/cmd/server/handler/buyer.go:58.52,59.30 1 0
github.com/extmatperez/meli_bootcamp_go_w2-3/cmd/server/handler/buyer.go:59.30,61.17 2 0
github.com/extmatperez/meli_bootcamp_go_w2-3/cmd/server/handler/buyer.go:61.17,64.4 2 0
github.com/extmatperez/meli_bootcamp_go_w2-3/cmd/server/handler/buyer.go:65.3,65.39 1 0
github.com/extmatperez/meli_bootcamp_go_w2-3/cmd/server/handler/buyer.go:76.52,77.30 1 0
github.com/extmatperez/meli_bootcamp_go_w2-3/cmd/server/handler/buyer.go:77.30,80.17 3 0
github.com/extmatperez/meli_bootcamp_go_w2-3/cmd/server/handler/buyer.go:80.17,83.4 2 0
github.com/extmatperez/meli_bootcamp_go_w2-3/cmd/server/handler/buyer.go:84.3,84.95 1 0
github.com/extmatperez/meli_bootcamp_go_w2-3/cmd/server/handler/buyer.go:84.95,87.4 2 0
github.com/extmatperez/meli_bootcamp_go_w2-3/cmd/server/handler/buyer.go:88.3,94.17 2 0
github.com/extmatperez/meli_bootcamp_go_w2-3/cmd/server/handler/buyer.go:94.17,97.4 2 0
github.com/extmatperez/meli_bootcamp_go_w2-3/cmd/server/handler/buyer.go:98.3,98.46 1 0
github.com/extmatperez/meli_bootcamp_go_w2-3/cmd/server/handler/buyer.go:110.52,111.30 1 0
github.com/extmatperez/meli_bootcamp_go_w2-3/cmd/server/handler/buyer.go:111.30,113.19 2 0
github.com/extmatperez/meli_bootcamp_go_w2-3/cmd/server/handler/buyer.go:113.19,116.4 2 0
github.com/extmatperez/meli_bootcamp_go_w2-3/cmd/server/handler/buyer.go:117.3,119.21 3 0
github.com/extmatperez/meli_bootcamp_go_w2-3/cmd/server/handler/buyer.go:119.21,122.4 2 0
github.com/extmatperez/meli_bootcamp_go_w2-3/cmd/server/handler/buyer.go:123.3,123.95 1 0
github.com/extmatperez/meli_bootcamp_go_w2-3/cmd/server/handler/buyer.go:123.95,126.4 2 0
github.com/extmatperez/meli_bootcamp_go_w2-3/cmd/server/handler/buyer.go:127.3,133.17 2 0
github.com/extmatperez/meli_bootcamp_go_w2-3/cmd/server/handler/buyer.go:133.17,136.4 2 0
github.com/extmatperez/meli_bootcamp_go_w2-3/cmd/server/handler/buyer.go:137.3,138.20 2 0
github.com/extmatperez/meli_bootcamp_go_w2-3/cmd/server/handler/buyer.go:138.20,140.21 2 0
github.com/extmatperez/meli_bootcamp_go_w2-3/cmd/server/handler/buyer.go:140.21,143.5 2 0
github.com/extmatperez/meli_bootcamp_go_w2-3/cmd/server/handler/buyer.go:144.4,145.10 2 0
github.com/extmatperez/meli_bootcamp_go_w2-3/cmd/server/handler/buyer.go:147.3,147.42 1 0
github.com/extmatperez/meli_bootcamp_go_w2-3/cmd/server/handler/buyer.go:158.52,159.30 1 0
github.com/extmatperez/meli_bootcamp_go_w2-3/cmd/server/handler/buyer.go:159.30,161.19 2 0
github.com/extmatperez/meli_bootcamp_go_w2-3/cmd/server/handler/buyer.go:161.19,164.4 2 0
github.com/extmatperez/meli_bootcamp_go_w2-3/cmd/server/handler/buyer.go:165.3,166.17 2 0
github.com/extmatperez/meli_bootcamp_go_w2-3/cmd/server/handler/buyer.go:166.17,168.21 2 0
github.com/extmatperez/meli_bootcamp_go_w2-3/cmd/server/handler/buyer.go:168.21,171.5 2 0
github.com/extmatperez/meli_bootcamp_go_w2-3/cmd/server/handler/buyer.go:172.4,173.10 2 0
github.com/extmatperez/meli_bootcamp_go_w2-3/cmd/server/handler/buyer.go:175.3,175.43 1 0
github.com/extmatperez/meli_bootcamp_go_w2-3/cmd/server/handler/employee.go:18.48,22.2 1 1
github.com/extmatperez/meli_bootcamp_go_w2-3/cmd/server/handler/employee.go:33.42,34.30 1 1
github.com/extmatperez/meli_bootcamp_go_w2-3/cmd/server/handler/employee.go:34.30,36.17 2 1
github.com/extmatperez/meli_bootcamp_go_w2-3/cmd/server/handler/employee.go:36.17,39.4 2 1
github.com/extmatperez/meli_bootcamp_go_w2-3/cmd/server/handler/employee.go:40.3,41.17 2 1
github.com/extmatperez/meli_bootcamp_go_w2-3/cmd/server/handler/employee.go:41.17,42.44 1 1
github.com/extmatperez/meli_bootcamp_go_w2-3/cmd/server/handler/employee.go:42.44,45.5 2 1
github.com/extmatperez/meli_bootcamp_go_w2-3/cmd/server/handler/employee.go:47.4,48.10 2 1
github.com/extmatperez/meli_bootcamp_go_w2-3/cmd/server/handler/employee.go:50.3,50.45 1 1
github.com/extmatperez/meli_bootcamp_go_w2-3/cmd/server/handler/employee.go:62.45,63.30 1 1
github.com/extmatperez/meli_bootcamp_go_w2-3/cmd/server/handler/employee.go:63.30,65.17 2 1
github.com/extmatperez/meli_bootcamp_go_w2-3/cmd/server/handler/employee.go:65.17,68.4 2 1
github.com/extmatperez/meli_bootcamp_go_w2-3/cmd/server/handler/employee.go:69.3,69.43 1 1
github.com/extmatperez/meli_bootcamp_go_w2-3/cmd/server/handler/employee.go:82.45,83.30 1 1
github.com/extmatperez/meli_bootcamp_go_w2-3/cmd/server/handler/employee.go:83.30,86.17 3 1
github.com/extmatperez/meli_bootcamp_go_w2-3/cmd/server/handler/employee.go:86.17,89.4 2 1
github.com/extmatperez/meli_bootcamp_go_w2-3/cmd/server/handler/employee.go:90.3,90.138 1 1
github.com/extmatperez/meli_bootcamp_go_w2-3/cmd/server/handler/employee.go:90.138,93.4 2 1
github.com/extmatperez/meli_bootcamp_go_w2-3/cmd/server/handler/employee.go:94.3,95.17 2 1
github.com/extmatperez/meli_bootcamp_go_w2-3/cmd/server/handler/employee.go:95.17,98.4 2 1
github.com/extmatperez/meli_bootcamp_go_w2-3/cmd/server/handler/employee.go:99.3,99.53 1 1
github.com/extmatperez/meli_bootcamp_go_w2-3/cmd/server/handler/employee.go:113.45,114.30 1 1
github.com/extmatperez/meli_bootcamp_go_w2-3/cmd/server/handler/employee.go:114.30,116.19 2 1
github.com/extmatperez/meli_bootcamp_go_w2-3/cmd/server/handler/employee.go:116.19,119.4 2 1
github.com/extmatperez/meli_bootcamp_go_w2-3/cmd/server/handler/employee.go:120.3,121.50 2 1
github.com/extmatperez/meli_bootcamp_go_w2-3/cmd/server/handler/employee.go:121.50,124.4 2 1
github.com/extmatperez/meli_bootcamp_go_w2-3/cmd/server/handler/employee.go:125.3,126.17 2 1
github.com/extmatperez/meli_bootcamp_go_w2-3/cmd/server/handler/employee.go:126.17,127.15 1 1
github.com/extmatperez/meli_bootcamp_go_w2-3/cmd/server/handler/employee.go:128.30,130.11 2 1
github.com/extmatperez/meli_bootcamp_go_w2-3/cmd/server/handler/employee.go:131.12,133.11 2 1
github.com/extmatperez/meli_bootcamp_go_w2-3/cmd/server/handler/employee.go:136.3,136.40 1 1
github.com/extmatperez/meli_bootcamp_go_w2-3/cmd/server/handler/employee.go:149.45,150.30 1 1
github.com/extmatperez/meli_bootcamp_go_w2-3/cmd/server/handler/employee.go:150.30,153.17 2 1
github.com/extmatperez/meli_bootcamp_go_w2-3/cmd/server/handler/employee.go:153.17,156.4 2 1
github.com/extmatperez/meli_bootcamp_go_w2-3/cmd/server/handler/employee.go:158.3,160.17 2 1
github.com/extmatperez/meli_bootcamp_go_w2-3/cmd/server/handler/employee.go:160.17,161.44 1 1
github.com/extmatperez/meli_bootcamp_go_w2-3/cmd/server/handler/employee.go:161.44,164.5 2 1
github.com/extmatperez/meli_bootcamp_go_w2-3/cmd/server/handler/employee.go:166.4,167.10 2 1
github.com/extmatperez/meli_bootcamp_go_w2-3/cmd/server/handler/employee.go:170.3,170.44 1 1
github.com/extmatperez/meli_bootcamp_go_w2-3/cmd/server/handler/product.go:18.55,22.2 1 1
github.com/extmatperez/meli_bootcamp_go_w2-3/cmd/server/handler/product.go:31.54,32.30 1 1
github.com/extmatperez/meli_bootcamp_go_w2-3/cmd/server/handler/product.go:32.30,34.17 2 1
github.com/extmatperez/meli_bootcamp_go_w2-3/cmd/server/handler/product.go:34.17,38.4 2 1
github.com/extmatperez/meli_bootcamp_go_w2-3/cmd/server/handler/product.go:39.3,39.42 1 1
github.com/extmatperez/meli_bootcamp_go_w2-3/cmd/server/handler/product.go:51.51,52.30 1 1
github.com/extmatperez/meli_bootcamp_go_w2-3/cmd/server/handler/product.go:52.30,54.17 2 1
github.com/extmatperez/meli_bootcamp_go_w2-3/cmd/server/handler/product.go:54.17,57.4 2 1
github.com/extmatperez/meli_bootcamp_go_w2-3/cmd/server/handler/product.go:59.3,60.17 2 1
github.com/extmatperez/meli_bootcamp_go_w2-3/cmd/server/handler/product.go:60.17,61.43 1 1
github.com/extmatperez/meli_bootcamp_go_w2-3/cmd/server/handler/product.go:61.43,65.5 2 1
github.com/extmatperez/meli_bootcamp_go_w2-3/cmd/server/handler/product.go:67.4,68.10 2 1
github.com/extmatperez/meli_bootcamp_go_w2-3/cmd/server/handler/product.go:70.3,70.44 1 1
github.com/extmatperez/meli_bootcamp_go_w2-3/cmd/server/handler/product.go:82.54,83.30 1 1
github.com/extmatperez/meli_bootcamp_go_w2-3/cmd/server/handler/product.go:83.30,87.17 3 1
github.com/extmatperez/meli_bootcamp_go_w2-3/cmd/server/handler/product.go:87.17,90.4 2 1
github.com/extmatperez/meli_bootcamp_go_w2-3/cmd/server/handler/product.go:92.3,92.294 1 1
github.com/extmatperez/meli_bootcamp_go_w2-3/cmd/server/handler/product.go:92.294,95.4 2 1
github.com/extmatperez/meli_bootcamp_go_w2-3/cmd/server/handler/product.go:97.3,112.17 3 1
github.com/extmatperez/meli_bootcamp_go_w2-3/cmd/server/handler/product.go:112.17,113.55 1 1
github.com/extmatperez/meli_bootcamp_go_w2-3/cmd/server/handler/product.go:113.55,116.5 2 1
github.com/extmatperez/meli_bootcamp_go_w2-3/cmd/server/handler/product.go:117.4,118.10 2 1
github.com/extmatperez/meli_bootcamp_go_w2-3/cmd/server/handler/product.go:120.3,121.50 2 1
github.com/extmatperez/meli_bootcamp_go_w2-3/cmd/server/handler/product.go:134.54,135.30 1 1
github.com/extmatperez/meli_bootcamp_go_w2-3/cmd/server/handler/product.go:135.30,138.19 2 1
github.com/extmatperez/meli_bootcamp_go_w2-3/cmd/server/handler/product.go:138.19,141.4 2 1
github.com/extmatperez/meli_bootcamp_go_w2-3/cmd/server/handler/product.go:143.3,145.17 3 1
github.com/extmatperez/meli_bootcamp_go_w2-3/cmd/server/handler/product.go:145.17,149.4 2 1
github.com/extmatperez/meli_bootcamp_go_w2-3/cmd/server/handler/product.go:151.3,151.294 1 1
github.com/extmatperez/meli_bootcamp_go_w2-3/cmd/server/handler/product.go:151.294,155.4 2 1
github.com/extmatperez/meli_bootcamp_go_w2-3/cmd/server/handler/product.go:157.3,174.17 3 1
github.com/extmatperez/meli_bootcamp_go_w2-3/cmd/server/handler/product.go:174.17,175.43 1 1
github.com/extmatperez/meli_bootcamp_go_w2-3/cmd/server/handler/product.go:175.43,178.5 2 1
github.com/extmatperez/meli_bootcamp_go_w2-3/cmd/server/handler/product.go:179.4,180.10 2 1
github.com/extmatperez/meli_bootcamp_go_w2-3/cmd/server/handler/product.go:182.3,182.45 1 1
github.com/extmatperez/meli_bootcamp_go_w2-3/cmd/server/handler/product.go:195.54,196.30 1 1
github.com/extmatperez/meli_bootcamp_go_w2-3/cmd/server/handler/product.go:196.30,199.17 2 1
github.com/extmatperez/meli_bootcamp_go_w2-3/cmd/server/handler/product.go:199.17,202.4 2 1
github.com/extmatperez/meli_bootcamp_go_w2-3/cmd/server/handler/product.go:203.3,205.17 2 1
github.com/extmatperez/meli_bootcamp_go_w2-3/cmd/server/handler/product.go:205.17,208.23 2 1
github.com/extmatperez/meli_bootcamp_go_w2-3/cmd/server/handler/product.go:208.23,211.5 2 1
github.com/extmatperez/meli_bootcamp_go_w2-3/cmd/server/handler/product.go:212.4,213.10 2 1
github.com/extmatperez/meli_bootcamp_go_w2-3/cmd/server/handler/product.go:216.3,216.44 1 1
github.com/extmatperez/meli_bootcamp_go_w2-3/cmd/server/handler/section.go:18.55,22.2 1 1
github.com/extmatperez/meli_bootcamp_go_w2-3/cmd/server/handler/section.go:32.54,33.30 1 1
github.com/extmatperez/meli_bootcamp_go_w2-3/cmd/server/handler/section.go:33.30,35.17 2 1
github.com/extmatperez/meli_bootcamp_go_w2-3/cmd/server/handler/section.go:35.17,38.4 2 0
github.com/extmatperez/meli_bootcamp_go_w2-3/cmd/server/handler/section.go:39.3,39.42 1 1
github.com/extmatperez/meli_bootcamp_go_w2-3/cmd/server/handler/section.go:52.51,53.30 1 0
github.com/extmatperez/meli_bootcamp_go_w2-3/cmd/server/handler/section.go:53.30,55.17 2 0
github.com/extmatperez/meli_bootcamp_go_w2-3/cmd/server/handler/section.go:55.17,58.4 2 0
github.com/extmatperez/meli_bootcamp_go_w2-3/cmd/server/handler/section.go:59.3,60.17 2 0
github.com/extmatperez/meli_bootcamp_go_w2-3/cmd/server/handler/section.go:60.17,61.42 1 0
github.com/extmatperez/meli_bootcamp_go_w2-3/cmd/server/handler/section.go:61.42,64.5 2 0
github.com/extmatperez/meli_bootcamp_go_w2-3/cmd/server/handler/section.go:66.4,67.10 2 0
github.com/extmatperez/meli_bootcamp_go_w2-3/cmd/server/handler/section.go:69.3,69.41 1 0
github.com/extmatperez/meli_bootcamp_go_w2-3/cmd/server/handler/section.go:82.54,83.30 1 0
github.com/extmatperez/meli_bootcamp_go_w2-3/cmd/server/handler/section.go:83.30,86.17 3 0
github.com/extmatperez/meli_bootcamp_go_w2-3/cmd/server/handler/section.go:86.17,89.4 2 0
github.com/extmatperez/meli_bootcamp_go_w2-3/cmd/server/handler/section.go:91.3,91.10 1 0
github.com/extmatperez/meli_bootcamp_go_w2-3/cmd/server/handler/section.go:92.40,94.10 2 0
github.com/extmatperez/meli_bootcamp_go_w2-3/cmd/server/handler/section.go:95.45,97.10 2 0
github.com/extmatperez/meli_bootcamp_go_w2-3/cmd/server/handler/section.go:98.45,100.10 2 0
github.com/extmatperez/meli_bootcamp_go_w2-3/cmd/server/handler/section.go:101.42,103.10 2 0
github.com/extmatperez/meli_bootcamp_go_w2-3/cmd/server/handler/section.go:104.42,106.10 2 0
github.com/extmatperez/meli_bootcamp_go_w2-3/cmd/server/handler/section.go:107.42,109.10 2 0
github.com/extmatperez/meli_bootcamp_go_w2-3/cmd/server/handler/section.go:110.38,112.10 2 0
github.com/extmatperez/meli_bootcamp_go_w2-3/cmd/server/handler/section.go:113.40,115.10 2 0
github.com/extmatperez/meli_bootcamp_go_w2-3/cmd/server/handler/section.go:118.3,119.17 2 0
github.com/extmatperez/meli_bootcamp_go_w2-3/cmd/server/handler/section.go:119.17,120.47 1 0
github.com/extmatperez/meli_bootcamp_go_w2-3/cmd/server/handler/section.go:120.47,123.5 2 0
github.com/extmatperez/meli_bootcamp_go_w2-3/cmd/server/handler/section.go:124.4,125.10 2 0
github.com/extmatperez/meli_bootcamp_go_w2-3/cmd/server/handler/section.go:127.3,127.48 1 0
github.com/extmatperez/meli_bootcamp_go_w2-3/cmd/server/handler/section.go:141.54,142.30 1 0
github.com/extmatperez/meli_bootcamp_go_w2-3/cmd/server/handler/section.go:142.30,144.17 2 0
github.com/extmatperez/meli_bootcamp_go_w2-3/cmd/server/handler/section.go:144.17,147.4 2 0
github.com/extmatperez/meli_bootcamp_go_w2-3/cmd/server/handler/section.go:149.3,151.17 3 0
github.com/extmatperez/meli_bootcamp_go_w2-3/cmd/server/handler/section.go:151.17,154.4 2 0
github.com/extmatperez/meli_bootcamp_go_w2-3/cmd/server/handler/section.go:155.3,166.10 2 0
github.com/extmatperez/meli_bootcamp_go_w2-3/cmd/server/handler/section.go:167.40,169.10 2 0
github.com/extmatperez/meli_bootcamp_go_w2-3/cmd/server/handler/section.go:170.45,172.10 2 0
github.com/extmatperez/meli_bootcamp_go_w2-3/cmd/server/handler/section.go:173.45,175.10 2 0
github.com/extmatperez/meli_bootcamp_go_w2-3/cmd/server/handler/section.go:176.42,178.10 2 0
github.com/extmatperez/meli_bootcamp_go_w2-3/cmd/server/handler/section.go:179.42,181.10 2 0
github.com/extmatperez/meli_bootcamp_go_w2-3/cmd/server/handler/section.go:182.42,184.10 2 0
github.com/extmatperez/meli_bootcamp_go_w2-3/cmd/server/handler/section.go:185.38,187.10 2 0
github.com/extmatperez/meli_bootcamp_go_w2-3/cmd/server/handler/section.go:188.40,190.10 2 0
github.com/extmatperez/meli_bootcamp_go_w2-3/cmd/server/handler/section.go:193.3,194.17 2 0
github.com/extmatperez/meli_bootcamp_go_w2-3/cmd/server/handler/section.go:194.17,195.47 1 0
github.com/extmatperez/meli_bootcamp_go_w2-3/cmd/server/handler/section.go:195.47,198.5 2 0
github.com/extmatperez/meli_bootcamp_go_w2-3/cmd/server/handler/section.go:199.4,200.10 2 0
github.com/extmatperez/meli_bootcamp_go_w2-3/cmd/server/handler/section.go:203.3,203.48 1 0
github.com/extmatperez/meli_bootcamp_go_w2-3/cmd/server/handler/section.go:217.54,218.30 1 0
github.com/extmatperez/meli_bootcamp_go_w2-3/cmd/server/handler/section.go:218.30,220.17 2 0
github.com/extmatperez/meli_bootcamp_go_w2-3/cmd/server/handler/section.go:220.17,223.4 2 0
github.com/extmatperez/meli_bootcamp_go_w2-3/cmd/server/handler/section.go:224.3,225.17 2 0
github.com/extmatperez/meli_bootcamp_go_w2-3/cmd/server/handler/section.go:225.17,226.43 1 0
github.com/extmatperez/meli_bootcamp_go_w2-3/cmd/server/handler/section.go:226.43,229.5 2 0
github.com/extmatperez/meli_bootcamp_go_w2-3/cmd/server/handler/section.go:230.4,231.10 2 0
github.com/extmatperez/meli_bootcamp_go_w2-3/cmd/server/handler/section.go:233.3,233.44 1 0
github.com/extmatperez/meli_bootcamp_go_w2-3/cmd/server/handler/seller.go:18.52,22.2 1 0
github.com/extmatperez/meli_bootcamp_go_w2-3/cmd/server/handler/seller.go:32.53,33.30 1 0
github.com/extmatperez/meli_bootcamp_go_w2-3/cmd/server/handler/seller.go:33.30,35.17 2 0
github.com/extmatperez/meli_bootcamp_go_w2-3/cmd/server/handler/seller.go:35.17,38.4 2 0
github.com/extmatperez/meli_bootcamp_go_w2-3/cmd/server/handler/seller.go:39.3,39.41 1 0
github.com/extmatperez/meli_bootcamp_go_w2-3/cmd/server/handler/seller.go:52.50,53.30 1 0
github.com/extmatperez/meli_bootcamp_go_w2-3/cmd/server/handler/seller.go:53.30,55.17 2 0
github.com/extmatperez/meli_bootcamp_go_w2-3/cmd/server/handler/seller.go:55.17,58.4 2 0
github.com/extmatperez/meli_bootcamp_go_w2-3/cmd/server/handler/seller.go:59.3,60.17 2 0
github.com/extmatperez/meli_bootcamp_go_w2-3/cmd/server/handler/seller.go:60.17,61.42 1 0
github.com/extmatperez/meli_bootcamp_go_w2-3/cmd/server/handler/seller.go:61.42,64.5 2 0
github.com/extmatperez/meli_bootcamp_go_w2-3/cmd/server/handler/seller.go:66.4,67.10 2 0
github.com/extmatperez/meli_bootcamp_go_w2-3/cmd/server/handler/seller.go:69.3,69.43 1 0
github.com/extmatperez/meli_bootcamp_go_w2-3/cmd/server/handler/seller.go:82.53,83.30 1 0
github.com/extmatperez/meli_bootcamp_go_w2-3/cmd/server/handler/seller.go:83.30,86.17 3 0
github.com/extmatperez/meli_bootcamp_go_w2-3/cmd/server/handler/seller.go:86.17,89.4 2 0
github.com/extmatperez/meli_bootcamp_go_w2-3/cmd/server/handler/seller.go:91.3,91.120 1 0
github.com/extmatperez/meli_bootcamp_go_w2-3/cmd/server/handler/seller.go:91.120,94.4 2 0
github.com/extmatperez/meli_bootcamp_go_w2-3/cmd/server/handler/seller.go:96.3,103.17 3 0
github.com/extmatperez/meli_bootcamp_go_w2-3/cmd/server/handler/seller.go:103.17,106.4 2 0
github.com/extmatperez/meli_bootcamp_go_w2-3/cmd/server/handler/seller.go:108.3,109.49 2 0
github.com/extmatperez/meli_bootcamp_go_w2-3/cmd/server/handler/seller.go:123.53,124.30 1 0
github.com/extmatperez/meli_bootcamp_go_w2-3/cmd/server/handler/seller.go:124.30,126.19 2 0
github.com/extmatperez/meli_bootcamp_go_w2-3/cmd/server/handler/seller.go:126.19,129.4 2 0
github.com/extmatperez/meli_bootcamp_go_w2-3/cmd/server/handler/seller.go:131.3,133.17 3 0
github.com/extmatperez/meli_bootcamp_go_w2-3/cmd/server/handler/seller.go:133.17,136.4 2 0
github.com/extmatperez/meli_bootcamp_go_w2-3/cmd/server/handler/seller.go:138.3,138.120 1 0
github.com/extmatperez/meli_bootcamp_go_w2-3/cmd/server/handler/seller.go:138.120,141.4 2 0
github.com/extmatperez/meli_bootcamp_go_w2-3/cmd/server/handler/seller.go:143.3,152.17 3 0
github.com/extmatperez/meli_bootcamp_go_w2-3/cmd/server/handler/seller.go:152.17,153.42 1 0
github.com/extmatperez/meli_bootcamp_go_w2-3/cmd/server/handler/seller.go:153.42,156.5 2 0
github.com/extmatperez/meli_bootcamp_go_w2-3/cmd/server/handler/seller.go:158.4,159.10 2 0
github.com/extmatperez/meli_bootcamp_go_w2-3/cmd/server/handler/seller.go:162.3,162.44 1 0
github.com/extmatperez/meli_bootcamp_go_w2-3/cmd/server/handler/seller.go:175.53,176.30 1 0
github.com/extmatperez/meli_bootcamp_go_w2-3/cmd/server/handler/seller.go:176.30,179.17 2 0
github.com/extmatperez/meli_bootcamp_go_w2-3/cmd/server/handler/seller.go:179.17,182.4 2 0
github.com/extmatperez/meli_bootcamp_go_w2-3/cmd/server/handler/seller.go:184.3,186.17 2 0
github.com/extmatperez/meli_bootcamp_go_w2-3/cmd/server/handler/seller.go:186.17,187.42 1 0
github.com/extmatperez/meli_bootcamp_go_w2-3/cmd/server/handler/seller.go:187.42,190.5 2 0
github.com/extmatperez/meli_bootcamp_go_w2-3/cmd/server/handler/seller.go:192.4,193.10 2 0
github.com/extmatperez/meli_bootcamp_go_w2-3/cmd/server/handler/seller.go:196.3,196.44 1 0
github.com/extmatperez/meli_bootcamp_go_w2-3/cmd/server/handler/warehouse.go:18.61,22.2 1 0
github.com/extmatperez/meli_bootcamp_go_w2-3/cmd/server/handler/warehouse.go:33.53,34.30 1 0
github.com/extmatperez/meli_bootcamp_go_w2-3/cmd/server/handler/warehouse.go:34.30,36.17 2 0
github.com/extmatperez/meli_bootcamp_go_w2-3/cmd/server/handler/warehouse.go:36.17,39.4 2 0
github.com/extmatperez/meli_bootcamp_go_w2-3/cmd/server/handler/warehouse.go:41.3,42.17 2 0
github.com/extmatperez/meli_bootcamp_go_w2-3/cmd/server/handler/warehouse.go:42.17,43.45 1 0
github.com/extmatperez/meli_bootcamp_go_w2-3/cmd/server/handler/warehouse.go:43.45,46.5 2 0
github.com/extmatperez/meli_bootcamp_go_w2-3/cmd/server/handler/warehouse.go:48.4,49.10 2 0
github.com/extmatperez/meli_bootcamp_go_w2-3/cmd/server/handler/warehouse.go:51.3,51.46 1 0
github.com/extmatperez/meli_bootcamp_go_w2-3/cmd/server/handler/warehouse.go:63.56,64.30 1 0
github.com/extmatperez/meli_bootcamp_go_w2-3/cmd/server/handler/warehouse.go:64.30,66.17 2 0
github.com/extmatperez/meli_bootcamp_go_w2-3/cmd/server/handler/warehouse.go:66.17,69.4 2 0
github.com/extmatperez/meli_bootcamp_go_w2-3/cmd/server/handler/warehouse.go:70.3,70.44 1 0
github.com/extmatperez/meli_bootcamp_go_w2-3/cmd/server/handler/warehouse.go:83.56,84.30 1 0
github.com/extmatperez/meli_bootcamp_go_w2-3/cmd/server/handler/warehouse.go:84.30,87.17 3 0
github.com/extmatperez/meli_bootcamp_go_w2-3/cmd/server/handler/warehouse.go:87.17,90.4 2 0
github.com/extmatperez/meli_bootcamp_go_w2-3/cmd/server/handler/warehouse.go:92.3,92.10 1 0
github.com/extmatperez/meli_bootcamp_go_w2-3/cmd/server/handler/warehouse.go:93.37,95.10 2 0
github.com/extmatperez/meli_bootcamp_go_w2-3/cmd/server/handler/warehouse.go:96.43,98.10 2 0
github.com/extmatperez/meli_bootcamp_go_w2-3/cmd/server/handler/warehouse.go:99.46,101.10 2 0
github.com/extmatperez/meli_bootcamp_go_w2-3/cmd/server/handler/warehouse.go:102.39,104.10 2 0
github.com/extmatperez/meli_bootcamp_go_w2-3/cmd/server/handler/warehouse.go:105.43,107.10 2 0
github.com/extmatperez/meli_bootcamp_go_w2-3/cmd/server/handler/warehouse.go:110.3,111.17 2 0
github.com/extmatperez/meli_bootcamp_go_w2-3/cmd/server/handler/warehouse.go:111.17,112.47 1 0
github.com/extmatperez/meli_bootcamp_go_w2-3/cmd/server/handler/warehouse.go:112.47,115.5 2 0
github.com/extmatperez/meli_bootcamp_go_w2-3/cmd/server/handler/warehouse.go:116.4,117.10 2 0
github.com/extmatperez/meli_bootcamp_go_w2-3/cmd/server/handler/warehouse.go:120.3,120.50 1 0
github.com/extmatperez/meli_bootcamp_go_w2-3/cmd/server/handler/warehouse.go:133.56,134.30 1 0
github.com/extmatperez/meli_bootcamp_go_w2-3/cmd/server/handler/warehouse.go:134.30,137.17 2 0
github.com/extmatperez/meli_bootcamp_go_w2-3/cmd/server/handler/warehouse.go:137.17,140.4 2 0
github.com/extmatperez/meli_bootcamp_go_w2-3/cmd/server/handler/warehouse.go:142.3,144.17 2 0
github.com/extmatperez/meli_bootcamp_go_w2-3/cmd/server/handler/warehouse.go:144.17,145.45 1 0
github.com/extmatperez/meli_bootcamp_go_w2-3/cmd/server/handler/warehouse.go:145.45,148.5 2 0
github.com/extmatperez/meli_bootcamp_go_w2-3/cmd/server/handler/warehouse.go:150.4,151.10 2 0
github.com/extmatperez/meli_bootcamp_go_w2-3/cmd/server/handler/warehouse.go:154.3,154.44 1 0
github.com/extmatperez/meli_bootcamp_go_w2-3/cmd/server/handler/warehouse.go:168.56,169.30 1 0
github.com/extmatperez/meli_bootcamp_go_w2-3/cmd/server/handler/warehouse.go:169.30,171.19 2 0
github.com/extmatperez/meli_bootcamp_go_w2-3/cmd/server/handler/warehouse.go:171.19,174.4 2 0
github.com/extmatperez/meli_bootcamp_go_w2-3/cmd/server/handler/warehouse.go:176.3,178.17 3 0
github.com/extmatperez/meli_bootcamp_go_w2-3/cmd/server/handler/warehouse.go:178.17,181.4 2 0
github.com/extmatperez/meli_bootcamp_go_w2-3/cmd/server/handler/warehouse.go:183.3,183.10 1 0
github.com/extmatperez/meli_bootcamp_go_w2-3/cmd/server/handler/warehouse.go:184.37,186.10 2 0
github.com/extmatperez/meli_bootcamp_go_w2-3/cmd/server/handler/warehouse.go:187.43,189.10 2 0
github.com/extmatperez/meli_bootcamp_go_w2-3/cmd/server/handler/warehouse.go:190.46,192.10 2 0
github.com/extmatperez/meli_bootcamp_go_w2-3/cmd/server/handler/warehouse.go:193.39,195.10 2 0
github.com/extmatperez/meli_bootcamp_go_w2-3/cmd/server/handler/warehouse.go:196.43,198.10 2 0
github.com/extmatperez/meli_bootcamp_go_w2-3/cmd/server/handler/warehouse.go:201.3,211.17 3 0
github.com/extmatperez/meli_bootcamp_go_w2-3/cmd/server/handler/warehouse.go:211.17,212.45 1 0
github.com/extmatperez/meli_bootcamp_go_w2-3/cmd/server/handler/warehouse.go:212.45,215.5 2 0
github.com/extmatperez/meli_bootcamp_go_w2-3/cmd/server/handler/warehouse.go:217.4,218.10 2 0
github.com/extmatperez/meli_bootcamp_go_w2-3/cmd/server/handler/warehouse.go:221.3,221.47 1 0
github.com/extmatperez/meli_bootcamp_go_w2-3/internal/buyer/repository.go:24.43,28.2 1 0
github.com/extmatperez/meli_bootcamp_go_w2-3/internal/buyer/repository.go:30.74,33.16 3 0
github.com/extmatperez/meli_bootcamp_go_w2-3/internal/buyer/repository.go:33.16,35.3 1 0
github.com/extmatperez/meli_bootcamp_go_w2-3/internal/buyer/repository.go:37.2,39.18 2 0
github.com/extmatperez/meli_bootcamp_go_w2-3/internal/buyer/repository.go:39.18,43.3 3 0
github.com/extmatperez/meli_bootcamp_go_w2-3/internal/buyer/repository.go:45.2,45.20 1 0
github.com/extmatperez/meli_bootcamp_go_w2-3/internal/buyer/repository.go:48.77,53.16 5 0
github.com/extmatperez/meli_bootcamp_go_w2-3/internal/buyer/repository.go:53.16,55.3 1 0
github.com/extmatperez/meli_bootcamp_go_w2-3/internal/buyer/repository.go:57.2,57.15 1 0
github.com/extmatperez/meli_bootcamp_go_w2-3/internal/buyer/repository.go:60.76,65.2 4 0
github.com/extmatperez/meli_bootcamp_go_w2-3/internal/buyer/repository.go:67.77,70.16 3 0
github.com/extmatperez/meli_bootcamp_go_w2-3/internal/buyer/repository.go:70.16,72.3 1 0
github.com/extmatperez/meli_bootcamp_go_w2-3/internal/buyer/repository.go:74.2,75.16 2 0
github.com/extmatperez/meli_bootcamp_go_w2-3/internal/buyer/repository.go:75.16,77.3 1 0
github.com/extmatperez/meli_bootcamp_go_w2-3/internal/buyer/repository.go:79.2,80.16 2 0
github.com/extmatperez/meli_bootcamp_go_w2-3/internal/buyer/repository.go:80.16,82.3 1 0
github.com/extmatperez/meli_bootcamp_go_w2-3/internal/buyer/repository.go:84.2,84.21 1 0
github.com/extmatperez/meli_bootcamp_go_w2-3/internal/buyer/repository.go:87.72,90.16 3 0
github.com/extmatperez/meli_bootcamp_go_w2-3/internal/buyer/repository.go:90.16,92.3 1 0
github.com/extmatperez/meli_bootcamp_go_w2-3/internal/buyer/repository.go:94.2,95.16 2 0
github.com/extmatperez/meli_bootcamp_go_w2-3/internal/buyer/repository.go:95.16,97.3 1 0
github.com/extmatperez/meli_bootcamp_go_w2-3/internal/buyer/repository.go:99.2,100.16 2 0
github.com/extmatperez/meli_bootcamp_go_w2-3/internal/buyer/repository.go:100.16,102.3 1 0
github.com/extmatperez/meli_bootcamp_go_w2-3/internal/buyer/repository.go:104.2,104.12 1 0
github.com/extmatperez/meli_bootcamp_go_w2-3/internal/buyer/repository.go:107.64,110.16 3 0
github.com/extmatperez/meli_bootcamp_go_w2-3/internal/buyer/repository.go:110.16,112.3 1 0
github.com/extmatperez/meli_bootcamp_go_w2-3/internal/buyer/repository.go:114.2,115.16 2 0
github.com/extmatperez/meli_bootcamp_go_w2-3/internal/buyer/repository.go:115.16,117.3 1 0
github.com/extmatperez/meli_bootcamp_go_w2-3/internal/buyer/repository.go:119.2,120.16 2 0
github.com/extmatperez/meli_bootcamp_go_w2-3/internal/buyer/repository.go:120.16,122.3 1 0
github.com/extmatperez/meli_bootcamp_go_w2-3/internal/buyer/repository.go:124.2,124.16 1 0
github.com/extmatperez/meli_bootcamp_go_w2-3/internal/buyer/repository.go:124.16,126.3 1 0
github.com/extmatperez/meli_bootcamp_go_w2-3/internal/buyer/repository.go:128.2,128.12 1 0
github.com/extmatperez/meli_bootcamp_go_w2-3/internal/buyer/service.go:28.39,32.2 1 0
github.com/extmatperez/meli_bootcamp_go_w2-3/internal/buyer/service.go:34.76,36.16 2 0
github.com/extmatperez/meli_bootcamp_go_w2-3/internal/buyer/service.go:36.16,38.3 1 0
github.com/extmatperez/meli_bootcamp_go_w2-3/internal/buyer/service.go:39.2,39.20 1 0
github.com/extmatperez/meli_bootcamp_go_w2-3/internal/buyer/service.go:42.79,44.16 2 0
github.com/extmatperez/meli_bootcamp_go_w2-3/internal/buyer/service.go:44.16,45.50 1 0
github.com/extmatperez/meli_bootcamp_go_w2-3/internal/buyer/service.go:45.50,47.4 1 0
github.com/extmatperez/meli_bootcamp_go_w2-3/internal/buyer/service.go:48.3,48.29 1 0
github.com/extmatperez/meli_bootcamp_go_w2-3/internal/buyer/service.go:50.2,50.19 1 0
github.com/extmatperez/meli_bootcamp_go_w2-3/internal/buyer/service.go:53.79,55.15 2 0
github.com/extmatperez/meli_bootcamp_go_w2-3/internal/buyer/service.go:55.15,57.3 1 0
github.com/extmatperez/meli_bootcamp_go_w2-3/internal/buyer/service.go:58.2,59.22 2 0
github.com/extmatperez/meli_bootcamp_go_w2-3/internal/buyer/service.go:62.74,64.16 2 0
github.com/extmatperez/meli_bootcamp_go_w2-3/internal/buyer/service.go:64.16,66.3 1 0
github.com/extmatperez/meli_bootcamp_go_w2-3/internal/buyer/service.go:67.2,68.12 2 0
github.com/extmatperez/meli_bootcamp_go_w2-3/internal/buyer/service.go:72.66,75.2 2 0
github.com/extmatperez/meli_bootcamp_go_w2-3/internal/employee/repository.go:24.43,28.2 1 0
github.com/extmatperez/meli_bootcamp_go_w2-3/internal/employee/repository.go:30.77,33.16 3 0
github.com/extmatperez/meli_bootcamp_go_w2-3/internal/employee/repository.go:33.16,35.3 1 0
github.com/extmatperez/meli_bootcamp_go_w2-3/internal/employee/repository.go:37.2,39.18 2 0
github.com/extmatperez/meli_bootcamp_go_w2-3/internal/employee/repository.go:39.18,43.3 3 0
github.com/extmatperez/meli_bootcamp_go_w2-3/internal/employee/repository.go:45.2,45.23 1 0
github.com/extmatperez/meli_bootcamp_go_w2-3/internal/employee/repository.go:48.80,53.16 5 0
github.com/extmatperez/meli_bootcamp_go_w2-3/internal/employee/repository.go:53.16,54.50 1 0
github.com/extmatperez/meli_bootcamp_go_w2-3/internal/employee/repository.go:54.50,56.4 1 0
github.com/extmatperez/meli_bootcamp_go_w2-3/internal/employee/repository.go:57.3,57.32 1 0
github.com/extmatperez/meli_bootcamp_go_w2-3/internal/employee/repository.go:60.2,60.15 1 0
github.com/extmatperez/meli_bootcamp_go_w2-3/internal/employee/repository.go:63.76,68.2 4 0
github.com/extmatperez/meli_bootcamp_go_w2-3/internal/employee/repository.go:70.80,73.16 3 0
github.com/extmatperez/meli_bootcamp_go_w2-3/internal/employee/repository.go:73.16,75.3 1 0
github.com/extmatperez/meli_bootcamp_go_w2-3/internal/employee/repository.go:77.2,78.16 2 0
github.com/extmatperez/meli_bootcamp_go_w2-3/internal/employee/repository.go:78.16,80.3 1 0
github.com/extmatperez/meli_bootcamp_go_w2-3/internal/employee/repository.go:82.2,83.16 2 0
github.com/extmatperez/meli_bootcamp_go_w2-3/internal/employee/repository.go:83.16,85.3 1 0
github.com/extmatperez/meli_bootcamp_go_w2-3/internal/employee/repository.go:87.2,87.21 1 0
github.com/extmatperez/meli_bootcamp_go_w2-3/internal/employee/repository.go:90.75,93.16 3 0
github.com/extmatperez/meli_bootcamp_go_w2-3/internal/employee/repository.go:93.16,95.3 1 0
github.com/extmatperez/meli_bootcamp_go_w2-3/internal/employee/repository.go:97.2,98.16 2 0
github.com/extmatperez/meli_bootcamp_go_w2-3/internal/employee/repository.go:98.16,100.3 1 0
github.com/extmatperez/meli_bootcamp_go_w2-3/internal/employee/repository.go:102.2,103.16 2 0
github.com/extmatperez/meli_bootcamp_go_w2-3/internal/employee/repository.go:103.16,105.3 1 0
github.com/extmatperez/meli_bootcamp_go_w2-3/internal/employee/repository.go:106.2,106.23 1 0
github.com/extmatperez/meli_bootcamp_go_w2-3/internal/employee/repository.go:106.23,108.3 1 0
github.com/extmatperez/meli_bootcamp_go_w2-3/internal/employee/repository.go:110.2,110.12 1 0
github.com/extmatperez/meli_bootcamp_go_w2-3/internal/employee/repository.go:113.64,116.16 3 0
github.com/extmatperez/meli_bootcamp_go_w2-3/internal/employee/repository.go:116.16,118.3 1 0
github.com/extmatperez/meli_bootcamp_go_w2-3/internal/employee/repository.go:120.2,121.16 2 0
github.com/extmatperez/meli_bootcamp_go_w2-3/internal/employee/repository.go:121.16,123.3 1 0
github.com/extmatperez/meli_bootcamp_go_w2-3/internal/employee/repository.go:125.2,126.16 2 0
github.com/extmatperez/meli_bootcamp_go_w2-3/internal/employee/repository.go:126.16,128.3 1 0
github.com/extmatperez/meli_bootcamp_go_w2-3/internal/employee/repository.go:130.2,130.16 1 0
github.com/extmatperez/meli_bootcamp_go_w2-3/internal/employee/repository.go:130.16,132.3 1 0
github.com/extmatperez/meli_bootcamp_go_w2-3/internal/employee/repository.go:134.2,134.12 1 0
github.com/extmatperez/meli_bootcamp_go_w2-3/internal/employee/service.go:31.39,35.2 1 0
github.com/extmatperez/meli_bootcamp_go_w2-3/internal/employee/service.go:37.69,40.2 2 0
github.com/extmatperez/meli_bootcamp_go_w2-3/internal/employee/service.go:42.85,45.2 2 0
github.com/extmatperez/meli_bootcamp_go_w2-3/internal/employee/service.go:47.82,50.2 2 0
github.com/extmatperez/meli_bootcamp_go_w2-3/internal/employee/service.go:52.97,54.20 2 0
github.com/extmatperez/meli_bootcamp_go_w2-3/internal/employee/service.go:54.20,56.3 1 0
github.com/extmatperez/meli_bootcamp_go_w2-3/internal/employee/service.go:57.2,59.16 2 0
github.com/extmatperez/meli_bootcamp_go_w2-3/internal/employee/service.go:59.16,61.3 1 0
github.com/extmatperez/meli_bootcamp_go_w2-3/internal/employee/service.go:62.2,63.15 2 0
github.com/extmatperez/meli_bootcamp_go_w2-3/internal/employee/service.go:66.107,68.16 2 0
github.com/extmatperez/meli_bootcamp_go_w2-3/internal/employee/service.go:68.16,70.3 1 0
github.com/extmatperez/meli_bootcamp_go_w2-3/internal/employee/service.go:71.2,71.23 1 0
github.com/extmatperez/meli_bootcamp_go_w2-3/internal/employee/service.go:71.23,73.3 1 0
github.com/extmatperez/meli_bootcamp_go_w2-3/internal/employee/service.go:74.2,74.22 1 0
github.com/extmatperez/meli_bootcamp_go_w2-3/internal/employee/service.go:74.22,76.3 1 0
github.com/extmatperez/meli_bootcamp_go_w2-3/internal/employee/service.go:77.2,77.26 1 0
github.com/extmatperez/meli_bootcamp_go_w2-3/internal/employee/service.go:77.26,79.62 2 0
github.com/extmatperez/meli_bootcamp_go_w2-3/internal/employee/service.go:79.62,81.4 1 0
github.com/extmatperez/meli_bootcamp_go_w2-3/internal/employee/service.go:82.3,82.47 1 0
github.com/extmatperez/meli_bootcamp_go_w2-3/internal/employee/service.go:84.2,84.24 1 0
github.com/extmatperez/meli_bootcamp_go_w2-3/internal/employee/service.go:84.24,86.3 1 0
github.com/extmatperez/meli_bootcamp_go_w2-3/internal/employee/service.go:87.2,88.16 2 0
github.com/extmatperez/meli_bootcamp_go_w2-3/internal/employee/service.go:88.16,90.3 1 0
github.com/extmatperez/meli_bootcamp_go_w2-3/internal/employee/service.go:91.2,91.28 1 0
github.com/extmatperez/meli_bootcamp_go_w2-3/internal/product/repository.go:24.43,28.2 1 0
github.com/extmatperez/meli_bootcamp_go_w2-3/internal/product/repository.go:30.76,33.16 3 0
github.com/extmatperez/meli_bootcamp_go_w2-3/internal/product/repository.go:33.16,35.3 1 0
github.com/extmatperez/meli_bootcamp_go_w2-3/internal/product/repository.go:37.2,39.18 2 0
github.com/extmatperez/meli_bootcamp_go_w2-3/internal/product/repository.go:39.18,43.3 3 0
github.com/extmatperez/meli_bootcamp_go_w2-3/internal/product/repository.go:45.2,45.22 1 0
github.com/extmatperez/meli_bootcamp_go_w2-3/internal/product/repository.go:48.79,53.16 5 0
github.com/extmatperez/meli_bootcamp_go_w2-3/internal/product/repository.go:53.16,54.50 1 0
github.com/extmatperez/meli_bootcamp_go_w2-3/internal/product/repository.go:54.50,56.4 1 0
github.com/extmatperez/meli_bootcamp_go_w2-3/internal/product/repository.go:57.3,57.31 1 0
github.com/extmatperez/meli_bootcamp_go_w2-3/internal/product/repository.go:59.2,59.15 1 0
github.com/extmatperez/meli_bootcamp_go_w2-3/internal/product/repository.go:62.75,67.2 4 0
github.com/extmatperez/meli_bootcamp_go_w2-3/internal/product/repository.go:69.79,72.16 3 0
github.com/extmatperez/meli_bootcamp_go_w2-3/internal/product/repository.go:72.16,74.3 1 0
github.com/extmatperez/meli_bootcamp_go_w2-3/internal/product/repository.go:76.2,77.16 2 0
github.com/extmatperez/meli_bootcamp_go_w2-3/internal/product/repository.go:77.16,79.3 1 0
github.com/extmatperez/meli_bootcamp_go_w2-3/internal/product/repository.go:81.2,82.16 2 0
github.com/extmatperez/meli_bootcamp_go_w2-3/internal/product/repository.go:82.16,84.3 1 0
github.com/extmatperez/meli_bootcamp_go_w2-3/internal/product/repository.go:86.2,86.21 1 0
github.com/extmatperez/meli_bootcamp_go_w2-3/internal/product/repository.go:89.74,92.16 3 0
github.com/extmatperez/meli_bootcamp_go_w2-3/internal/product/repository.go:92.16,94.3 1 0
github.com/extmatperez/meli_bootcamp_go_w2-3/internal/product/repository.go:96.2,97.16 2 0
github.com/extmatperez/meli_bootcamp_go_w2-3/internal/product/repository.go:97.16,99.3 1 0
github.com/extmatperez/meli_bootcamp_go_w2-3/internal/product/repository.go:101.2,102.16 2 0
github.com/extmatperez/meli_bootcamp_go_w2-3/internal/product/repository.go:102.16,104.3 1 0
github.com/extmatperez/meli_bootcamp_go_w2-3/internal/product/repository.go:106.2,106.23 1 0
github.com/extmatperez/meli_bootcamp_go_w2-3/internal/product/repository.go:106.23,108.3 1 0
github.com/extmatperez/meli_bootcamp_go_w2-3/internal/product/repository.go:110.2,110.12 1 0
github.com/extmatperez/meli_bootcamp_go_w2-3/internal/product/repository.go:113.64,116.16 3 0
github.com/extmatperez/meli_bootcamp_go_w2-3/internal/product/repository.go:116.16,118.3 1 0
github.com/extmatperez/meli_bootcamp_go_w2-3/internal/product/repository.go:120.2,121.16 2 0
github.com/extmatperez/meli_bootcamp_go_w2-3/internal/product/repository.go:121.16,123.3 1 0
github.com/extmatperez/meli_bootcamp_go_w2-3/internal/product/repository.go:125.2,126.16 2 0
github.com/extmatperez/meli_bootcamp_go_w2-3/internal/product/repository.go:126.16,128.3 1 0
github.com/extmatperez/meli_bootcamp_go_w2-3/internal/product/repository.go:130.2,130.16 1 0
github.com/extmatperez/meli_bootcamp_go_w2-3/internal/product/repository.go:130.16,132.3 1 0
github.com/extmatperez/meli_bootcamp_go_w2-3/internal/product/repository.go:134.2,134.12 1 0
github.com/extmatperez/meli_bootcamp_go_w2-3/internal/product/service.go:34.39,38.2 1 0
github.com/extmatperez/meli_bootcamp_go_w2-3/internal/product/service.go:40.83,42.19 2 0
github.com/extmatperez/meli_bootcamp_go_w2-3/internal/product/service.go:42.19,44.3 1 0
github.com/extmatperez/meli_bootcamp_go_w2-3/internal/product/service.go:46.2,48.23 2 0
github.com/extmatperez/meli_bootcamp_go_w2-3/internal/product/service.go:51.80,55.2 2 0
github.com/extmatperez/meli_bootcamp_go_w2-3/internal/product/service.go:57.68,60.2 2 0
github.com/extmatperez/meli_bootcamp_go_w2-3/internal/product/service.go:62.83,65.2 2 0
github.com/extmatperez/meli_bootcamp_go_w2-3/internal/product/service.go:67.78,70.2 2 0
github.com/extmatperez/meli_bootcamp_go_w2-3/internal/section/repository.go:24.43,28.2 1 0
github.com/extmatperez/meli_bootcamp_go_w2-3/internal/section/repository.go:30.76,33.16 3 0
github.com/extmatperez/meli_bootcamp_go_w2-3/internal/section/repository.go:33.16,35.3 1 0
github.com/extmatperez/meli_bootcamp_go_w2-3/internal/section/repository.go:37.2,39.18 2 0
github.com/extmatperez/meli_bootcamp_go_w2-3/internal/section/repository.go:39.18,43.3 3 0
github.com/extmatperez/meli_bootcamp_go_w2-3/internal/section/repository.go:45.2,45.22 1 0
github.com/extmatperez/meli_bootcamp_go_w2-3/internal/section/repository.go:48.79,53.16 5 0
github.com/extmatperez/meli_bootcamp_go_w2-3/internal/section/repository.go:53.16,55.3 1 0
github.com/extmatperez/meli_bootcamp_go_w2-3/internal/section/repository.go:57.2,57.15 1 0
github.com/extmatperez/meli_bootcamp_go_w2-3/internal/section/repository.go:60.74,65.2 4 0
github.com/extmatperez/meli_bootcamp_go_w2-3/internal/section/repository.go:67.79,70.16 3 0
github.com/extmatperez/meli_bootcamp_go_w2-3/internal/section/repository.go:70.16,72.3 1 0
github.com/extmatperez/meli_bootcamp_go_w2-3/internal/section/repository.go:74.2,75.16 2 0
github.com/extmatperez/meli_bootcamp_go_w2-3/internal/section/repository.go:75.16,77.3 1 0
github.com/extmatperez/meli_bootcamp_go_w2-3/internal/section/repository.go:79.2,80.16 2 0
github.com/extmatperez/meli_bootcamp_go_w2-3/internal/section/repository.go:80.16,82.3 1 0
github.com/extmatperez/meli_bootcamp_go_w2-3/internal/section/repository.go:84.2,84.21 1 0
github.com/extmatperez/meli_bootcamp_go_w2-3/internal/section/repository.go:87.74,90.16 3 0
github.com/extmatperez/meli_bootcamp_go_w2-3/internal/section/repository.go:90.16,92.3 1 0
github.com/extmatperez/meli_bootcamp_go_w2-3/internal/section/repository.go:94.2,95.16 2 0
github.com/extmatperez/meli_bootcamp_go_w2-3/internal/section/repository.go:95.16,97.3 1 0
github.com/extmatperez/meli_bootcamp_go_w2-3/internal/section/repository.go:99.2,100.16 2 0
github.com/extmatperez/meli_bootcamp_go_w2-3/internal/section/repository.go:100.16,102.3 1 0
github.com/extmatperez/meli_bootcamp_go_w2-3/internal/section/repository.go:103.2,103.22 1 0
github.com/extmatperez/meli_bootcamp_go_w2-3/internal/section/repository.go:103.22,105.3 1 0
github.com/extmatperez/meli_bootcamp_go_w2-3/internal/section/repository.go:107.2,107.12 1 0
github.com/extmatperez/meli_bootcamp_go_w2-3/internal/section/repository.go:110.64,113.16 3 0
github.com/extmatperez/meli_bootcamp_go_w2-3/internal/section/repository.go:113.16,115.3 1 0
github.com/extmatperez/meli_bootcamp_go_w2-3/internal/section/repository.go:117.2,118.16 2 0
github.com/extmatperez/meli_bootcamp_go_w2-3/internal/section/repository.go:118.16,120.3 1 0
github.com/extmatperez/meli_bootcamp_go_w2-3/internal/section/repository.go:122.2,123.16 2 0
github.com/extmatperez/meli_bootcamp_go_w2-3/internal/section/repository.go:123.16,125.3 1 0
github.com/extmatperez/meli_bootcamp_go_w2-3/internal/section/repository.go:127.2,127.16 1 0
github.com/extmatperez/meli_bootcamp_go_w2-3/internal/section/repository.go:127.16,129.3 1 0
github.com/extmatperez/meli_bootcamp_go_w2-3/internal/section/repository.go:131.2,131.12 1 0
github.com/extmatperez/meli_bootcamp_go_w2-3/internal/section/service.go:27.39,31.2 1 0
github.com/extmatperez/meli_bootcamp_go_w2-3/internal/section/service.go:32.80,35.2 2 0
github.com/extmatperez/meli_bootcamp_go_w2-3/internal/section/service.go:36.83,39.2 2 0
github.com/extmatperez/meli_bootcamp_go_w2-3/internal/section/service.go:40.86,42.19 2 0
github.com/extmatperez/meli_bootcamp_go_w2-3/internal/section/service.go:42.19,44.3 1 0
github.com/extmatperez/meli_bootcamp_go_w2-3/internal/section/service.go:45.2,46.23 2 0
github.com/extmatperez/meli_bootcamp_go_w2-3/internal/section/service.go:48.79,51.2 2 0
github.com/extmatperez/meli_bootcamp_go_w2-3/internal/section/service.go:52.81,53.51 1 0
github.com/extmatperez/meli_bootcamp_go_w2-3/internal/section/service.go:53.51,55.3 1 0
github.com/extmatperez/meli_bootcamp_go_w2-3/internal/section/service.go:56.2,57.12 2 0
github.com/extmatperez/meli_bootcamp_go_w2-3/internal/seller/repository.go:23.43,27.2 1 0
github.com/extmatperez/meli_bootcamp_go_w2-3/internal/seller/repository.go:29.75,32.16 3 0
github.com/extmatperez/meli_bootcamp_go_w2-3/internal/seller/repository.go:32.16,34.3 1 0
github.com/extmatperez/meli_bootcamp_go_w2-3/internal/seller/repository.go:36.2,38.18 2 0
github.com/extmatperez/meli_bootcamp_go_w2-3/internal/seller/repository.go:38.18,42.3 3 0
github.com/extmatperez/meli_bootcamp_go_w2-3/internal/seller/repository.go:44.2,44.21 1 0
github.com/extmatperez/meli_bootcamp_go_w2-3/internal/seller/repository.go:47.78,52.16 5 0
github.com/extmatperez/meli_bootcamp_go_w2-3/internal/seller/repository.go:52.16,53.50 1 0
github.com/extmatperez/meli_bootcamp_go_w2-3/internal/seller/repository.go:53.50,55.4 1 0
github.com/extmatperez/meli_bootcamp_go_w2-3/internal/seller/repository.go:56.3,56.30 1 0
github.com/extmatperez/meli_bootcamp_go_w2-3/internal/seller/repository.go:59.2,59.15 1 0
github.com/extmatperez/meli_bootcamp_go_w2-3/internal/seller/repository.go:62.64,67.2 4 0
github.com/extmatperez/meli_bootcamp_go_w2-3/internal/seller/repository.go:69.78,72.16 3 0
github.com/extmatperez/meli_bootcamp_go_w2-3/internal/seller/repository.go:72.16,74.3 1 0
github.com/extmatperez/meli_bootcamp_go_w2-3/internal/seller/repository.go:76.2,77.16 2 0
github.com/extmatperez/meli_bootcamp_go_w2-3/internal/seller/repository.go:77.16,79.3 1 0
github.com/extmatperez/meli_bootcamp_go_w2-3/internal/seller/repository.go:81.2,82.16 2 0
github.com/extmatperez/meli_bootcamp_go_w2-3/internal/seller/repository.go:82.16,84.3 1 0
github.com/extmatperez/meli_bootcamp_go_w2-3/internal/seller/repository.go:86.2,86.21 1 0
github.com/extmatperez/meli_bootcamp_go_w2-3/internal/seller/repository.go:89.73,92.16 3 0
github.com/extmatperez/meli_bootcamp_go_w2-3/internal/seller/repository.go:92.16,94.3 1 0
github.com/extmatperez/meli_bootcamp_go_w2-3/internal/seller/repository.go:96.2,97.16 2 0
github.com/extmatperez/meli_bootcamp_go_w2-3/internal/seller/repository.go:97.16,99.3 1 0
github.com/extmatperez/meli_bootcamp_go_w2-3/internal/seller/repository.go:101.2,102.16 2 0
github.com/extmatperez/meli_bootcamp_go_w2-3/internal/seller/repository.go:102.16,104.3 1 0
github.com/extmatperez/meli_bootcamp_go_w2-3/internal/seller/repository.go:105.2,105.23 1 0
github.com/extmatperez/meli_bootcamp_go_w2-3/internal/seller/repository.go:105.23,107.3 1 0
github.com/extmatperez/meli_bootcamp_go_w2-3/internal/seller/repository.go:109.2,109.12 1 0
github.com/extmatperez/meli_bootcamp_go_w2-3/internal/seller/repository.go:112.64,115.16 3 0
github.com/extmatperez/meli_bootcamp_go_w2-3/internal/seller/repository.go:115.16,117.3 1 0
github.com/extmatperez/meli_bootcamp_go_w2-3/internal/seller/repository.go:119.2,120.16 2 0
github.com/extmatperez/meli_bootcamp_go_w2-3/internal/seller/repository.go:120.16,122.3 1 0
github.com/extmatperez/meli_bootcamp_go_w2-3/internal/seller/repository.go:124.2,125.16 2 0
github.com/extmatperez/meli_bootcamp_go_w2-3/internal/seller/repository.go:125.16,127.3 1 0
github.com/extmatperez/meli_bootcamp_go_w2-3/internal/seller/repository.go:129.2,129.16 1 0
github.com/extmatperez/meli_bootcamp_go_w2-3/internal/seller/repository.go:129.16,131.3 1 0
github.com/extmatperez/meli_bootcamp_go_w2-3/internal/seller/repository.go:133.2,133.12 1 0
github.com/extmatperez/meli_bootcamp_go_w2-3/internal/seller/service.go:30.39,34.2 1 0
github.com/extmatperez/meli_bootcamp_go_w2-3/internal/seller/service.go:36.78,39.2 2 0
github.com/extmatperez/meli_bootcamp_go_w2-3/internal/seller/service.go:41.81,42.37 1 0
github.com/extmatperez/meli_bootcamp_go_w2-3/internal/seller/service.go:42.37,44.3 1 0
github.com/extmatperez/meli_bootcamp_go_w2-3/internal/seller/service.go:45.2,46.22 2 0
github.com/extmatperez/meli_bootcamp_go_w2-3/internal/seller/service.go:49.67,53.2 2 0
github.com/extmatperez/meli_bootcamp_go_w2-3/internal/seller/service.go:55.81,58.2 2 0
github.com/extmatperez/meli_bootcamp_go_w2-3/internal/seller/service.go:60.76,61.38 1 0
github.com/extmatperez/meli_bootcamp_go_w2-3/internal/seller/service.go:61.38,63.3 1 0
github.com/extmatperez/meli_bootcamp_go_w2-3/internal/seller/service.go:64.2,65.12 2 0
github.com/extmatperez/meli_bootcamp_go_w2-3/internal/warehouse/repository.go:24.43,28.2 1 0
github.com/extmatperez/meli_bootcamp_go_w2-3/internal/warehouse/repository.go:30.78,33.16 3 0
github.com/extmatperez/meli_bootcamp_go_w2-3/internal/warehouse/repository.go:33.16,35.3 1 0
github.com/extmatperez/meli_bootcamp_go_w2-3/internal/warehouse/repository.go:37.2,39.18 2 0
github.com/extmatperez/meli_bootcamp_go_w2-3/internal/warehouse/repository.go:39.18,43.3 3 0
github.com/extmatperez/meli_bootcamp_go_w2-3/internal/warehouse/repository.go:45.2,45.24 1 0
github.com/extmatperez/meli_bootcamp_go_w2-3/internal/warehouse/repository.go:48.81,53.16 5 0
github.com/extmatperez/meli_bootcamp_go_w2-3/internal/warehouse/repository.go:53.16,54.50 1 0
github.com/extmatperez/meli_bootcamp_go_w2-3/internal/warehouse/repository.go:54.50,56.4 1 0
github.com/extmatperez/meli_bootcamp_go_w2-3/internal/warehouse/repository.go:57.3,57.33 1 0
github.com/extmatperez/meli_bootcamp_go_w2-3/internal/warehouse/repository.go:60.2,60.15 1 0
github.com/extmatperez/meli_bootcamp_go_w2-3/internal/warehouse/repository.go:63.77,68.2 4 0
github.com/extmatperez/meli_bootcamp_go_w2-3/internal/warehouse/repository.go:70.81,73.16 3 0
github.com/extmatperez/meli_bootcamp_go_w2-3/internal/warehouse/repository.go:73.16,75.3 1 0
github.com/extmatperez/meli_bootcamp_go_w2-3/internal/warehouse/repository.go:77.2,78.16 2 0
github.com/extmatperez/meli_bootcamp_go_w2-3/internal/warehouse/repository.go:78.16,80.3 1 0
github.com/extmatperez/meli_bootcamp_go_w2-3/internal/warehouse/repository.go:82.2,83.16 2 0
github.com/extmatperez/meli_bootcamp_go_w2-3/internal/warehouse/repository.go:83.16,85.3 1 0
github.com/extmatperez/meli_bootcamp_go_w2-3/internal/warehouse/repository.go:87.2,87.21 1 0
github.com/extmatperez/meli_bootcamp_go_w2-3/internal/warehouse/repository.go:90.76,93.16 3 0
github.com/extmatperez/meli_bootcamp_go_w2-3/internal/warehouse/repository.go:93.16,95.3 1 0
github.com/extmatperez/meli_bootcamp_go_w2-3/internal/warehouse/repository.go:97.2,98.16 2 0
github.com/extmatperez/meli_bootcamp_go_w2-3/internal/warehouse/repository.go:98.16,100.3 1 0
github.com/extmatperez/meli_bootcamp_go_w2-3/internal/warehouse/repository.go:102.2,103.16 2 0
github.com/extmatperez/meli_bootcamp_go_w2-3/internal/warehouse/repository.go:103.16,105.3 1 0
github.com/extmatperez/meli_bootcamp_go_w2-3/internal/warehouse/repository.go:106.2,106.23 1 0
github.com/extmatperez/meli_bootcamp_go_w2-3/internal/warehouse/repository.go:106.23,108.3 1 0
github.com/extmatperez/meli_bootcamp_go_w2-3/internal/warehouse/repository.go:110.2,110.12 1 0
github.com/extmatperez/meli_bootcamp_go_w2-3/internal/warehouse/repository.go:113.64,116.16 3 0
github.com/extmatperez/meli_bootcamp_go_w2-3/internal/warehouse/repository.go:116.16,118.3 1 0
github.com/extmatperez/meli_bootcamp_go_w2-3/internal/warehouse/repository.go:120.2,121.16 2 0
github.com/extmatperez/meli_bootcamp_go_w2-3/internal/warehouse/repository.go:121.16,123.3 1 0
github.com/extmatperez/meli_bootcamp_go_w2-3/internal/warehouse/repository.go:125.2,126.16 2 0
github.com/extmatperez/meli_bootcamp_go_w2-3/internal/warehouse/repository.go:126.16,128.3 1 0
github.com/extmatperez/meli_bootcamp_go_w2-3/internal/warehouse/repository.go:130.2,130.16 1 0
github.com/extmatperez/meli_bootcamp_go_w2-3/internal/warehouse/repository.go:130.16,132.3 1 0
github.com/extmatperez/meli_bootcamp_go_w2-3/internal/warehouse/repository.go:134.2,134.12 1 0
github.com/extmatperez/meli_bootcamp_go_w2-3/internal/warehouse/service.go:30.39,34.2 1 0
github.com/extmatperez/meli_bootcamp_go_w2-3/internal/warehouse/service.go:36.87,37.47 1 0
github.com/extmatperez/meli_bootcamp_go_w2-3/internal/warehouse/service.go:37.47,39.3 1 0
github.com/extmatperez/meli_bootcamp_go_w2-3/internal/warehouse/service.go:40.2,41.25 2 0
github.com/extmatperez/meli_bootcamp_go_w2-3/internal/warehouse/service.go:44.84,47.2 2 0
github.com/extmatperez/meli_bootcamp_go_w2-3/internal/warehouse/service.go:49.87,52.2 2 0
github.com/extmatperez/meli_bootcamp_go_w2-3/internal/warehouse/service.go:54.70,57.2 2 0
github.com/extmatperez/meli_bootcamp_go_w2-3/internal/warehouse/service.go:59.82,60.48 1 0
github.com/extmatperez/meli_bootcamp_go_w2-3/internal/warehouse/service.go:60.48,62.3 1 0
github.com/extmatperez/meli_bootcamp_go_w2-3/internal/warehouse/service.go:63.2,64.12 2 0
github.com/extmatperez/meli_bootcamp_go_w2-3/pkg/testutil/server.go:12.33,16.2 3 1
github.com/extmatperez/meli_bootcamp_go_w2-3/pkg/testutil/server.go:18.87,22.2 3 1
github.com/extmatperez/meli_bootcamp_go_w2-3/pkg/web/response.go:21.61,23.2 1 1
github.com/extmatperez/meli_bootcamp_go_w2-3/pkg/web/response.go:25.60,27.2 1 1
github.com/extmatperez/meli_bootcamp_go_w2-3/pkg/web/response.go:31.76,40.2 2 1
github.com/extmatperez/meli_bootcamp_go_w2-3/tests/employee/employee_mock.go:18.86,21.2 2 1
github.com/extmatperez/meli_bootcamp_go_w2-3/tests/employee/employee_mock.go:23.89,26.2 2 0
github.com/extmatperez/meli_bootcamp_go_w2-3/tests/employee/employee_mock.go:28.101,31.2 2 1
github.com/extmatperez/meli_bootcamp_go_w2-3/tests/employee/employee_mock.go:33.92,36.2 2 0
github.com/extmatperez/meli_bootcamp_go_w2-3/tests/employee/employee_mock.go:38.73,41.2 2 1
github.com/extmatperez/meli_bootcamp_go_w2-3/tests/employee/employee_mock.go:43.76,46.2 2 0
github.com/extmatperez/meli_bootcamp_go_w2-3/tests/employee/employee_mock.go:48.89,51.2 2 1
github.com/extmatperez/meli_bootcamp_go_w2-3/tests/employee/employee_mock.go:53.92,56.2 2 0
github.com/extmatperez/meli_bootcamp_go_w2-3/tests/employee/employee_mock.go:58.111,61.2 2 1
github.com/extmatperez/meli_bootcamp_go_w2-3/tests/employee/employee_mock.go:63.87,66.2 2 0
github.com/extmatperez/meli_bootcamp_go_w2-3/tests/employee/employee_mock.go:68.89,71.2 2 0
github.com/extmatperez/meli_bootcamp_go_w2-3/tests/product/product_mock.go:19.84,22.2 2 1
github.com/extmatperez/meli_bootcamp_go_w2-3/tests/product/product_mock.go:25.87,28.2 2 0
github.com/extmatperez/meli_bootcamp_go_w2-3/tests/product/product_mock.go:30.87,33.2 2 1
github.com/extmatperez/meli_bootcamp_go_w2-3/tests/product/product_mock.go:35.90,38.2 2 0
github.com/extmatperez/meli_bootcamp_go_w2-3/tests/product/product_mock.go:40.72,43.2 2 1
github.com/extmatperez/meli_bootcamp_go_w2-3/tests/product/product_mock.go:45.75,48.2 2 0
github.com/extmatperez/meli_bootcamp_go_w2-3/tests/product/product_mock.go:50.87,53.2 2 1
github.com/extmatperez/meli_bootcamp_go_w2-3/tests/product/product_mock.go:55.90,58.2 2 0
github.com/extmatperez/meli_bootcamp_go_w2-3/tests/product/product_mock.go:60.82,64.2 2 1
github.com/extmatperez/meli_bootcamp_go_w2-3/tests/product/product_mock.go:66.85,70.2 2 0
github.com/extmatperez/meli_bootcamp_go_w2-3/tests/product/product_mock.go:72.86,75.2 2 0
github.com/extmatperez/meli_bootcamp_go_w2-3/tests/section/section_mock.go:18.84,22.2 2 1
github.com/extmatperez/meli_bootcamp_go_w2-3/tests/section/section_mock.go:24.67,29.2 2 0
github.com/extmatperez/meli_bootcamp_go_w2-3/tests/section/section_mock.go:31.87,33.2 1 0
github.com/extmatperez/meli_bootcamp_go_w2-3/tests/section/section_mock.go:35.72,37.2 1 0
github.com/extmatperez/meli_bootcamp_go_w2-3/tests/section/section_mock.go:39.88,41.2 1 0
github.com/extmatperez/meli_bootcamp_go_w2-3/tests/section/section_mock.go:43.82,45.2 1 0
github.com/extmatperez/meli_bootcamp_go_w2-3/internal/product/repository.go:24.43,28.2 1 0
github.com/extmatperez/meli_bootcamp_go_w2-3/internal/product/repository.go:30.76,33.16 3 0
github.com/extmatperez/meli_bootcamp_go_w2-3/internal/product/repository.go:33.16,35.3 1 0
github.com/extmatperez/meli_bootcamp_go_w2-3/internal/product/repository.go:37.2,39.18 2 0
github.com/extmatperez/meli_bootcamp_go_w2-3/internal/product/repository.go:39.18,43.3 3 0
github.com/extmatperez/meli_bootcamp_go_w2-3/internal/product/repository.go:45.2,45.22 1 0
github.com/extmatperez/meli_bootcamp_go_w2-3/internal/product/repository.go:48.79,53.16 5 0
github.com/extmatperez/meli_bootcamp_go_w2-3/internal/product/repository.go:53.16,54.50 1 0
github.com/extmatperez/meli_bootcamp_go_w2-3/internal/product/repository.go:54.50,56.4 1 0
github.com/extmatperez/meli_bootcamp_go_w2-3/internal/product/repository.go:57.3,57.31 1 0
github.com/extmatperez/meli_bootcamp_go_w2-3/internal/product/repository.go:59.2,59.15 1 0
github.com/extmatperez/meli_bootcamp_go_w2-3/internal/product/repository.go:62.75,67.2 4 0
github.com/extmatperez/meli_bootcamp_go_w2-3/internal/product/repository.go:69.79,72.16 3 0
github.com/extmatperez/meli_bootcamp_go_w2-3/internal/product/repository.go:72.16,74.3 1 0
github.com/extmatperez/meli_bootcamp_go_w2-3/internal/product/repository.go:76.2,77.16 2 0
github.com/extmatperez/meli_bootcamp_go_w2-3/internal/product/repository.go:77.16,79.3 1 0
github.com/extmatperez/meli_bootcamp_go_w2-3/internal/product/repository.go:81.2,82.16 2 0
github.com/extmatperez/meli_bootcamp_go_w2-3/internal/product/repository.go:82.16,84.3 1 0
github.com/extmatperez/meli_bootcamp_go_w2-3/internal/product/repository.go:86.2,86.21 1 0
github.com/extmatperez/meli_bootcamp_go_w2-3/internal/product/repository.go:89.74,92.16 3 0
github.com/extmatperez/meli_bootcamp_go_w2-3/internal/product/repository.go:92.16,94.3 1 0
github.com/extmatperez/meli_bootcamp_go_w2-3/internal/product/repository.go:96.2,97.16 2 0
github.com/extmatperez/meli_bootcamp_go_w2-3/internal/product/repository.go:97.16,99.3 1 0
github.com/extmatperez/meli_bootcamp_go_w2-3/internal/product/repository.go:101.2,102.16 2 0
github.com/extmatperez/meli_bootcamp_go_w2-3/internal/product/repository.go:102.16,104.3 1 0
github.com/extmatperez/meli_bootcamp_go_w2-3/internal/product/repository.go:106.2,106.23 1 0
github.com/extmatperez/meli_bootcamp_go_w2-3/internal/product/repository.go:106.23,108.3 1 0
github.com/extmatperez/meli_bootcamp_go_w2-3/internal/product/repository.go:110.2,110.12 1 0
github.com/extmatperez/meli_bootcamp_go_w2-3/internal/product/repository.go:113.64,116.16 3 0
github.com/extmatperez/meli_bootcamp_go_w2-3/internal/product/repository.go:116.16,118.3 1 0
github.com/extmatperez/meli_bootcamp_go_w2-3/internal/product/repository.go:120.2,121.16 2 0
github.com/extmatperez/meli_bootcamp_go_w2-3/internal/product/repository.go:121.16,123.3 1 0
github.com/extmatperez/meli_bootcamp_go_w2-3/internal/product/repository.go:125.2,126.16 2 0
github.com/extmatperez/meli_bootcamp_go_w2-3/internal/product/repository.go:126.16,128.3 1 0
github.com/extmatperez/meli_bootcamp_go_w2-3/internal/product/repository.go:130.2,130.16 1 0
github.com/extmatperez/meli_bootcamp_go_w2-3/internal/product/repository.go:130.16,132.3 1 0
github.com/extmatperez/meli_bootcamp_go_w2-3/internal/product/repository.go:134.2,134.12 1 0
github.com/extmatperez/meli_bootcamp_go_w2-3/internal/product/service.go:34.39,38.2 1 1
github.com/extmatperez/meli_bootcamp_go_w2-3/internal/product/service.go:40.83,42.19 2 1
github.com/extmatperez/meli_bootcamp_go_w2-3/internal/product/service.go:42.19,44.3 1 1
github.com/extmatperez/meli_bootcamp_go_w2-3/internal/product/service.go:46.2,48.23 2 1
github.com/extmatperez/meli_bootcamp_go_w2-3/internal/product/service.go:51.80,55.2 2 1
github.com/extmatperez/meli_bootcamp_go_w2-3/internal/product/service.go:57.68,60.2 2 1
github.com/extmatperez/meli_bootcamp_go_w2-3/internal/product/service.go:62.83,65.2 2 1
github.com/extmatperez/meli_bootcamp_go_w2-3/internal/product/service.go:67.78,70.2 2 1
github.com/extmatperez/meli_bootcamp_go_w2-3/tests/product/product_mock.go:19.84,22.2 2 0
github.com/extmatperez/meli_bootcamp_go_w2-3/tests/product/product_mock.go:25.87,28.2 2 1
github.com/extmatperez/meli_bootcamp_go_w2-3/tests/product/product_mock.go:30.87,33.2 2 0
github.com/extmatperez/meli_bootcamp_go_w2-3/tests/product/product_mock.go:35.90,38.2 2 1
github.com/extmatperez/meli_bootcamp_go_w2-3/tests/product/product_mock.go:40.72,43.2 2 0
github.com/extmatperez/meli_bootcamp_go_w2-3/tests/product/product_mock.go:45.75,48.2 2 1
github.com/extmatperez/meli_bootcamp_go_w2-3/tests/product/product_mock.go:50.87,53.2 2 0
github.com/extmatperez/meli_bootcamp_go_w2-3/tests/product/product_mock.go:55.90,58.2 2 1
github.com/extmatperez/meli_bootcamp_go_w2-3/tests/product/product_mock.go:60.82,64.2 2 0
github.com/extmatperez/meli_bootcamp_go_w2-3/tests/product/product_mock.go:66.85,70.2 2 1
github.com/extmatperez/meli_bootcamp_go_w2-3/tests/product/product_mock.go:72.86,75.2 2 1
github.com/extmatperez/meli_bootcamp_go_w2-3/internal/section/repository.go:24.43,28.2 1 0
github.com/extmatperez/meli_bootcamp_go_w2-3/internal/section/repository.go:30.76,33.16 3 0
github.com/extmatperez/meli_bootcamp_go_w2-3/internal/section/repository.go:33.16,35.3 1 0
github.com/extmatperez/meli_bootcamp_go_w2-3/internal/section/repository.go:37.2,39.18 2 0
github.com/extmatperez/meli_bootcamp_go_w2-3/internal/section/repository.go:39.18,43.3 3 0
github.com/extmatperez/meli_bootcamp_go_w2-3/internal/section/repository.go:45.2,45.22 1 0
github.com/extmatperez/meli_bootcamp_go_w2-3/internal/section/repository.go:48.79,53.16 5 0
github.com/extmatperez/meli_bootcamp_go_w2-3/internal/section/repository.go:53.16,55.3 1 0
github.com/extmatperez/meli_bootcamp_go_w2-3/internal/section/repository.go:57.2,57.15 1 0
github.com/extmatperez/meli_bootcamp_go_w2-3/internal/section/repository.go:60.74,65.2 4 0
github.com/extmatperez/meli_bootcamp_go_w2-3/internal/section/repository.go:67.79,70.16 3 0
github.com/extmatperez/meli_bootcamp_go_w2-3/internal/section/repository.go:70.16,72.3 1 0
github.com/extmatperez/meli_bootcamp_go_w2-3/internal/section/repository.go:74.2,75.16 2 0
github.com/extmatperez/meli_bootcamp_go_w2-3/internal/section/repository.go:75.16,77.3 1 0
github.com/extmatperez/meli_bootcamp_go_w2-3/internal/section/repository.go:79.2,80.16 2 0
github.com/extmatperez/meli_bootcamp_go_w2-3/internal/section/repository.go:80.16,82.3 1 0
github.com/extmatperez/meli_bootcamp_go_w2-3/internal/section/repository.go:84.2,84.21 1 0
github.com/extmatperez/meli_bootcamp_go_w2-3/internal/section/repository.go:87.74,90.16 3 0
github.com/extmatperez/meli_bootcamp_go_w2-3/internal/section/repository.go:90.16,92.3 1 0
github.com/extmatperez/meli_bootcamp_go_w2-3/internal/section/repository.go:94.2,95.16 2 0
github.com/extmatperez/meli_bootcamp_go_w2-3/internal/section/repository.go:95.16,97.3 1 0
github.com/extmatperez/meli_bootcamp_go_w2-3/internal/section/repository.go:99.2,100.16 2 0
github.com/extmatperez/meli_bootcamp_go_w2-3/internal/section/repository.go:100.16,102.3 1 0
github.com/extmatperez/meli_bootcamp_go_w2-3/internal/section/repository.go:103.2,103.22 1 0
github.com/extmatperez/meli_bootcamp_go_w2-3/internal/section/repository.go:103.22,105.3 1 0
github.com/extmatperez/meli_bootcamp_go_w2-3/internal/section/repository.go:107.2,107.12 1 0
github.com/extmatperez/meli_bootcamp_go_w2-3/internal/section/repository.go:110.64,113.16 3 0
github.com/extmatperez/meli_bootcamp_go_w2-3/internal/section/repository.go:113.16,115.3 1 0
github.com/extmatperez/meli_bootcamp_go_w2-3/internal/section/repository.go:117.2,118.16 2 0
github.com/extmatperez/meli_bootcamp_go_w2-3/internal/section/repository.go:118.16,120.3 1 0
github.com/extmatperez/meli_bootcamp_go_w2-3/internal/section/repository.go:122.2,123.16 2 0
github.com/extmatperez/meli_bootcamp_go_w2-3/internal/section/repository.go:123.16,125.3 1 0
github.com/extmatperez/meli_bootcamp_go_w2-3/internal/section/repository.go:127.2,127.16 1 0
github.com/extmatperez/meli_bootcamp_go_w2-3/internal/section/repository.go:127.16,129.3 1 0
github.com/extmatperez/meli_bootcamp_go_w2-3/internal/section/repository.go:131.2,131.12 1 0
github.com/extmatperez/meli_bootcamp_go_w2-3/internal/section/service.go:27.39,31.2 1 0
github.com/extmatperez/meli_bootcamp_go_w2-3/internal/section/service.go:32.80,35.2 2 0
github.com/extmatperez/meli_bootcamp_go_w2-3/internal/section/service.go:36.83,39.2 2 0
github.com/extmatperez/meli_bootcamp_go_w2-3/internal/section/service.go:40.86,42.19 2 0
github.com/extmatperez/meli_bootcamp_go_w2-3/internal/section/service.go:42.19,44.3 1 0
github.com/extmatperez/meli_bootcamp_go_w2-3/internal/section/service.go:45.2,46.23 2 0
github.com/extmatperez/meli_bootcamp_go_w2-3/internal/section/service.go:48.79,51.2 2 0
github.com/extmatperez/meli_bootcamp_go_w2-3/internal/section/service.go:52.81,53.51 1 0
github.com/extmatperez/meli_bootcamp_go_w2-3/internal/section/service.go:53.51,55.3 1 0
github.com/extmatperez/meli_bootcamp_go_w2-3/internal/section/service.go:56.2,57.12 2 0
github.com/extmatperez/meli_bootcamp_go_w2-3/internal/employee/repository.go:24.43,28.2 1 0
github.com/extmatperez/meli_bootcamp_go_w2-3/internal/employee/repository.go:30.77,33.16 3 0
github.com/extmatperez/meli_bootcamp_go_w2-3/internal/employee/repository.go:33.16,35.3 1 0
github.com/extmatperez/meli_bootcamp_go_w2-3/internal/employee/repository.go:37.2,39.18 2 0
github.com/extmatperez/meli_bootcamp_go_w2-3/internal/employee/repository.go:39.18,43.3 3 0
github.com/extmatperez/meli_bootcamp_go_w2-3/internal/employee/repository.go:45.2,45.23 1 0
github.com/extmatperez/meli_bootcamp_go_w2-3/internal/employee/repository.go:48.80,53.16 5 0
github.com/extmatperez/meli_bootcamp_go_w2-3/internal/employee/repository.go:53.16,54.50 1 0
github.com/extmatperez/meli_bootcamp_go_w2-3/internal/employee/repository.go:54.50,56.4 1 0
github.com/extmatperez/meli_bootcamp_go_w2-3/internal/employee/repository.go:57.3,57.32 1 0
github.com/extmatperez/meli_bootcamp_go_w2-3/internal/employee/repository.go:60.2,60.15 1 0
github.com/extmatperez/meli_bootcamp_go_w2-3/internal/employee/repository.go:63.76,68.2 4 0
github.com/extmatperez/meli_bootcamp_go_w2-3/internal/employee/repository.go:70.80,73.16 3 0
github.com/extmatperez/meli_bootcamp_go_w2-3/internal/employee/repository.go:73.16,75.3 1 0
github.com/extmatperez/meli_bootcamp_go_w2-3/internal/employee/repository.go:77.2,78.16 2 0
github.com/extmatperez/meli_bootcamp_go_w2-3/internal/employee/repository.go:78.16,80.3 1 0
github.com/extmatperez/meli_bootcamp_go_w2-3/internal/employee/repository.go:82.2,83.16 2 0
github.com/extmatperez/meli_bootcamp_go_w2-3/internal/employee/repository.go:83.16,85.3 1 0
github.com/extmatperez/meli_bootcamp_go_w2-3/internal/employee/repository.go:87.2,87.21 1 0
github.com/extmatperez/meli_bootcamp_go_w2-3/internal/employee/repository.go:90.75,93.16 3 0
github.com/extmatperez/meli_bootcamp_go_w2-3/internal/employee/repository.go:93.16,95.3 1 0
github.com/extmatperez/meli_bootcamp_go_w2-3/internal/employee/repository.go:97.2,98.16 2 0
github.com/extmatperez/meli_bootcamp_go_w2-3/internal/employee/repository.go:98.16,100.3 1 0
github.com/extmatperez/meli_bootcamp_go_w2-3/internal/employee/repository.go:102.2,103.16 2 0
github.com/extmatperez/meli_bootcamp_go_w2-3/internal/employee/repository.go:103.16,105.3 1 0
github.com/extmatperez/meli_bootcamp_go_w2-3/internal/employee/repository.go:106.2,106.23 1 0
github.com/extmatperez/meli_bootcamp_go_w2-3/internal/employee/repository.go:106.23,108.3 1 0
github.com/extmatperez/meli_bootcamp_go_w2-3/internal/employee/repository.go:110.2,110.12 1 0
github.com/extmatperez/meli_bootcamp_go_w2-3/internal/employee/repository.go:113.64,116.16 3 0
github.com/extmatperez/meli_bootcamp_go_w2-3/internal/employee/repository.go:116.16,118.3 1 0
github.com/extmatperez/meli_bootcamp_go_w2-3/internal/employee/repository.go:120.2,121.16 2 0
github.com/extmatperez/meli_bootcamp_go_w2-3/internal/employee/repository.go:121.16,123.3 1 0
github.com/extmatperez/meli_bootcamp_go_w2-3/internal/employee/repository.go:125.2,126.16 2 0
github.com/extmatperez/meli_bootcamp_go_w2-3/internal/employee/repository.go:126.16,128.3 1 0
github.com/extmatperez/meli_bootcamp_go_w2-3/internal/employee/repository.go:130.2,130.16 1 0
github.com/extmatperez/meli_bootcamp_go_w2-3/internal/employee/repository.go:130.16,132.3 1 0
github.com/extmatperez/meli_bootcamp_go_w2-3/internal/employee/repository.go:134.2,134.12 1 0
github.com/extmatperez/meli_bootcamp_go_w2-3/internal/employee/service.go:31.39,35.2 1 1
github.com/extmatperez/meli_bootcamp_go_w2-3/internal/employee/service.go:37.69,40.2 2 1
github.com/extmatperez/meli_bootcamp_go_w2-3/internal/employee/service.go:42.85,45.2 2 1
github.com/extmatperez/meli_bootcamp_go_w2-3/internal/employee/service.go:47.82,50.2 2 1
github.com/extmatperez/meli_bootcamp_go_w2-3/internal/employee/service.go:52.97,54.20 2 1
github.com/extmatperez/meli_bootcamp_go_w2-3/internal/employee/service.go:54.20,56.3 1 1
github.com/extmatperez/meli_bootcamp_go_w2-3/internal/employee/service.go:57.2,59.16 2 1
github.com/extmatperez/meli_bootcamp_go_w2-3/internal/employee/service.go:59.16,61.3 1 1
github.com/extmatperez/meli_bootcamp_go_w2-3/internal/employee/service.go:62.2,63.15 2 1
github.com/extmatperez/meli_bootcamp_go_w2-3/internal/employee/service.go:66.107,68.16 2 1
github.com/extmatperez/meli_bootcamp_go_w2-3/internal/employee/service.go:68.16,70.3 1 1
github.com/extmatperez/meli_bootcamp_go_w2-3/internal/employee/service.go:71.2,71.23 1 1
github.com/extmatperez/meli_bootcamp_go_w2-3/internal/employee/service.go:71.23,73.3 1 1
github.com/extmatperez/meli_bootcamp_go_w2-3/internal/employee/service.go:74.2,74.22 1 1
github.com/extmatperez/meli_bootcamp_go_w2-3/internal/employee/service.go:74.22,76.3 1 1
github.com/extmatperez/meli_bootcamp_go_w2-3/internal/employee/service.go:77.2,77.26 1 1
github.com/extmatperez/meli_bootcamp_go_w2-3/internal/employee/service.go:77.26,79.62 2 1
github.com/extmatperez/meli_bootcamp_go_w2-3/internal/employee/service.go:79.62,81.4 1 1
github.com/extmatperez/meli_bootcamp_go_w2-3/internal/employee/service.go:82.3,82.47 1 1
github.com/extmatperez/meli_bootcamp_go_w2-3/internal/employee/service.go:84.2,84.24 1 1
github.com/extmatperez/meli_bootcamp_go_w2-3/internal/employee/service.go:84.24,86.3 1 1
github.com/extmatperez/meli_bootcamp_go_w2-3/internal/employee/service.go:87.2,88.16 2 1
github.com/extmatperez/meli_bootcamp_go_w2-3/internal/employee/service.go:88.16,90.3 1 1
github.com/extmatperez/meli_bootcamp_go_w2-3/internal/employee/service.go:91.2,91.28 1 1
github.com/extmatperez/meli_bootcamp_go_w2-3/tests/employee/employee_mock.go:18.86,21.2 2 0
github.com/extmatperez/meli_bootcamp_go_w2-3/tests/employee/employee_mock.go:23.89,26.2 2 1
github.com/extmatperez/meli_bootcamp_go_w2-3/tests/employee/employee_mock.go:28.101,31.2 2 0
github.com/extmatperez/meli_bootcamp_go_w2-3/tests/employee/employee_mock.go:33.92,36.2 2 1
github.com/extmatperez/meli_bootcamp_go_w2-3/tests/employee/employee_mock.go:38.73,41.2 2 0
github.com/extmatperez/meli_bootcamp_go_w2-3/tests/employee/employee_mock.go:43.76,46.2 2 1
github.com/extmatperez/meli_bootcamp_go_w2-3/tests/employee/employee_mock.go:48.89,51.2 2 0
github.com/extmatperez/meli_bootcamp_go_w2-3/tests/employee/employee_mock.go:53.92,56.2 2 1
github.com/extmatperez/meli_bootcamp_go_w2-3/tests/employee/employee_mock.go:58.111,61.2 2 0
github.com/extmatperez/meli_bootcamp_go_w2-3/tests/employee/employee_mock.go:63.87,66.2 2 1
github.com/extmatperez/meli_bootcamp_go_w2-3/tests/employee/employee_mock.go:68.89,71.2 2 1
github.com/extmatperez/meli_bootcamp_go_w2-3/internal/seller/repository.go:23.43,27.2 1 0
github.com/extmatperez/meli_bootcamp_go_w2-3/internal/seller/repository.go:29.75,32.16 3 0
github.com/extmatperez/meli_bootcamp_go_w2-3/internal/seller/repository.go:32.16,34.3 1 0
github.com/extmatperez/meli_bootcamp_go_w2-3/internal/seller/repository.go:36.2,38.18 2 0
github.com/extmatperez/meli_bootcamp_go_w2-3/internal/seller/repository.go:38.18,42.3 3 0
github.com/extmatperez/meli_bootcamp_go_w2-3/internal/seller/repository.go:44.2,44.21 1 0
github.com/extmatperez/meli_bootcamp_go_w2-3/internal/seller/repository.go:47.78,52.16 5 0
github.com/extmatperez/meli_bootcamp_go_w2-3/internal/seller/repository.go:52.16,53.50 1 0
github.com/extmatperez/meli_bootcamp_go_w2-3/internal/seller/repository.go:53.50,55.4 1 0
github.com/extmatperez/meli_bootcamp_go_w2-3/internal/seller/repository.go:56.3,56.30 1 0
github.com/extmatperez/meli_bootcamp_go_w2-3/internal/seller/repository.go:59.2,59.15 1 0
github.com/extmatperez/meli_bootcamp_go_w2-3/internal/seller/repository.go:62.64,67.2 4 0
github.com/extmatperez/meli_bootcamp_go_w2-3/internal/seller/repository.go:69.78,72.16 3 0
github.com/extmatperez/meli_bootcamp_go_w2-3/internal/seller/repository.go:72.16,74.3 1 0
github.com/extmatperez/meli_bootcamp_go_w2-3/internal/seller/repository.go:76.2,77.16 2 0
github.com/extmatperez/meli_bootcamp_go_w2-3/internal/seller/repository.go:77.16,79.3 1 0
github.com/extmatperez/meli_bootcamp_go_w2-3/internal/seller/repository.go:81.2,82.16 2 0
github.com/extmatperez/meli_bootcamp_go_w2-3/internal/seller/repository.go:82.16,84.3 1 0
github.com/extmatperez/meli_bootcamp_go_w2-3/internal/seller/repository.go:86.2,86.21 1 0
github.com/extmatperez/meli_bootcamp_go_w2-3/internal/seller/repository.go:89.73,92.16 3 0
github.com/extmatperez/meli_bootcamp_go_w2-3/internal/seller/repository.go:92.16,94.3 1 0
github.com/extmatperez/meli_bootcamp_go_w2-3/internal/seller/repository.go:96.2,97.16 2 0
github.com/extmatperez/meli_bootcamp_go_w2-3/internal/seller/repository.go:97.16,99.3 1 0
github.com/extmatperez/meli_bootcamp_go_w2-3/internal/seller/repository.go:101.2,102.16 2 0
github.com/extmatperez/meli_bootcamp_go_w2-3/internal/seller/repository.go:102.16,104.3 1 0
github.com/extmatperez/meli_bootcamp_go_w2-3/internal/seller/repository.go:105.2,105.23 1 0
github.com/extmatperez/meli_bootcamp_go_w2-3/internal/seller/repository.go:105.23,107.3 1 0
github.com/extmatperez/meli_bootcamp_go_w2-3/internal/seller/repository.go:109.2,109.12 1 0
github.com/extmatperez/meli_bootcamp_go_w2-3/internal/seller/repository.go:112.64,115.16 3 0
github.com/extmatperez/meli_bootcamp_go_w2-3/internal/seller/repository.go:115.16,117.3 1 0
github.com/extmatperez/meli_bootcamp_go_w2-3/internal/seller/repository.go:119.2,120.16 2 0
github.com/extmatperez/meli_bootcamp_go_w2-3/internal/seller/repository.go:120.16,122.3 1 0
github.com/extmatperez/meli_bootcamp_go_w2-3/internal/seller/repository.go:124.2,125.16 2 0
github.com/extmatperez/meli_bootcamp_go_w2-3/internal/seller/repository.go:125.16,127.3 1 0
github.com/extmatperez/meli_bootcamp_go_w2-3/internal/seller/repository.go:129.2,129.16 1 0
github.com/extmatperez/meli_bootcamp_go_w2-3/internal/seller/repository.go:129.16,131.3 1 0
github.com/extmatperez/meli_bootcamp_go_w2-3/internal/seller/repository.go:133.2,133.12 1 0
github.com/extmatperez/meli_bootcamp_go_w2-3/internal/seller/service.go:30.39,34.2 1 0
github.com/extmatperez/meli_bootcamp_go_w2-3/internal/seller/service.go:36.78,39.2 2 0
github.com/extmatperez/meli_bootcamp_go_w2-3/internal/seller/service.go:41.81,42.37 1 0
github.com/extmatperez/meli_bootcamp_go_w2-3/internal/seller/service.go:42.37,44.3 1 0
github.com/extmatperez/meli_bootcamp_go_w2-3/internal/seller/service.go:45.2,46.22 2 0
github.com/extmatperez/meli_bootcamp_go_w2-3/internal/seller/service.go:49.67,53.2 2 0
github.com/extmatperez/meli_bootcamp_go_w2-3/internal/seller/service.go:55.81,58.2 2 0
github.com/extmatperez/meli_bootcamp_go_w2-3/internal/seller/service.go:60.76,61.38 1 0
github.com/extmatperez/meli_bootcamp_go_w2-3/internal/seller/service.go:61.38,63.3 1 0
github.com/extmatperez/meli_bootcamp_go_w2-3/internal/seller/service.go:64.2,65.12 2 0
github.com/extmatperez/meli_bootcamp_go_w2-3/internal/warehouse/repository.go:24.43,28.2 1 0
github.com/extmatperez/meli_bootcamp_go_w2-3/internal/warehouse/repository.go:30.78,33.16 3 0
github.com/extmatperez/meli_bootcamp_go_w2-3/internal/warehouse/repository.go:33.16,35.3 1 0
github.com/extmatperez/meli_bootcamp_go_w2-3/internal/warehouse/repository.go:37.2,39.18 2 0
github.com/extmatperez/meli_bootcamp_go_w2-3/internal/warehouse/repository.go:39.18,43.3 3 0
github.com/extmatperez/meli_bootcamp_go_w2-3/internal/warehouse/repository.go:45.2,45.24 1 0
github.com/extmatperez/meli_bootcamp_go_w2-3/internal/warehouse/repository.go:48.81,53.16 5 0
github.com/extmatperez/meli_bootcamp_go_w2-3/internal/warehouse/repository.go:53.16,54.50 1 0
github.com/extmatperez/meli_bootcamp_go_w2-3/internal/warehouse/repository.go:54.50,56.4 1 0
github.com/extmatperez/meli_bootcamp_go_w2-3/internal/warehouse/repository.go:57.3,57.33 1 0
github.com/extmatperez/meli_bootcamp_go_w2-3/internal/warehouse/repository.go:60.2,60.15 1 0
github.com/extmatperez/meli_bootcamp_go_w2-3/internal/warehouse/repository.go:63.77,68.2 4 0
github.com/extmatperez/meli_bootcamp_go_w2-3/internal/warehouse/repository.go:70.81,73.16 3 0
github.com/extmatperez/meli_bootcamp_go_w2-3/internal/warehouse/repository.go:73.16,75.3 1 0
github.com/extmatperez/meli_bootcamp_go_w2-3/internal/warehouse/repository.go:77.2,78.16 2 0
github.com/extmatperez/meli_bootcamp_go_w2-3/internal/warehouse/repository.go:78.16,80.3 1 0
github.com/extmatperez/meli_bootcamp_go_w2-3/internal/warehouse/repository.go:82.2,83.16 2 0
github.com/extmatperez/meli_bootcamp_go_w2-3/internal/warehouse/repository.go:83.16,85.3 1 0
github.com/extmatperez/meli_bootcamp_go_w2-3/internal/warehouse/repository.go:87.2,87.21 1 0
github.com/extmatperez/meli_bootcamp_go_w2-3/internal/warehouse/repository.go:90.76,93.16 3 0
github.com/extmatperez/meli_bootcamp_go_w2-3/internal/warehouse/repository.go:93.16,95.3 1 0
github.com/extmatperez/meli_bootcamp_go_w2-3/internal/warehouse/repository.go:97.2,98.16 2 0
github.com/extmatperez/meli_bootcamp_go_w2-3/internal/warehouse/repository.go:98.16,100.3 1 0
github.com/extmatperez/meli_bootcamp_go_w2-3/internal/warehouse/repository.go:102.2,103.16 2 0
github.com/extmatperez/meli_bootcamp_go_w2-3/internal/warehouse/repository.go:103.16,105.3 1 0
github.com/extmatperez/meli_bootcamp_go_w2-3/internal/warehouse/repository.go:106.2,106.23 1 0
github.com/extmatperez/meli_bootcamp_go_w2-3/internal/warehouse/repository.go:106.23,108.3 1 0
github.com/extmatperez/meli_bootcamp_go_w2-3/internal/warehouse/repository.go:110.2,110.12 1 0
github.com/extmatperez/meli_bootcamp_go_w2-3/internal/warehouse/repository.go:113.64,116.16 3 0
github.com/extmatperez/meli_bootcamp_go_w2-3/internal/warehouse/repository.go:116.16,118.3 1 0
github.com/extmatperez/meli_bootcamp_go_w2-3/internal/warehouse/repository.go:120.2,121.16 2 0
github.com/extmatperez/meli_bootcamp_go_w2-3/internal/warehouse/repository.go:121.16,123.3 1 0
github.com/extmatperez/meli_bootcamp_go_w2-3/internal/warehouse/repository.go:125.2,126.16 2 0
github.com/extmatperez/meli_bootcamp_go_w2-3/internal/warehouse/repository.go:126.16,128.3 1 0
github.com/extmatperez/meli_bootcamp_go_w2-3/internal/warehouse/repository.go:130.2,130.16 1 0
github.com/extmatperez/meli_bootcamp_go_w2-3/internal/warehouse/repository.go:130.16,132.3 1 0
github.com/extmatperez/meli_bootcamp_go_w2-3/internal/warehouse/repository.go:134.2,134.12 1 0
github.com/extmatperez/meli_bootcamp_go_w2-3/internal/warehouse/service.go:30.39,34.2 1 0
github.com/extmatperez/meli_bootcamp_go_w2-3/internal/warehouse/service.go:36.87,37.47 1 0
github.com/extmatperez/meli_bootcamp_go_w2-3/internal/warehouse/service.go:37.47,39.3 1 0
github.com/extmatperez/meli_bootcamp_go_w2-3/internal/warehouse/service.go:40.2,41.25 2 0
github.com/extmatperez/meli_bootcamp_go_w2-3/internal/warehouse/service.go:44.84,47.2 2 0
github.com/extmatperez/meli_bootcamp_go_w2-3/internal/warehouse/service.go:49.87,52.2 2 0
github.com/extmatperez/meli_bootcamp_go_w2-3/internal/warehouse/service.go:54.70,57.2 2 0
github.com/extmatperez/meli_bootcamp_go_w2-3/internal/warehouse/service.go:59.82,60.48 1 0
github.com/extmatperez/meli_bootcamp_go_w2-3/internal/warehouse/service.go:60.48,62.3 1 0
github.com/extmatperez/meli_bootcamp_go_w2-3/internal/warehouse/service.go:63.2,64.12 2 0
