mode: set
github.com/extmatperez/meli_bootcamp_go_w2-3/cmd/server/handler/buyer.go:18.49,22.2 1 1
github.com/extmatperez/meli_bootcamp_go_w2-3/cmd/server/handler/buyer.go:31.49,32.30 1 1
github.com/extmatperez/meli_bootcamp_go_w2-3/cmd/server/handler/buyer.go:32.30,34.19 2 1
github.com/extmatperez/meli_bootcamp_go_w2-3/cmd/server/handler/buyer.go:34.19,37.4 2 1
github.com/extmatperez/meli_bootcamp_go_w2-3/cmd/server/handler/buyer.go:38.3,39.20 2 1
github.com/extmatperez/meli_bootcamp_go_w2-3/cmd/server/handler/buyer.go:39.20,41.21 2 1
github.com/extmatperez/meli_bootcamp_go_w2-3/cmd/server/handler/buyer.go:41.21,44.5 2 1
github.com/extmatperez/meli_bootcamp_go_w2-3/cmd/server/handler/buyer.go:45.4,46.10 2 0
github.com/extmatperez/meli_bootcamp_go_w2-3/cmd/server/handler/buyer.go:48.3,48.42 1 1
github.com/extmatperez/meli_bootcamp_go_w2-3/cmd/server/handler/buyer.go:58.52,59.30 1 1
github.com/extmatperez/meli_bootcamp_go_w2-3/cmd/server/handler/buyer.go:59.30,61.17 2 1
github.com/extmatperez/meli_bootcamp_go_w2-3/cmd/server/handler/buyer.go:61.17,64.4 2 0
github.com/extmatperez/meli_bootcamp_go_w2-3/cmd/server/handler/buyer.go:65.3,65.22 1 1
github.com/extmatperez/meli_bootcamp_go_w2-3/cmd/server/handler/buyer.go:65.22,68.4 2 1
github.com/extmatperez/meli_bootcamp_go_w2-3/cmd/server/handler/buyer.go:69.3,69.39 1 1
github.com/extmatperez/meli_bootcamp_go_w2-3/cmd/server/handler/buyer.go:80.52,81.30 1 1
github.com/extmatperez/meli_bootcamp_go_w2-3/cmd/server/handler/buyer.go:81.30,84.17 3 1
github.com/extmatperez/meli_bootcamp_go_w2-3/cmd/server/handler/buyer.go:84.17,87.4 2 1
github.com/extmatperez/meli_bootcamp_go_w2-3/cmd/server/handler/buyer.go:88.3,88.95 1 1
github.com/extmatperez/meli_bootcamp_go_w2-3/cmd/server/handler/buyer.go:88.95,91.4 2 1
github.com/extmatperez/meli_bootcamp_go_w2-3/cmd/server/handler/buyer.go:92.3,98.17 2 1
github.com/extmatperez/meli_bootcamp_go_w2-3/cmd/server/handler/buyer.go:98.17,101.4 2 1
github.com/extmatperez/meli_bootcamp_go_w2-3/cmd/server/handler/buyer.go:102.3,102.46 1 1
github.com/extmatperez/meli_bootcamp_go_w2-3/cmd/server/handler/buyer.go:114.52,115.30 1 1
github.com/extmatperez/meli_bootcamp_go_w2-3/cmd/server/handler/buyer.go:115.30,117.50 2 1
github.com/extmatperez/meli_bootcamp_go_w2-3/cmd/server/handler/buyer.go:117.50,120.4 2 0
github.com/extmatperez/meli_bootcamp_go_w2-3/cmd/server/handler/buyer.go:121.3,122.17 2 1
github.com/extmatperez/meli_bootcamp_go_w2-3/cmd/server/handler/buyer.go:122.17,125.4 2 1
github.com/extmatperez/meli_bootcamp_go_w2-3/cmd/server/handler/buyer.go:126.3,127.17 2 1
github.com/extmatperez/meli_bootcamp_go_w2-3/cmd/server/handler/buyer.go:127.17,130.4 2 1
github.com/extmatperez/meli_bootcamp_go_w2-3/cmd/server/handler/buyer.go:131.3,131.46 1 1
github.com/extmatperez/meli_bootcamp_go_w2-3/cmd/server/handler/buyer.go:142.52,143.30 1 1
github.com/extmatperez/meli_bootcamp_go_w2-3/cmd/server/handler/buyer.go:143.30,145.19 2 1
github.com/extmatperez/meli_bootcamp_go_w2-3/cmd/server/handler/buyer.go:145.19,148.4 2 0
github.com/extmatperez/meli_bootcamp_go_w2-3/cmd/server/handler/buyer.go:149.3,150.17 2 1
github.com/extmatperez/meli_bootcamp_go_w2-3/cmd/server/handler/buyer.go:150.17,152.21 2 1
github.com/extmatperez/meli_bootcamp_go_w2-3/cmd/server/handler/buyer.go:152.21,155.5 2 1
github.com/extmatperez/meli_bootcamp_go_w2-3/cmd/server/handler/buyer.go:156.4,157.10 2 0
github.com/extmatperez/meli_bootcamp_go_w2-3/cmd/server/handler/buyer.go:159.3,159.43 1 1
github.com/extmatperez/meli_bootcamp_go_w2-3/cmd/server/handler/employee.go:18.48,22.2 1 1
github.com/extmatperez/meli_bootcamp_go_w2-3/cmd/server/handler/employee.go:33.42,34.30 1 1
github.com/extmatperez/meli_bootcamp_go_w2-3/cmd/server/handler/employee.go:34.30,36.17 2 1
github.com/extmatperez/meli_bootcamp_go_w2-3/cmd/server/handler/employee.go:36.17,39.4 2 1
github.com/extmatperez/meli_bootcamp_go_w2-3/cmd/server/handler/employee.go:40.3,41.17 2 1
github.com/extmatperez/meli_bootcamp_go_w2-3/cmd/server/handler/employee.go:41.17,42.44 1 1
github.com/extmatperez/meli_bootcamp_go_w2-3/cmd/server/handler/employee.go:42.44,45.5 2 1
github.com/extmatperez/meli_bootcamp_go_w2-3/cmd/server/handler/employee.go:47.4,48.10 2 1
github.com/extmatperez/meli_bootcamp_go_w2-3/cmd/server/handler/employee.go:50.3,50.45 1 1
github.com/extmatperez/meli_bootcamp_go_w2-3/cmd/server/handler/employee.go:62.45,63.30 1 1
github.com/extmatperez/meli_bootcamp_go_w2-3/cmd/server/handler/employee.go:63.30,65.17 2 1
github.com/extmatperez/meli_bootcamp_go_w2-3/cmd/server/handler/employee.go:65.17,68.4 2 1
github.com/extmatperez/meli_bootcamp_go_w2-3/cmd/server/handler/employee.go:69.3,69.43 1 1
github.com/extmatperez/meli_bootcamp_go_w2-3/cmd/server/handler/employee.go:82.45,83.30 1 1
github.com/extmatperez/meli_bootcamp_go_w2-3/cmd/server/handler/employee.go:83.30,86.17 3 1
github.com/extmatperez/meli_bootcamp_go_w2-3/cmd/server/handler/employee.go:86.17,89.4 2 1
github.com/extmatperez/meli_bootcamp_go_w2-3/cmd/server/handler/employee.go:90.3,90.138 1 1
github.com/extmatperez/meli_bootcamp_go_w2-3/cmd/server/handler/employee.go:90.138,93.4 2 1
github.com/extmatperez/meli_bootcamp_go_w2-3/cmd/server/handler/employee.go:94.3,95.17 2 1
github.com/extmatperez/meli_bootcamp_go_w2-3/cmd/server/handler/employee.go:95.17,96.15 1 1
github.com/extmatperez/meli_bootcamp_go_w2-3/cmd/server/handler/employee.go:97.35,99.11 2 1
github.com/extmatperez/meli_bootcamp_go_w2-3/cmd/server/handler/employee.go:100.12,102.11 2 1
github.com/extmatperez/meli_bootcamp_go_w2-3/cmd/server/handler/employee.go:105.3,105.53 1 1
github.com/extmatperez/meli_bootcamp_go_w2-3/cmd/server/handler/employee.go:119.45,120.30 1 1
github.com/extmatperez/meli_bootcamp_go_w2-3/cmd/server/handler/employee.go:120.30,122.19 2 1
github.com/extmatperez/meli_bootcamp_go_w2-3/cmd/server/handler/employee.go:122.19,125.4 2 1
github.com/extmatperez/meli_bootcamp_go_w2-3/cmd/server/handler/employee.go:126.3,127.50 2 1
github.com/extmatperez/meli_bootcamp_go_w2-3/cmd/server/handler/employee.go:127.50,130.4 2 1
github.com/extmatperez/meli_bootcamp_go_w2-3/cmd/server/handler/employee.go:131.3,132.17 2 1
github.com/extmatperez/meli_bootcamp_go_w2-3/cmd/server/handler/employee.go:132.17,133.15 1 1
github.com/extmatperez/meli_bootcamp_go_w2-3/cmd/server/handler/employee.go:134.30,136.11 2 1
github.com/extmatperez/meli_bootcamp_go_w2-3/cmd/server/handler/employee.go:137.12,139.11 2 1
github.com/extmatperez/meli_bootcamp_go_w2-3/cmd/server/handler/employee.go:142.3,142.40 1 1
github.com/extmatperez/meli_bootcamp_go_w2-3/cmd/server/handler/employee.go:155.45,156.30 1 1
github.com/extmatperez/meli_bootcamp_go_w2-3/cmd/server/handler/employee.go:156.30,159.17 2 1
github.com/extmatperez/meli_bootcamp_go_w2-3/cmd/server/handler/employee.go:159.17,162.4 2 1
github.com/extmatperez/meli_bootcamp_go_w2-3/cmd/server/handler/employee.go:164.3,166.17 2 1
github.com/extmatperez/meli_bootcamp_go_w2-3/cmd/server/handler/employee.go:166.17,167.44 1 1
github.com/extmatperez/meli_bootcamp_go_w2-3/cmd/server/handler/employee.go:167.44,170.5 2 1
github.com/extmatperez/meli_bootcamp_go_w2-3/cmd/server/handler/employee.go:172.4,173.10 2 1
github.com/extmatperez/meli_bootcamp_go_w2-3/cmd/server/handler/employee.go:176.3,176.44 1 1
github.com/extmatperez/meli_bootcamp_go_w2-3/cmd/server/handler/inbound_order.go:23.63,27.2 1 0
github.com/extmatperez/meli_bootcamp_go_w2-3/cmd/server/handler/inbound_order.go:40.47,41.30 1 0
github.com/extmatperez/meli_bootcamp_go_w2-3/cmd/server/handler/inbound_order.go:41.30,43.17 2 0
github.com/extmatperez/meli_bootcamp_go_w2-3/cmd/server/handler/inbound_order.go:43.17,46.4 2 0
github.com/extmatperez/meli_bootcamp_go_w2-3/cmd/server/handler/inbound_order.go:48.3,51.17 3 0
github.com/extmatperez/meli_bootcamp_go_w2-3/cmd/server/handler/inbound_order.go:51.17,52.35 1 0
github.com/extmatperez/meli_bootcamp_go_w2-3/cmd/server/handler/inbound_order.go:52.35,55.5 2 0
github.com/extmatperez/meli_bootcamp_go_w2-3/cmd/server/handler/inbound_order.go:56.4,57.10 2 0
github.com/extmatperez/meli_bootcamp_go_w2-3/cmd/server/handler/inbound_order.go:60.3,60.48 1 0
github.com/extmatperez/meli_bootcamp_go_w2-3/cmd/server/handler/inbound_order.go:74.50,75.30 1 0
github.com/extmatperez/meli_bootcamp_go_w2-3/cmd/server/handler/inbound_order.go:75.30,79.17 3 0
github.com/extmatperez/meli_bootcamp_go_w2-3/cmd/server/handler/inbound_order.go:79.17,82.4 2 0
github.com/extmatperez/meli_bootcamp_go_w2-3/cmd/server/handler/inbound_order.go:84.3,84.31 1 0
github.com/extmatperez/meli_bootcamp_go_w2-3/cmd/server/handler/inbound_order.go:84.31,87.4 2 0
github.com/extmatperez/meli_bootcamp_go_w2-3/cmd/server/handler/inbound_order.go:89.3,89.48 1 0
github.com/extmatperez/meli_bootcamp_go_w2-3/cmd/server/handler/inbound_order.go:104.48,105.30 1 0
github.com/extmatperez/meli_bootcamp_go_w2-3/cmd/server/handler/inbound_order.go:105.30,108.64 2 0
github.com/extmatperez/meli_bootcamp_go_w2-3/cmd/server/handler/inbound_order.go:108.64,111.4 2 0
github.com/extmatperez/meli_bootcamp_go_w2-3/cmd/server/handler/inbound_order.go:113.3,121.42 2 0
github.com/extmatperez/meli_bootcamp_go_w2-3/cmd/server/handler/inbound_order.go:121.42,124.4 2 0
github.com/extmatperez/meli_bootcamp_go_w2-3/cmd/server/handler/inbound_order.go:126.3,126.44 1 0
github.com/extmatperez/meli_bootcamp_go_w2-3/cmd/server/handler/inbound_order.go:126.44,128.4 1 0
github.com/extmatperez/meli_bootcamp_go_w2-3/cmd/server/handler/inbound_order.go:130.3,130.43 1 0
github.com/extmatperez/meli_bootcamp_go_w2-3/cmd/server/handler/inbound_order.go:130.43,132.4 1 0
github.com/extmatperez/meli_bootcamp_go_w2-3/cmd/server/handler/inbound_order.go:134.3,134.47 1 0
github.com/extmatperez/meli_bootcamp_go_w2-3/cmd/server/handler/inbound_order.go:134.47,136.4 1 0
github.com/extmatperez/meli_bootcamp_go_w2-3/cmd/server/handler/inbound_order.go:138.3,138.44 1 0
github.com/extmatperez/meli_bootcamp_go_w2-3/cmd/server/handler/inbound_order.go:138.44,140.4 1 0
github.com/extmatperez/meli_bootcamp_go_w2-3/cmd/server/handler/inbound_order.go:142.3,144.17 3 0
github.com/extmatperez/meli_bootcamp_go_w2-3/cmd/server/handler/inbound_order.go:144.17,145.15 1 0
github.com/extmatperez/meli_bootcamp_go_w2-3/cmd/server/handler/inbound_order.go:146.35,148.11 2 0
github.com/extmatperez/meli_bootcamp_go_w2-3/cmd/server/handler/inbound_order.go:149.12,151.11 2 0
github.com/extmatperez/meli_bootcamp_go_w2-3/cmd/server/handler/inbound_order.go:156.3,156.59 1 0
github.com/extmatperez/meli_bootcamp_go_w2-3/cmd/server/handler/inbound_order.go:172.50,173.30 1 0
github.com/extmatperez/meli_bootcamp_go_w2-3/cmd/server/handler/inbound_order.go:173.30,175.17 2 0
github.com/extmatperez/meli_bootcamp_go_w2-3/cmd/server/handler/inbound_order.go:175.17,178.4 2 0
github.com/extmatperez/meli_bootcamp_go_w2-3/cmd/server/handler/inbound_order.go:180.3,182.67 2 0
github.com/extmatperez/meli_bootcamp_go_w2-3/cmd/server/handler/inbound_order.go:182.67,185.4 2 0
github.com/extmatperez/meli_bootcamp_go_w2-3/cmd/server/handler/inbound_order.go:187.3,189.17 3 0
github.com/extmatperez/meli_bootcamp_go_w2-3/cmd/server/handler/inbound_order.go:189.17,192.4 2 0
github.com/extmatperez/meli_bootcamp_go_w2-3/cmd/server/handler/inbound_order.go:194.3,194.53 1 0
github.com/extmatperez/meli_bootcamp_go_w2-3/cmd/server/handler/inbound_order.go:209.50,210.30 1 0
github.com/extmatperez/meli_bootcamp_go_w2-3/cmd/server/handler/inbound_order.go:210.30,212.17 2 0
github.com/extmatperez/meli_bootcamp_go_w2-3/cmd/server/handler/inbound_order.go:212.17,215.4 2 0
github.com/extmatperez/meli_bootcamp_go_w2-3/cmd/server/handler/inbound_order.go:216.3,218.17 3 0
github.com/extmatperez/meli_bootcamp_go_w2-3/cmd/server/handler/inbound_order.go:218.17,221.4 2 0
github.com/extmatperez/meli_bootcamp_go_w2-3/cmd/server/handler/inbound_order.go:223.3,223.44 1 0
github.com/extmatperez/meli_bootcamp_go_w2-3/cmd/server/handler/product.go:18.55,22.2 1 1
github.com/extmatperez/meli_bootcamp_go_w2-3/cmd/server/handler/product.go:31.54,32.30 1 1
github.com/extmatperez/meli_bootcamp_go_w2-3/cmd/server/handler/product.go:32.30,34.17 2 1
github.com/extmatperez/meli_bootcamp_go_w2-3/cmd/server/handler/product.go:34.17,38.4 2 1
github.com/extmatperez/meli_bootcamp_go_w2-3/cmd/server/handler/product.go:39.3,39.42 1 1
github.com/extmatperez/meli_bootcamp_go_w2-3/cmd/server/handler/product.go:51.51,52.30 1 1
github.com/extmatperez/meli_bootcamp_go_w2-3/cmd/server/handler/product.go:52.30,54.17 2 1
github.com/extmatperez/meli_bootcamp_go_w2-3/cmd/server/handler/product.go:54.17,57.4 2 1
github.com/extmatperez/meli_bootcamp_go_w2-3/cmd/server/handler/product.go:59.3,60.17 2 1
github.com/extmatperez/meli_bootcamp_go_w2-3/cmd/server/handler/product.go:60.17,61.43 1 1
github.com/extmatperez/meli_bootcamp_go_w2-3/cmd/server/handler/product.go:61.43,65.5 2 1
github.com/extmatperez/meli_bootcamp_go_w2-3/cmd/server/handler/product.go:67.4,68.10 2 1
github.com/extmatperez/meli_bootcamp_go_w2-3/cmd/server/handler/product.go:70.3,70.44 1 1
github.com/extmatperez/meli_bootcamp_go_w2-3/cmd/server/handler/product.go:82.54,83.30 1 1
github.com/extmatperez/meli_bootcamp_go_w2-3/cmd/server/handler/product.go:83.30,87.17 3 1
github.com/extmatperez/meli_bootcamp_go_w2-3/cmd/server/handler/product.go:87.17,90.4 2 1
github.com/extmatperez/meli_bootcamp_go_w2-3/cmd/server/handler/product.go:92.3,92.294 1 1
github.com/extmatperez/meli_bootcamp_go_w2-3/cmd/server/handler/product.go:92.294,95.4 2 1
github.com/extmatperez/meli_bootcamp_go_w2-3/cmd/server/handler/product.go:97.3,112.17 3 1
github.com/extmatperez/meli_bootcamp_go_w2-3/cmd/server/handler/product.go:112.17,113.55 1 1
github.com/extmatperez/meli_bootcamp_go_w2-3/cmd/server/handler/product.go:113.55,116.5 2 1
github.com/extmatperez/meli_bootcamp_go_w2-3/cmd/server/handler/product.go:117.4,118.10 2 1
github.com/extmatperez/meli_bootcamp_go_w2-3/cmd/server/handler/product.go:120.3,121.50 2 1
github.com/extmatperez/meli_bootcamp_go_w2-3/cmd/server/handler/product.go:134.54,135.30 1 1
github.com/extmatperez/meli_bootcamp_go_w2-3/cmd/server/handler/product.go:135.30,138.19 2 1
github.com/extmatperez/meli_bootcamp_go_w2-3/cmd/server/handler/product.go:138.19,141.4 2 1
github.com/extmatperez/meli_bootcamp_go_w2-3/cmd/server/handler/product.go:143.3,145.17 3 1
github.com/extmatperez/meli_bootcamp_go_w2-3/cmd/server/handler/product.go:145.17,149.4 2 1
github.com/extmatperez/meli_bootcamp_go_w2-3/cmd/server/handler/product.go:151.3,151.294 1 1
github.com/extmatperez/meli_bootcamp_go_w2-3/cmd/server/handler/product.go:151.294,155.4 2 1
github.com/extmatperez/meli_bootcamp_go_w2-3/cmd/server/handler/product.go:157.3,174.17 3 1
github.com/extmatperez/meli_bootcamp_go_w2-3/cmd/server/handler/product.go:174.17,175.43 1 1
github.com/extmatperez/meli_bootcamp_go_w2-3/cmd/server/handler/product.go:175.43,178.5 2 1
github.com/extmatperez/meli_bootcamp_go_w2-3/cmd/server/handler/product.go:179.4,180.10 2 1
github.com/extmatperez/meli_bootcamp_go_w2-3/cmd/server/handler/product.go:182.3,182.45 1 1
github.com/extmatperez/meli_bootcamp_go_w2-3/cmd/server/handler/product.go:195.54,196.30 1 1
github.com/extmatperez/meli_bootcamp_go_w2-3/cmd/server/handler/product.go:196.30,199.17 2 1
github.com/extmatperez/meli_bootcamp_go_w2-3/cmd/server/handler/product.go:199.17,202.4 2 1
github.com/extmatperez/meli_bootcamp_go_w2-3/cmd/server/handler/product.go:203.3,205.17 2 1
github.com/extmatperez/meli_bootcamp_go_w2-3/cmd/server/handler/product.go:205.17,208.23 2 1
github.com/extmatperez/meli_bootcamp_go_w2-3/cmd/server/handler/product.go:208.23,211.5 2 1
github.com/extmatperez/meli_bootcamp_go_w2-3/cmd/server/handler/product.go:212.4,213.10 2 1
github.com/extmatperez/meli_bootcamp_go_w2-3/cmd/server/handler/product.go:216.3,216.44 1 1
github.com/extmatperez/meli_bootcamp_go_w2-3/cmd/server/handler/section.go:18.55,22.2 1 1
github.com/extmatperez/meli_bootcamp_go_w2-3/cmd/server/handler/section.go:32.54,33.30 1 1
github.com/extmatperez/meli_bootcamp_go_w2-3/cmd/server/handler/section.go:33.30,35.17 2 1
github.com/extmatperez/meli_bootcamp_go_w2-3/cmd/server/handler/section.go:35.17,38.4 2 1
github.com/extmatperez/meli_bootcamp_go_w2-3/cmd/server/handler/section.go:39.3,39.42 1 1
github.com/extmatperez/meli_bootcamp_go_w2-3/cmd/server/handler/section.go:52.51,53.30 1 1
github.com/extmatperez/meli_bootcamp_go_w2-3/cmd/server/handler/section.go:53.30,55.17 2 1
github.com/extmatperez/meli_bootcamp_go_w2-3/cmd/server/handler/section.go:55.17,58.4 2 1
github.com/extmatperez/meli_bootcamp_go_w2-3/cmd/server/handler/section.go:59.3,60.17 2 1
github.com/extmatperez/meli_bootcamp_go_w2-3/cmd/server/handler/section.go:60.17,61.42 1 1
github.com/extmatperez/meli_bootcamp_go_w2-3/cmd/server/handler/section.go:61.42,64.5 2 1
github.com/extmatperez/meli_bootcamp_go_w2-3/cmd/server/handler/section.go:66.4,67.10 2 1
github.com/extmatperez/meli_bootcamp_go_w2-3/cmd/server/handler/section.go:69.3,69.41 1 1
github.com/extmatperez/meli_bootcamp_go_w2-3/cmd/server/handler/section.go:82.54,83.30 1 1
github.com/extmatperez/meli_bootcamp_go_w2-3/cmd/server/handler/section.go:83.30,86.17 3 1
github.com/extmatperez/meli_bootcamp_go_w2-3/cmd/server/handler/section.go:86.17,89.4 2 1
github.com/extmatperez/meli_bootcamp_go_w2-3/cmd/server/handler/section.go:91.3,91.10 1 1
github.com/extmatperez/meli_bootcamp_go_w2-3/cmd/server/handler/section.go:92.40,94.10 2 1
github.com/extmatperez/meli_bootcamp_go_w2-3/cmd/server/handler/section.go:95.45,97.10 2 1
github.com/extmatperez/meli_bootcamp_go_w2-3/cmd/server/handler/section.go:98.45,100.10 2 1
github.com/extmatperez/meli_bootcamp_go_w2-3/cmd/server/handler/section.go:101.42,103.10 2 1
github.com/extmatperez/meli_bootcamp_go_w2-3/cmd/server/handler/section.go:104.42,106.10 2 1
github.com/extmatperez/meli_bootcamp_go_w2-3/cmd/server/handler/section.go:107.42,109.10 2 1
github.com/extmatperez/meli_bootcamp_go_w2-3/cmd/server/handler/section.go:110.38,112.10 2 1
github.com/extmatperez/meli_bootcamp_go_w2-3/cmd/server/handler/section.go:113.40,115.10 2 1
github.com/extmatperez/meli_bootcamp_go_w2-3/cmd/server/handler/section.go:118.3,119.17 2 1
github.com/extmatperez/meli_bootcamp_go_w2-3/cmd/server/handler/section.go:119.17,120.47 1 1
github.com/extmatperez/meli_bootcamp_go_w2-3/cmd/server/handler/section.go:120.47,123.5 2 1
github.com/extmatperez/meli_bootcamp_go_w2-3/cmd/server/handler/section.go:124.4,125.10 2 1
github.com/extmatperez/meli_bootcamp_go_w2-3/cmd/server/handler/section.go:127.3,128.51 2 1
github.com/extmatperez/meli_bootcamp_go_w2-3/cmd/server/handler/section.go:142.54,143.30 1 1
github.com/extmatperez/meli_bootcamp_go_w2-3/cmd/server/handler/section.go:143.30,145.17 2 1
github.com/extmatperez/meli_bootcamp_go_w2-3/cmd/server/handler/section.go:145.17,148.4 2 1
github.com/extmatperez/meli_bootcamp_go_w2-3/cmd/server/handler/section.go:150.3,152.17 3 1
github.com/extmatperez/meli_bootcamp_go_w2-3/cmd/server/handler/section.go:152.17,155.4 2 1
github.com/extmatperez/meli_bootcamp_go_w2-3/cmd/server/handler/section.go:156.3,167.10 2 1
github.com/extmatperez/meli_bootcamp_go_w2-3/cmd/server/handler/section.go:168.40,170.10 2 1
github.com/extmatperez/meli_bootcamp_go_w2-3/cmd/server/handler/section.go:171.45,173.10 2 1
github.com/extmatperez/meli_bootcamp_go_w2-3/cmd/server/handler/section.go:174.45,176.10 2 1
github.com/extmatperez/meli_bootcamp_go_w2-3/cmd/server/handler/section.go:177.42,179.10 2 1
github.com/extmatperez/meli_bootcamp_go_w2-3/cmd/server/handler/section.go:180.42,182.10 2 1
github.com/extmatperez/meli_bootcamp_go_w2-3/cmd/server/handler/section.go:183.42,185.10 2 1
github.com/extmatperez/meli_bootcamp_go_w2-3/cmd/server/handler/section.go:186.38,188.10 2 1
github.com/extmatperez/meli_bootcamp_go_w2-3/cmd/server/handler/section.go:189.40,191.10 2 1
github.com/extmatperez/meli_bootcamp_go_w2-3/cmd/server/handler/section.go:194.3,195.17 2 1
github.com/extmatperez/meli_bootcamp_go_w2-3/cmd/server/handler/section.go:195.17,196.43 1 1
github.com/extmatperez/meli_bootcamp_go_w2-3/cmd/server/handler/section.go:196.43,199.5 2 1
github.com/extmatperez/meli_bootcamp_go_w2-3/cmd/server/handler/section.go:200.4,201.10 2 1
github.com/extmatperez/meli_bootcamp_go_w2-3/cmd/server/handler/section.go:204.3,204.48 1 1
github.com/extmatperez/meli_bootcamp_go_w2-3/cmd/server/handler/section.go:218.54,219.30 1 1
github.com/extmatperez/meli_bootcamp_go_w2-3/cmd/server/handler/section.go:219.30,221.17 2 1
github.com/extmatperez/meli_bootcamp_go_w2-3/cmd/server/handler/section.go:221.17,224.4 2 1
github.com/extmatperez/meli_bootcamp_go_w2-3/cmd/server/handler/section.go:225.3,226.17 2 1
github.com/extmatperez/meli_bootcamp_go_w2-3/cmd/server/handler/section.go:226.17,227.43 1 1
github.com/extmatperez/meli_bootcamp_go_w2-3/cmd/server/handler/section.go:227.43,230.5 2 1
github.com/extmatperez/meli_bootcamp_go_w2-3/cmd/server/handler/section.go:231.4,232.10 2 1
github.com/extmatperez/meli_bootcamp_go_w2-3/cmd/server/handler/section.go:234.3,234.44 1 1
github.com/extmatperez/meli_bootcamp_go_w2-3/cmd/server/handler/seller.go:18.52,22.2 1 1
github.com/extmatperez/meli_bootcamp_go_w2-3/cmd/server/handler/seller.go:32.53,33.30 1 1
github.com/extmatperez/meli_bootcamp_go_w2-3/cmd/server/handler/seller.go:33.30,35.17 2 1
github.com/extmatperez/meli_bootcamp_go_w2-3/cmd/server/handler/seller.go:35.17,38.4 2 1
github.com/extmatperez/meli_bootcamp_go_w2-3/cmd/server/handler/seller.go:39.3,39.24 1 1
github.com/extmatperez/meli_bootcamp_go_w2-3/cmd/server/handler/seller.go:39.24,41.4 1 1
github.com/extmatperez/meli_bootcamp_go_w2-3/cmd/server/handler/seller.go:42.3,42.41 1 1
github.com/extmatperez/meli_bootcamp_go_w2-3/cmd/server/handler/seller.go:55.50,56.30 1 1
github.com/extmatperez/meli_bootcamp_go_w2-3/cmd/server/handler/seller.go:56.30,58.17 2 1
github.com/extmatperez/meli_bootcamp_go_w2-3/cmd/server/handler/seller.go:58.17,61.4 2 1
github.com/extmatperez/meli_bootcamp_go_w2-3/cmd/server/handler/seller.go:62.3,63.17 2 1
github.com/extmatperez/meli_bootcamp_go_w2-3/cmd/server/handler/seller.go:63.17,64.42 1 1
github.com/extmatperez/meli_bootcamp_go_w2-3/cmd/server/handler/seller.go:64.42,67.5 2 1
github.com/extmatperez/meli_bootcamp_go_w2-3/cmd/server/handler/seller.go:69.4,70.10 2 1
github.com/extmatperez/meli_bootcamp_go_w2-3/cmd/server/handler/seller.go:72.3,72.43 1 1
github.com/extmatperez/meli_bootcamp_go_w2-3/cmd/server/handler/seller.go:85.53,86.30 1 1
github.com/extmatperez/meli_bootcamp_go_w2-3/cmd/server/handler/seller.go:86.30,89.17 3 1
github.com/extmatperez/meli_bootcamp_go_w2-3/cmd/server/handler/seller.go:89.17,92.4 2 1
github.com/extmatperez/meli_bootcamp_go_w2-3/cmd/server/handler/seller.go:94.3,94.10 1 1
github.com/extmatperez/meli_bootcamp_go_w2-3/cmd/server/handler/seller.go:95.29,97.10 2 1
github.com/extmatperez/meli_bootcamp_go_w2-3/cmd/server/handler/seller.go:98.38,100.10 2 1
github.com/extmatperez/meli_bootcamp_go_w2-3/cmd/server/handler/seller.go:101.34,103.10 2 1
github.com/extmatperez/meli_bootcamp_go_w2-3/cmd/server/handler/seller.go:104.36,106.10 2 1
github.com/extmatperez/meli_bootcamp_go_w2-3/cmd/server/handler/seller.go:109.3,110.17 2 1
github.com/extmatperez/meli_bootcamp_go_w2-3/cmd/server/handler/seller.go:110.17,111.41 1 1
github.com/extmatperez/meli_bootcamp_go_w2-3/cmd/server/handler/seller.go:111.41,113.5 1 1
github.com/extmatperez/meli_bootcamp_go_w2-3/cmd/server/handler/seller.go:113.9,115.5 1 1
github.com/extmatperez/meli_bootcamp_go_w2-3/cmd/server/handler/seller.go:117.3,117.50 1 1
github.com/extmatperez/meli_bootcamp_go_w2-3/cmd/server/handler/seller.go:131.53,132.30 1 1
github.com/extmatperez/meli_bootcamp_go_w2-3/cmd/server/handler/seller.go:132.30,134.17 2 1
github.com/extmatperez/meli_bootcamp_go_w2-3/cmd/server/handler/seller.go:134.17,137.4 2 1
github.com/extmatperez/meli_bootcamp_go_w2-3/cmd/server/handler/seller.go:138.3,139.50 2 1
github.com/extmatperez/meli_bootcamp_go_w2-3/cmd/server/handler/seller.go:139.50,142.4 2 1
github.com/extmatperez/meli_bootcamp_go_w2-3/cmd/server/handler/seller.go:143.3,144.17 2 1
github.com/extmatperez/meli_bootcamp_go_w2-3/cmd/server/handler/seller.go:144.17,145.15 1 1
github.com/extmatperez/meli_bootcamp_go_w2-3/cmd/server/handler/seller.go:146.28,148.11 2 1
github.com/extmatperez/meli_bootcamp_go_w2-3/cmd/server/handler/seller.go:149.12,151.11 2 1
github.com/extmatperez/meli_bootcamp_go_w2-3/cmd/server/handler/seller.go:154.3,154.47 1 1
github.com/extmatperez/meli_bootcamp_go_w2-3/cmd/server/handler/seller.go:167.53,168.30 1 1
github.com/extmatperez/meli_bootcamp_go_w2-3/cmd/server/handler/seller.go:168.30,171.17 2 1
github.com/extmatperez/meli_bootcamp_go_w2-3/cmd/server/handler/seller.go:171.17,174.4 2 1
github.com/extmatperez/meli_bootcamp_go_w2-3/cmd/server/handler/seller.go:176.3,178.17 2 1
github.com/extmatperez/meli_bootcamp_go_w2-3/cmd/server/handler/seller.go:178.17,179.42 1 1
github.com/extmatperez/meli_bootcamp_go_w2-3/cmd/server/handler/seller.go:179.42,182.5 2 1
github.com/extmatperez/meli_bootcamp_go_w2-3/cmd/server/handler/seller.go:184.4,185.10 2 1
github.com/extmatperez/meli_bootcamp_go_w2-3/cmd/server/handler/seller.go:188.3,188.44 1 1
github.com/extmatperez/meli_bootcamp_go_w2-3/cmd/server/handler/warehouse.go:18.61,22.2 1 1
github.com/extmatperez/meli_bootcamp_go_w2-3/cmd/server/handler/warehouse.go:33.53,34.30 1 1
github.com/extmatperez/meli_bootcamp_go_w2-3/cmd/server/handler/warehouse.go:34.30,36.17 2 1
github.com/extmatperez/meli_bootcamp_go_w2-3/cmd/server/handler/warehouse.go:36.17,39.4 2 1
github.com/extmatperez/meli_bootcamp_go_w2-3/cmd/server/handler/warehouse.go:41.3,42.17 2 1
github.com/extmatperez/meli_bootcamp_go_w2-3/cmd/server/handler/warehouse.go:42.17,43.45 1 1
github.com/extmatperez/meli_bootcamp_go_w2-3/cmd/server/handler/warehouse.go:43.45,46.5 2 1
github.com/extmatperez/meli_bootcamp_go_w2-3/cmd/server/handler/warehouse.go:48.4,49.10 2 1
github.com/extmatperez/meli_bootcamp_go_w2-3/cmd/server/handler/warehouse.go:51.3,51.46 1 1
github.com/extmatperez/meli_bootcamp_go_w2-3/cmd/server/handler/warehouse.go:63.56,64.30 1 1
github.com/extmatperez/meli_bootcamp_go_w2-3/cmd/server/handler/warehouse.go:64.30,66.17 2 1
github.com/extmatperez/meli_bootcamp_go_w2-3/cmd/server/handler/warehouse.go:66.17,69.4 2 1
github.com/extmatperez/meli_bootcamp_go_w2-3/cmd/server/handler/warehouse.go:71.3,71.27 1 1
github.com/extmatperez/meli_bootcamp_go_w2-3/cmd/server/handler/warehouse.go:71.27,74.4 2 1
github.com/extmatperez/meli_bootcamp_go_w2-3/cmd/server/handler/warehouse.go:76.3,76.44 1 1
github.com/extmatperez/meli_bootcamp_go_w2-3/cmd/server/handler/warehouse.go:89.56,90.30 1 1
github.com/extmatperez/meli_bootcamp_go_w2-3/cmd/server/handler/warehouse.go:90.30,93.17 3 1
github.com/extmatperez/meli_bootcamp_go_w2-3/cmd/server/handler/warehouse.go:93.17,96.4 2 1
github.com/extmatperez/meli_bootcamp_go_w2-3/cmd/server/handler/warehouse.go:98.3,98.10 1 1
github.com/extmatperez/meli_bootcamp_go_w2-3/cmd/server/handler/warehouse.go:99.37,101.10 2 1
github.com/extmatperez/meli_bootcamp_go_w2-3/cmd/server/handler/warehouse.go:102.44,104.10 2 1
github.com/extmatperez/meli_bootcamp_go_w2-3/cmd/server/handler/warehouse.go:105.39,107.10 2 1
github.com/extmatperez/meli_bootcamp_go_w2-3/cmd/server/handler/warehouse.go:108.43,110.10 2 1
github.com/extmatperez/meli_bootcamp_go_w2-3/cmd/server/handler/warehouse.go:113.3,114.17 2 1
github.com/extmatperez/meli_bootcamp_go_w2-3/cmd/server/handler/warehouse.go:114.17,115.15 1 1
github.com/extmatperez/meli_bootcamp_go_w2-3/cmd/server/handler/warehouse.go:116.35,118.11 2 1
github.com/extmatperez/meli_bootcamp_go_w2-3/cmd/server/handler/warehouse.go:119.12,121.11 2 1
github.com/extmatperez/meli_bootcamp_go_w2-3/cmd/server/handler/warehouse.go:125.3,125.54 1 1
github.com/extmatperez/meli_bootcamp_go_w2-3/cmd/server/handler/warehouse.go:138.56,139.30 1 1
github.com/extmatperez/meli_bootcamp_go_w2-3/cmd/server/handler/warehouse.go:139.30,141.17 2 1
github.com/extmatperez/meli_bootcamp_go_w2-3/cmd/server/handler/warehouse.go:141.17,144.4 2 1
github.com/extmatperez/meli_bootcamp_go_w2-3/cmd/server/handler/warehouse.go:146.3,147.17 2 1
github.com/extmatperez/meli_bootcamp_go_w2-3/cmd/server/handler/warehouse.go:147.17,148.15 1 1
github.com/extmatperez/meli_bootcamp_go_w2-3/cmd/server/handler/warehouse.go:149.31,151.11 2 1
github.com/extmatperez/meli_bootcamp_go_w2-3/cmd/server/handler/warehouse.go:152.12,154.11 2 1
github.com/extmatperez/meli_bootcamp_go_w2-3/cmd/server/handler/warehouse.go:158.3,158.44 1 1
github.com/extmatperez/meli_bootcamp_go_w2-3/cmd/server/handler/warehouse.go:172.56,173.30 1 1
github.com/extmatperez/meli_bootcamp_go_w2-3/cmd/server/handler/warehouse.go:173.30,175.19 2 1
github.com/extmatperez/meli_bootcamp_go_w2-3/cmd/server/handler/warehouse.go:175.19,178.4 2 1
github.com/extmatperez/meli_bootcamp_go_w2-3/cmd/server/handler/warehouse.go:180.3,181.50 2 1
github.com/extmatperez/meli_bootcamp_go_w2-3/cmd/server/handler/warehouse.go:181.50,184.4 2 1
github.com/extmatperez/meli_bootcamp_go_w2-3/cmd/server/handler/warehouse.go:186.3,187.17 2 1
github.com/extmatperez/meli_bootcamp_go_w2-3/cmd/server/handler/warehouse.go:187.17,188.15 1 1
github.com/extmatperez/meli_bootcamp_go_w2-3/cmd/server/handler/warehouse.go:189.31,191.11 2 1
github.com/extmatperez/meli_bootcamp_go_w2-3/cmd/server/handler/warehouse.go:192.12,194.11 2 1
github.com/extmatperez/meli_bootcamp_go_w2-3/cmd/server/handler/warehouse.go:198.3,198.40 1 1
