mode: set
github.com/extmatperez/meli_bootcamp_go_w2-3/cmd/server/handler/buyer.go:18.49,22.2 1 0
github.com/extmatperez/meli_bootcamp_go_w2-3/cmd/server/handler/buyer.go:31.49,32.30 1 0
github.com/extmatperez/meli_bootcamp_go_w2-3/cmd/server/handler/buyer.go:32.30,34.19 2 0
github.com/extmatperez/meli_bootcamp_go_w2-3/cmd/server/handler/buyer.go:34.19,37.4 2 0
github.com/extmatperez/meli_bootcamp_go_w2-3/cmd/server/handler/buyer.go:38.3,39.20 2 0
github.com/extmatperez/meli_bootcamp_go_w2-3/cmd/server/handler/buyer.go:39.20,41.21 2 0
github.com/extmatperez/meli_bootcamp_go_w2-3/cmd/server/handler/buyer.go:41.21,44.5 2 0
github.com/extmatperez/meli_bootcamp_go_w2-3/cmd/server/handler/buyer.go:45.4,46.10 2 0
github.com/extmatperez/meli_bootcamp_go_w2-3/cmd/server/handler/buyer.go:48.3,48.42 1 0
github.com/extmatperez/meli_bootcamp_go_w2-3/cmd/server/handler/buyer.go:58.52,59.30 1 0
github.com/extmatperez/meli_bootcamp_go_w2-3/cmd/server/handler/buyer.go:59.30,61.17 2 0
github.com/extmatperez/meli_bootcamp_go_w2-3/cmd/server/handler/buyer.go:61.17,64.4 2 0
github.com/extmatperez/meli_bootcamp_go_w2-3/cmd/server/handler/buyer.go:65.3,65.39 1 0
github.com/extmatperez/meli_bootcamp_go_w2-3/cmd/server/handler/buyer.go:76.52,77.30 1 0
github.com/extmatperez/meli_bootcamp_go_w2-3/cmd/server/handler/buyer.go:77.30,80.17 3 0
github.com/extmatperez/meli_bootcamp_go_w2-3/cmd/server/handler/buyer.go:80.17,83.4 2 0
github.com/extmatperez/meli_bootcamp_go_w2-3/cmd/server/handler/buyer.go:84.3,84.95 1 0
github.com/extmatperez/meli_bootcamp_go_w2-3/cmd/server/handler/buyer.go:84.95,87.4 2 0
github.com/extmatperez/meli_bootcamp_go_w2-3/cmd/server/handler/buyer.go:88.3,94.17 2 0
github.com/extmatperez/meli_bootcamp_go_w2-3/cmd/server/handler/buyer.go:94.17,97.4 2 0
github.com/extmatperez/meli_bootcamp_go_w2-3/cmd/server/handler/buyer.go:98.3,98.46 1 0
github.com/extmatperez/meli_bootcamp_go_w2-3/cmd/server/handler/buyer.go:110.52,111.30 1 0
github.com/extmatperez/meli_bootcamp_go_w2-3/cmd/server/handler/buyer.go:111.30,113.19 2 0
github.com/extmatperez/meli_bootcamp_go_w2-3/cmd/server/handler/buyer.go:113.19,116.4 2 0
github.com/extmatperez/meli_bootcamp_go_w2-3/cmd/server/handler/buyer.go:117.3,119.21 3 0
github.com/extmatperez/meli_bootcamp_go_w2-3/cmd/server/handler/buyer.go:119.21,122.4 2 0
github.com/extmatperez/meli_bootcamp_go_w2-3/cmd/server/handler/buyer.go:123.3,123.95 1 0
github.com/extmatperez/meli_bootcamp_go_w2-3/cmd/server/handler/buyer.go:123.95,126.4 2 0
github.com/extmatperez/meli_bootcamp_go_w2-3/cmd/server/handler/buyer.go:127.3,133.17 2 0
github.com/extmatperez/meli_bootcamp_go_w2-3/cmd/server/handler/buyer.go:133.17,136.4 2 0
github.com/extmatperez/meli_bootcamp_go_w2-3/cmd/server/handler/buyer.go:137.3,138.20 2 0
github.com/extmatperez/meli_bootcamp_go_w2-3/cmd/server/handler/buyer.go:138.20,140.21 2 0
github.com/extmatperez/meli_bootcamp_go_w2-3/cmd/server/handler/buyer.go:140.21,143.5 2 0
github.com/extmatperez/meli_bootcamp_go_w2-3/cmd/server/handler/buyer.go:144.4,145.10 2 0
github.com/extmatperez/meli_bootcamp_go_w2-3/cmd/server/handler/buyer.go:147.3,147.42 1 0
github.com/extmatperez/meli_bootcamp_go_w2-3/cmd/server/handler/buyer.go:158.52,159.30 1 0
github.com/extmatperez/meli_bootcamp_go_w2-3/cmd/server/handler/buyer.go:159.30,161.19 2 0
github.com/extmatperez/meli_bootcamp_go_w2-3/cmd/server/handler/buyer.go:161.19,164.4 2 0
github.com/extmatperez/meli_bootcamp_go_w2-3/cmd/server/handler/buyer.go:165.3,166.17 2 0
github.com/extmatperez/meli_bootcamp_go_w2-3/cmd/server/handler/buyer.go:166.17,168.21 2 0
github.com/extmatperez/meli_bootcamp_go_w2-3/cmd/server/handler/buyer.go:168.21,171.5 2 0
github.com/extmatperez/meli_bootcamp_go_w2-3/cmd/server/handler/buyer.go:172.4,173.10 2 0
github.com/extmatperez/meli_bootcamp_go_w2-3/cmd/server/handler/buyer.go:175.3,175.43 1 0
github.com/extmatperez/meli_bootcamp_go_w2-3/cmd/server/handler/employee.go:19.48,23.2 1 0
github.com/extmatperez/meli_bootcamp_go_w2-3/cmd/server/handler/employee.go:34.42,35.30 1 0
github.com/extmatperez/meli_bootcamp_go_w2-3/cmd/server/handler/employee.go:35.30,37.17 2 0
github.com/extmatperez/meli_bootcamp_go_w2-3/cmd/server/handler/employee.go:37.17,40.4 2 0
github.com/extmatperez/meli_bootcamp_go_w2-3/cmd/server/handler/employee.go:41.3,42.17 2 0
github.com/extmatperez/meli_bootcamp_go_w2-3/cmd/server/handler/employee.go:42.17,43.44 1 0
github.com/extmatperez/meli_bootcamp_go_w2-3/cmd/server/handler/employee.go:43.44,46.5 2 0
github.com/extmatperez/meli_bootcamp_go_w2-3/cmd/server/handler/employee.go:48.4,49.10 2 0
github.com/extmatperez/meli_bootcamp_go_w2-3/cmd/server/handler/employee.go:51.3,51.45 1 0
github.com/extmatperez/meli_bootcamp_go_w2-3/cmd/server/handler/employee.go:63.45,64.30 1 0
github.com/extmatperez/meli_bootcamp_go_w2-3/cmd/server/handler/employee.go:64.30,66.17 2 0
github.com/extmatperez/meli_bootcamp_go_w2-3/cmd/server/handler/employee.go:66.17,69.4 2 0
github.com/extmatperez/meli_bootcamp_go_w2-3/cmd/server/handler/employee.go:70.3,70.43 1 0
github.com/extmatperez/meli_bootcamp_go_w2-3/cmd/server/handler/employee.go:83.45,84.30 1 0
github.com/extmatperez/meli_bootcamp_go_w2-3/cmd/server/handler/employee.go:84.30,87.17 3 0
github.com/extmatperez/meli_bootcamp_go_w2-3/cmd/server/handler/employee.go:87.17,90.4 2 0
github.com/extmatperez/meli_bootcamp_go_w2-3/cmd/server/handler/employee.go:91.3,91.138 1 0
github.com/extmatperez/meli_bootcamp_go_w2-3/cmd/server/handler/employee.go:91.138,94.4 2 0
github.com/extmatperez/meli_bootcamp_go_w2-3/cmd/server/handler/employee.go:95.3,96.17 2 0
github.com/extmatperez/meli_bootcamp_go_w2-3/cmd/server/handler/employee.go:96.17,99.4 2 0
github.com/extmatperez/meli_bootcamp_go_w2-3/cmd/server/handler/employee.go:100.3,101.52 2 0
github.com/extmatperez/meli_bootcamp_go_w2-3/cmd/server/handler/employee.go:115.45,116.30 1 0
github.com/extmatperez/meli_bootcamp_go_w2-3/cmd/server/handler/employee.go:116.30,118.19 2 0
github.com/extmatperez/meli_bootcamp_go_w2-3/cmd/server/handler/employee.go:118.19,121.4 2 0
github.com/extmatperez/meli_bootcamp_go_w2-3/cmd/server/handler/employee.go:123.3,125.17 3 0
github.com/extmatperez/meli_bootcamp_go_w2-3/cmd/server/handler/employee.go:125.17,128.4 2 0
github.com/extmatperez/meli_bootcamp_go_w2-3/cmd/server/handler/employee.go:129.3,129.138 1 0
github.com/extmatperez/meli_bootcamp_go_w2-3/cmd/server/handler/employee.go:129.138,132.4 2 0
github.com/extmatperez/meli_bootcamp_go_w2-3/cmd/server/handler/employee.go:134.3,142.17 3 0
github.com/extmatperez/meli_bootcamp_go_w2-3/cmd/server/handler/employee.go:142.17,143.44 1 0
github.com/extmatperez/meli_bootcamp_go_w2-3/cmd/server/handler/employee.go:143.44,146.5 2 0
github.com/extmatperez/meli_bootcamp_go_w2-3/cmd/server/handler/employee.go:148.4,149.10 2 0
github.com/extmatperez/meli_bootcamp_go_w2-3/cmd/server/handler/employee.go:151.3,151.46 1 0
github.com/extmatperez/meli_bootcamp_go_w2-3/cmd/server/handler/employee.go:164.45,165.30 1 0
github.com/extmatperez/meli_bootcamp_go_w2-3/cmd/server/handler/employee.go:165.30,168.17 2 0
github.com/extmatperez/meli_bootcamp_go_w2-3/cmd/server/handler/employee.go:168.17,171.4 2 0
github.com/extmatperez/meli_bootcamp_go_w2-3/cmd/server/handler/employee.go:173.3,175.17 2 0
github.com/extmatperez/meli_bootcamp_go_w2-3/cmd/server/handler/employee.go:175.17,176.44 1 0
github.com/extmatperez/meli_bootcamp_go_w2-3/cmd/server/handler/employee.go:176.44,179.5 2 0
github.com/extmatperez/meli_bootcamp_go_w2-3/cmd/server/handler/employee.go:181.4,182.10 2 0
github.com/extmatperez/meli_bootcamp_go_w2-3/cmd/server/handler/employee.go:185.3,185.44 1 0
github.com/extmatperez/meli_bootcamp_go_w2-3/cmd/server/handler/product.go:18.55,22.2 1 0
github.com/extmatperez/meli_bootcamp_go_w2-3/cmd/server/handler/product.go:31.54,32.30 1 0
github.com/extmatperez/meli_bootcamp_go_w2-3/cmd/server/handler/product.go:32.30,34.17 2 0
github.com/extmatperez/meli_bootcamp_go_w2-3/cmd/server/handler/product.go:34.17,37.4 2 0
github.com/extmatperez/meli_bootcamp_go_w2-3/cmd/server/handler/product.go:38.3,38.42 1 0
github.com/extmatperez/meli_bootcamp_go_w2-3/cmd/server/handler/product.go:50.51,51.30 1 0
github.com/extmatperez/meli_bootcamp_go_w2-3/cmd/server/handler/product.go:51.30,53.17 2 0
github.com/extmatperez/meli_bootcamp_go_w2-3/cmd/server/handler/product.go:53.17,56.4 2 0
github.com/extmatperez/meli_bootcamp_go_w2-3/cmd/server/handler/product.go:58.3,59.17 2 0
github.com/extmatperez/meli_bootcamp_go_w2-3/cmd/server/handler/product.go:59.17,60.51 1 0
github.com/extmatperez/meli_bootcamp_go_w2-3/cmd/server/handler/product.go:60.51,63.5 2 0
github.com/extmatperez/meli_bootcamp_go_w2-3/cmd/server/handler/product.go:65.4,66.10 2 0
github.com/extmatperez/meli_bootcamp_go_w2-3/cmd/server/handler/product.go:68.3,68.41 1 0
github.com/extmatperez/meli_bootcamp_go_w2-3/cmd/server/handler/product.go:80.54,81.30 1 0
github.com/extmatperez/meli_bootcamp_go_w2-3/cmd/server/handler/product.go:81.30,85.17 3 0
github.com/extmatperez/meli_bootcamp_go_w2-3/cmd/server/handler/product.go:85.17,88.4 2 0
github.com/extmatperez/meli_bootcamp_go_w2-3/cmd/server/handler/product.go:90.3,90.294 1 0
github.com/extmatperez/meli_bootcamp_go_w2-3/cmd/server/handler/product.go:90.294,93.4 2 0
github.com/extmatperez/meli_bootcamp_go_w2-3/cmd/server/handler/product.go:95.3,110.17 3 0
github.com/extmatperez/meli_bootcamp_go_w2-3/cmd/server/handler/product.go:110.17,113.4 2 0
github.com/extmatperez/meli_bootcamp_go_w2-3/cmd/server/handler/product.go:114.3,115.50 2 0
github.com/extmatperez/meli_bootcamp_go_w2-3/cmd/server/handler/product.go:128.54,129.30 1 0
github.com/extmatperez/meli_bootcamp_go_w2-3/cmd/server/handler/product.go:129.30,132.19 2 0
github.com/extmatperez/meli_bootcamp_go_w2-3/cmd/server/handler/product.go:132.19,135.4 2 0
github.com/extmatperez/meli_bootcamp_go_w2-3/cmd/server/handler/product.go:137.3,139.17 3 0
github.com/extmatperez/meli_bootcamp_go_w2-3/cmd/server/handler/product.go:139.17,142.4 2 0
github.com/extmatperez/meli_bootcamp_go_w2-3/cmd/server/handler/product.go:144.3,144.294 1 0
github.com/extmatperez/meli_bootcamp_go_w2-3/cmd/server/handler/product.go:144.294,147.4 2 0
github.com/extmatperez/meli_bootcamp_go_w2-3/cmd/server/handler/product.go:149.3,166.17 3 0
github.com/extmatperez/meli_bootcamp_go_w2-3/cmd/server/handler/product.go:166.17,167.43 1 0
github.com/extmatperez/meli_bootcamp_go_w2-3/cmd/server/handler/product.go:167.43,170.5 2 0
github.com/extmatperez/meli_bootcamp_go_w2-3/cmd/server/handler/product.go:171.4,172.10 2 0
github.com/extmatperez/meli_bootcamp_go_w2-3/cmd/server/handler/product.go:174.3,174.45 1 0
github.com/extmatperez/meli_bootcamp_go_w2-3/cmd/server/handler/product.go:187.54,188.30 1 0
github.com/extmatperez/meli_bootcamp_go_w2-3/cmd/server/handler/product.go:188.30,191.17 2 0
github.com/extmatperez/meli_bootcamp_go_w2-3/cmd/server/handler/product.go:191.17,194.4 2 0
github.com/extmatperez/meli_bootcamp_go_w2-3/cmd/server/handler/product.go:195.3,197.17 2 0
github.com/extmatperez/meli_bootcamp_go_w2-3/cmd/server/handler/product.go:197.17,200.23 2 0
github.com/extmatperez/meli_bootcamp_go_w2-3/cmd/server/handler/product.go:200.23,203.5 2 0
github.com/extmatperez/meli_bootcamp_go_w2-3/cmd/server/handler/product.go:204.4,205.10 2 0
github.com/extmatperez/meli_bootcamp_go_w2-3/cmd/server/handler/product.go:208.3,208.44 1 0
github.com/extmatperez/meli_bootcamp_go_w2-3/cmd/server/handler/section.go:18.55,22.2 1 1
github.com/extmatperez/meli_bootcamp_go_w2-3/cmd/server/handler/section.go:32.54,33.30 1 1
github.com/extmatperez/meli_bootcamp_go_w2-3/cmd/server/handler/section.go:33.30,35.17 2 1
github.com/extmatperez/meli_bootcamp_go_w2-3/cmd/server/handler/section.go:35.17,38.4 2 0
github.com/extmatperez/meli_bootcamp_go_w2-3/cmd/server/handler/section.go:39.3,39.42 1 1
github.com/extmatperez/meli_bootcamp_go_w2-3/cmd/server/handler/section.go:52.51,53.30 1 0
github.com/extmatperez/meli_bootcamp_go_w2-3/cmd/server/handler/section.go:53.30,55.17 2 0
github.com/extmatperez/meli_bootcamp_go_w2-3/cmd/server/handler/section.go:55.17,58.4 2 0
github.com/extmatperez/meli_bootcamp_go_w2-3/cmd/server/handler/section.go:59.3,60.17 2 0
github.com/extmatperez/meli_bootcamp_go_w2-3/cmd/server/handler/section.go:60.17,61.42 1 0
github.com/extmatperez/meli_bootcamp_go_w2-3/cmd/server/handler/section.go:61.42,64.5 2 0
github.com/extmatperez/meli_bootcamp_go_w2-3/cmd/server/handler/section.go:66.4,67.10 2 0
github.com/extmatperez/meli_bootcamp_go_w2-3/cmd/server/handler/section.go:69.3,69.41 1 0
github.com/extmatperez/meli_bootcamp_go_w2-3/cmd/server/handler/section.go:82.54,83.30 1 0
github.com/extmatperez/meli_bootcamp_go_w2-3/cmd/server/handler/section.go:83.30,86.17 3 0
github.com/extmatperez/meli_bootcamp_go_w2-3/cmd/server/handler/section.go:86.17,89.4 2 0
github.com/extmatperez/meli_bootcamp_go_w2-3/cmd/server/handler/section.go:91.3,91.10 1 0
github.com/extmatperez/meli_bootcamp_go_w2-3/cmd/server/handler/section.go:92.40,94.10 2 0
github.com/extmatperez/meli_bootcamp_go_w2-3/cmd/server/handler/section.go:95.45,97.10 2 0
github.com/extmatperez/meli_bootcamp_go_w2-3/cmd/server/handler/section.go:98.45,100.10 2 0
github.com/extmatperez/meli_bootcamp_go_w2-3/cmd/server/handler/section.go:101.42,103.10 2 0
github.com/extmatperez/meli_bootcamp_go_w2-3/cmd/server/handler/section.go:104.42,106.10 2 0
github.com/extmatperez/meli_bootcamp_go_w2-3/cmd/server/handler/section.go:107.42,109.10 2 0
github.com/extmatperez/meli_bootcamp_go_w2-3/cmd/server/handler/section.go:110.38,112.10 2 0
github.com/extmatperez/meli_bootcamp_go_w2-3/cmd/server/handler/section.go:113.40,115.10 2 0
github.com/extmatperez/meli_bootcamp_go_w2-3/cmd/server/handler/section.go:118.3,119.17 2 0
github.com/extmatperez/meli_bootcamp_go_w2-3/cmd/server/handler/section.go:119.17,120.47 1 0
github.com/extmatperez/meli_bootcamp_go_w2-3/cmd/server/handler/section.go:120.47,123.5 2 0
github.com/extmatperez/meli_bootcamp_go_w2-3/cmd/server/handler/section.go:124.4,125.10 2 0
github.com/extmatperez/meli_bootcamp_go_w2-3/cmd/server/handler/section.go:127.3,127.48 1 0
github.com/extmatperez/meli_bootcamp_go_w2-3/cmd/server/handler/section.go:141.54,142.30 1 0
github.com/extmatperez/meli_bootcamp_go_w2-3/cmd/server/handler/section.go:142.30,144.17 2 0
github.com/extmatperez/meli_bootcamp_go_w2-3/cmd/server/handler/section.go:144.17,147.4 2 0
github.com/extmatperez/meli_bootcamp_go_w2-3/cmd/server/handler/section.go:149.3,151.17 3 0
github.com/extmatperez/meli_bootcamp_go_w2-3/cmd/server/handler/section.go:151.17,154.4 2 0
github.com/extmatperez/meli_bootcamp_go_w2-3/cmd/server/handler/section.go:155.3,166.10 2 0
github.com/extmatperez/meli_bootcamp_go_w2-3/cmd/server/handler/section.go:167.40,169.10 2 0
github.com/extmatperez/meli_bootcamp_go_w2-3/cmd/server/handler/section.go:170.45,172.10 2 0
github.com/extmatperez/meli_bootcamp_go_w2-3/cmd/server/handler/section.go:173.45,175.10 2 0
github.com/extmatperez/meli_bootcamp_go_w2-3/cmd/server/handler/section.go:176.42,178.10 2 0
github.com/extmatperez/meli_bootcamp_go_w2-3/cmd/server/handler/section.go:179.42,181.10 2 0
github.com/extmatperez/meli_bootcamp_go_w2-3/cmd/server/handler/section.go:182.42,184.10 2 0
github.com/extmatperez/meli_bootcamp_go_w2-3/cmd/server/handler/section.go:185.38,187.10 2 0
github.com/extmatperez/meli_bootcamp_go_w2-3/cmd/server/handler/section.go:188.40,190.10 2 0
github.com/extmatperez/meli_bootcamp_go_w2-3/cmd/server/handler/section.go:193.3,194.17 2 0
github.com/extmatperez/meli_bootcamp_go_w2-3/cmd/server/handler/section.go:194.17,195.47 1 0
github.com/extmatperez/meli_bootcamp_go_w2-3/cmd/server/handler/section.go:195.47,198.5 2 0
github.com/extmatperez/meli_bootcamp_go_w2-3/cmd/server/handler/section.go:199.4,200.10 2 0
github.com/extmatperez/meli_bootcamp_go_w2-3/cmd/server/handler/section.go:203.3,203.48 1 0
github.com/extmatperez/meli_bootcamp_go_w2-3/cmd/server/handler/section.go:217.54,218.30 1 0
github.com/extmatperez/meli_bootcamp_go_w2-3/cmd/server/handler/section.go:218.30,220.17 2 0
github.com/extmatperez/meli_bootcamp_go_w2-3/cmd/server/handler/section.go:220.17,223.4 2 0
github.com/extmatperez/meli_bootcamp_go_w2-3/cmd/server/handler/section.go:224.3,225.17 2 0
github.com/extmatperez/meli_bootcamp_go_w2-3/cmd/server/handler/section.go:225.17,226.43 1 0
github.com/extmatperez/meli_bootcamp_go_w2-3/cmd/server/handler/section.go:226.43,229.5 2 0
github.com/extmatperez/meli_bootcamp_go_w2-3/cmd/server/handler/section.go:230.4,231.10 2 0
github.com/extmatperez/meli_bootcamp_go_w2-3/cmd/server/handler/section.go:233.3,233.44 1 0
github.com/extmatperez/meli_bootcamp_go_w2-3/cmd/server/handler/seller.go:18.52,22.2 1 0
github.com/extmatperez/meli_bootcamp_go_w2-3/cmd/server/handler/seller.go:32.53,33.30 1 0
github.com/extmatperez/meli_bootcamp_go_w2-3/cmd/server/handler/seller.go:33.30,35.17 2 0
github.com/extmatperez/meli_bootcamp_go_w2-3/cmd/server/handler/seller.go:35.17,38.4 2 0
github.com/extmatperez/meli_bootcamp_go_w2-3/cmd/server/handler/seller.go:39.3,39.41 1 0
github.com/extmatperez/meli_bootcamp_go_w2-3/cmd/server/handler/seller.go:52.50,53.30 1 0
github.com/extmatperez/meli_bootcamp_go_w2-3/cmd/server/handler/seller.go:53.30,55.17 2 0
github.com/extmatperez/meli_bootcamp_go_w2-3/cmd/server/handler/seller.go:55.17,58.4 2 0
github.com/extmatperez/meli_bootcamp_go_w2-3/cmd/server/handler/seller.go:59.3,60.17 2 0
github.com/extmatperez/meli_bootcamp_go_w2-3/cmd/server/handler/seller.go:60.17,61.42 1 0
github.com/extmatperez/meli_bootcamp_go_w2-3/cmd/server/handler/seller.go:61.42,64.5 2 0
github.com/extmatperez/meli_bootcamp_go_w2-3/cmd/server/handler/seller.go:66.4,67.10 2 0
github.com/extmatperez/meli_bootcamp_go_w2-3/cmd/server/handler/seller.go:69.3,69.43 1 0
github.com/extmatperez/meli_bootcamp_go_w2-3/cmd/server/handler/seller.go:82.53,83.30 1 0
github.com/extmatperez/meli_bootcamp_go_w2-3/cmd/server/handler/seller.go:83.30,86.17 3 0
github.com/extmatperez/meli_bootcamp_go_w2-3/cmd/server/handler/seller.go:86.17,89.4 2 0
github.com/extmatperez/meli_bootcamp_go_w2-3/cmd/server/handler/seller.go:91.3,91.120 1 0
github.com/extmatperez/meli_bootcamp_go_w2-3/cmd/server/handler/seller.go:91.120,94.4 2 0
github.com/extmatperez/meli_bootcamp_go_w2-3/cmd/server/handler/seller.go:96.3,103.17 3 0
github.com/extmatperez/meli_bootcamp_go_w2-3/cmd/server/handler/seller.go:103.17,106.4 2 0
github.com/extmatperez/meli_bootcamp_go_w2-3/cmd/server/handler/seller.go:108.3,109.49 2 0
github.com/extmatperez/meli_bootcamp_go_w2-3/cmd/server/handler/seller.go:123.53,124.30 1 0
github.com/extmatperez/meli_bootcamp_go_w2-3/cmd/server/handler/seller.go:124.30,126.19 2 0
github.com/extmatperez/meli_bootcamp_go_w2-3/cmd/server/handler/seller.go:126.19,129.4 2 0
github.com/extmatperez/meli_bootcamp_go_w2-3/cmd/server/handler/seller.go:131.3,133.17 3 0
github.com/extmatperez/meli_bootcamp_go_w2-3/cmd/server/handler/seller.go:133.17,136.4 2 0
github.com/extmatperez/meli_bootcamp_go_w2-3/cmd/server/handler/seller.go:138.3,138.120 1 0
github.com/extmatperez/meli_bootcamp_go_w2-3/cmd/server/handler/seller.go:138.120,141.4 2 0
github.com/extmatperez/meli_bootcamp_go_w2-3/cmd/server/handler/seller.go:143.3,152.17 3 0
github.com/extmatperez/meli_bootcamp_go_w2-3/cmd/server/handler/seller.go:152.17,153.42 1 0
github.com/extmatperez/meli_bootcamp_go_w2-3/cmd/server/handler/seller.go:153.42,156.5 2 0
github.com/extmatperez/meli_bootcamp_go_w2-3/cmd/server/handler/seller.go:158.4,159.10 2 0
github.com/extmatperez/meli_bootcamp_go_w2-3/cmd/server/handler/seller.go:162.3,162.44 1 0
github.com/extmatperez/meli_bootcamp_go_w2-3/cmd/server/handler/seller.go:175.53,176.30 1 0
github.com/extmatperez/meli_bootcamp_go_w2-3/cmd/server/handler/seller.go:176.30,179.17 2 0
github.com/extmatperez/meli_bootcamp_go_w2-3/cmd/server/handler/seller.go:179.17,182.4 2 0
github.com/extmatperez/meli_bootcamp_go_w2-3/cmd/server/handler/seller.go:184.3,186.17 2 0
github.com/extmatperez/meli_bootcamp_go_w2-3/cmd/server/handler/seller.go:186.17,187.42 1 0
github.com/extmatperez/meli_bootcamp_go_w2-3/cmd/server/handler/seller.go:187.42,190.5 2 0
github.com/extmatperez/meli_bootcamp_go_w2-3/cmd/server/handler/seller.go:192.4,193.10 2 0
github.com/extmatperez/meli_bootcamp_go_w2-3/cmd/server/handler/seller.go:196.3,196.44 1 0
github.com/extmatperez/meli_bootcamp_go_w2-3/cmd/server/handler/warehouse.go:18.61,22.2 1 0
github.com/extmatperez/meli_bootcamp_go_w2-3/cmd/server/handler/warehouse.go:33.53,34.30 1 0
github.com/extmatperez/meli_bootcamp_go_w2-3/cmd/server/handler/warehouse.go:34.30,36.17 2 0
github.com/extmatperez/meli_bootcamp_go_w2-3/cmd/server/handler/warehouse.go:36.17,39.4 2 0
github.com/extmatperez/meli_bootcamp_go_w2-3/cmd/server/handler/warehouse.go:41.3,42.17 2 0
github.com/extmatperez/meli_bootcamp_go_w2-3/cmd/server/handler/warehouse.go:42.17,43.45 1 0
github.com/extmatperez/meli_bootcamp_go_w2-3/cmd/server/handler/warehouse.go:43.45,46.5 2 0
github.com/extmatperez/meli_bootcamp_go_w2-3/cmd/server/handler/warehouse.go:48.4,49.10 2 0
github.com/extmatperez/meli_bootcamp_go_w2-3/cmd/server/handler/warehouse.go:51.3,51.46 1 0
github.com/extmatperez/meli_bootcamp_go_w2-3/cmd/server/handler/warehouse.go:63.56,64.30 1 0
github.com/extmatperez/meli_bootcamp_go_w2-3/cmd/server/handler/warehouse.go:64.30,66.17 2 0
github.com/extmatperez/meli_bootcamp_go_w2-3/cmd/server/handler/warehouse.go:66.17,69.4 2 0
github.com/extmatperez/meli_bootcamp_go_w2-3/cmd/server/handler/warehouse.go:70.3,70.44 1 0
github.com/extmatperez/meli_bootcamp_go_w2-3/cmd/server/handler/warehouse.go:83.56,84.30 1 0
github.com/extmatperez/meli_bootcamp_go_w2-3/cmd/server/handler/warehouse.go:84.30,87.17 3 0
github.com/extmatperez/meli_bootcamp_go_w2-3/cmd/server/handler/warehouse.go:87.17,90.4 2 0
github.com/extmatperez/meli_bootcamp_go_w2-3/cmd/server/handler/warehouse.go:92.3,92.10 1 0
github.com/extmatperez/meli_bootcamp_go_w2-3/cmd/server/handler/warehouse.go:93.37,95.10 2 0
github.com/extmatperez/meli_bootcamp_go_w2-3/cmd/server/handler/warehouse.go:96.43,98.10 2 0
github.com/extmatperez/meli_bootcamp_go_w2-3/cmd/server/handler/warehouse.go:99.46,101.10 2 0
github.com/extmatperez/meli_bootcamp_go_w2-3/cmd/server/handler/warehouse.go:102.39,104.10 2 0
github.com/extmatperez/meli_bootcamp_go_w2-3/cmd/server/handler/warehouse.go:105.43,107.10 2 0
github.com/extmatperez/meli_bootcamp_go_w2-3/cmd/server/handler/warehouse.go:110.3,111.17 2 0
github.com/extmatperez/meli_bootcamp_go_w2-3/cmd/server/handler/warehouse.go:111.17,112.47 1 0
github.com/extmatperez/meli_bootcamp_go_w2-3/cmd/server/handler/warehouse.go:112.47,115.5 2 0
github.com/extmatperez/meli_bootcamp_go_w2-3/cmd/server/handler/warehouse.go:116.4,117.10 2 0
github.com/extmatperez/meli_bootcamp_go_w2-3/cmd/server/handler/warehouse.go:120.3,120.50 1 0
github.com/extmatperez/meli_bootcamp_go_w2-3/cmd/server/handler/warehouse.go:133.56,134.30 1 0
github.com/extmatperez/meli_bootcamp_go_w2-3/cmd/server/handler/warehouse.go:134.30,137.17 2 0
github.com/extmatperez/meli_bootcamp_go_w2-3/cmd/server/handler/warehouse.go:137.17,140.4 2 0
github.com/extmatperez/meli_bootcamp_go_w2-3/cmd/server/handler/warehouse.go:142.3,144.17 2 0
github.com/extmatperez/meli_bootcamp_go_w2-3/cmd/server/handler/warehouse.go:144.17,145.45 1 0
github.com/extmatperez/meli_bootcamp_go_w2-3/cmd/server/handler/warehouse.go:145.45,148.5 2 0
github.com/extmatperez/meli_bootcamp_go_w2-3/cmd/server/handler/warehouse.go:150.4,151.10 2 0
github.com/extmatperez/meli_bootcamp_go_w2-3/cmd/server/handler/warehouse.go:154.3,154.44 1 0
github.com/extmatperez/meli_bootcamp_go_w2-3/cmd/server/handler/warehouse.go:168.56,169.30 1 0
github.com/extmatperez/meli_bootcamp_go_w2-3/cmd/server/handler/warehouse.go:169.30,171.19 2 0
github.com/extmatperez/meli_bootcamp_go_w2-3/cmd/server/handler/warehouse.go:171.19,174.4 2 0
github.com/extmatperez/meli_bootcamp_go_w2-3/cmd/server/handler/warehouse.go:176.3,178.17 3 0
github.com/extmatperez/meli_bootcamp_go_w2-3/cmd/server/handler/warehouse.go:178.17,181.4 2 0
github.com/extmatperez/meli_bootcamp_go_w2-3/cmd/server/handler/warehouse.go:183.3,183.10 1 0
github.com/extmatperez/meli_bootcamp_go_w2-3/cmd/server/handler/warehouse.go:184.37,186.10 2 0
github.com/extmatperez/meli_bootcamp_go_w2-3/cmd/server/handler/warehouse.go:187.43,189.10 2 0
github.com/extmatperez/meli_bootcamp_go_w2-3/cmd/server/handler/warehouse.go:190.46,192.10 2 0
github.com/extmatperez/meli_bootcamp_go_w2-3/cmd/server/handler/warehouse.go:193.39,195.10 2 0
github.com/extmatperez/meli_bootcamp_go_w2-3/cmd/server/handler/warehouse.go:196.43,198.10 2 0
github.com/extmatperez/meli_bootcamp_go_w2-3/cmd/server/handler/warehouse.go:201.3,211.17 3 0
github.com/extmatperez/meli_bootcamp_go_w2-3/cmd/server/handler/warehouse.go:211.17,212.45 1 0
github.com/extmatperez/meli_bootcamp_go_w2-3/cmd/server/handler/warehouse.go:212.45,215.5 2 0
github.com/extmatperez/meli_bootcamp_go_w2-3/cmd/server/handler/warehouse.go:217.4,218.10 2 0
github.com/extmatperez/meli_bootcamp_go_w2-3/cmd/server/handler/warehouse.go:221.3,221.47 1 0
